718
121 91
122 92
123 93
124 94
125 95
126 96
127 97
128 98
129 99
130 100
131 101
132 102
133 103
134 104
135 105
136 106
136 107
136 108
137 108
138 108
139 108
140 108
141 108
142 108
143 108
144 108
145 108
146 108
147 108
148 108
149 108
150 108
151 108
152 108
153 108
154 108
155 108
156 108
157 108
158 107
159 106
160 105
161 104
162 103
163 102
164 101
165 100
166 99
167 98
168 97
169 97
170 97
171 97
172 97
173 97
174 97
175 97
176 97
177 97
178 97
179 97
180 97
181 97
181 96
181 95
181 94
181 93
181 92
181 91
181 90
181 89
181 88
181 87
181 86
181 85
181 84
181 83
181 82
181 81
181 80
181 79
181 78
181 77
181 76
181 75
181 74
181 73
181 72
181 71
181 70
181 69
181 68
181 67
181 66
181 65
181 64
181 63
181 62
181 61
181 60
181 59
181 58
181 57
181 56
181 55
180 54
179 53
178 52
177 51
176 50
175 49
174 48
173 47
172 46
171 45
170 44
170 43
170 42
170 41
170 40
170 39
170 38
170 37
170 36
170 35
170 34
169 34
168 34
167 34
166 34
165 34
164 34
163 34
162 34
161 34
160 34
159 34
158 34
157 34
156 34
155 34
154 34
153 34
152 34
151 34
150 34
149 34
148 34
147 34
146 34
145 34
144 34
143 34
142 34
141 34
140 34
139 34
138 34
137 34
136 34
135 34
134 34
133 34
132 34
131 34
130 34
129 34
128 34
127 34
126 34
125 34
124 34
123 34
122 34
121 34
120 34
119 34
118 34
117 34
116 34
115 34
114 34
113 34
112 34
111 34
110 34
109 34
108 34
107 34
106 34
105 34
104 34
103 34
102 34
101 34
100 34
99 34
98 34
97 34
96 34
95 34
94 34
93 34
92 34
91 34
90 34
89 34
88 34
87 34
86 34
85 34
84 34
83 34
82 34
81 34
80 34
79 34
78 34
77 34
76 34
75 34
74 34
73 34
72 34
71 34
70 34
69 34
68 34
67 34
66 34
65 34
66 35
67 36
68 37
69 38
70 39
71 40
71 41
71 42
71 43
71 44
71 45
71 46
71 47
71 48
71 49
71 50
71 51
71 52
71 53
71 54
71 55
71 56
72 56
73 56
74 56
75 56
76 56
77 56
78 56
79 56
80 56
81 56
82 56
83 56
84 56
85 56
86 56
87 56
88 56
89 56
90 56
91 56
92 56
91 57
90 58
89 59
88 60
87 61
86 62
85 63
84 64
83 65
82 66
81 67
80 68
79 69
78 70
77 71
76 72
75 73
74 74
73 75
72 76
71 77
70 78
69 79
68 80
67 81
66 82
65 83
64 84
63 85
62 86
61 86
60 86
59 86
58 86
57 86
56 86
55 86
54 86
53 86
52 86
51 86
52 87
53 88
54 89
55 90
56 91
57 92
58 93
59 94
60 95
61 96
62 97
63 98
64 99
65 100
66 101
67 102
68 103
69 104
70 105
71 106
71 107
71 108
72 108
73 108
74 108
75 108
76 108
77 108
78 108
79 108
80 108
81 108
82 108
83 108
84 108
85 108
86 108
87 108
88 108
89 108
90 108
91 108
92 108
93 109
94 110
95 111
96 112
97 113
98 114
99 115
100 116
101 117
102 118
103 119
104 120
105 121
106 122
107 123
108 124
109 125
110 126
111 127
112 128
112 129
112 130
112 131
112 132
112 133
112 134
112 135
112 136
112 137
112 138
112 139
112 140
112 141
112 142
112 143
113 143
114 143
115 143
116 143
117 143
118 143
119 143
120 143
121 143
122 143
123 143
124 143
125 143
126 143
127 143
128 143
129 143
130 143
131 143
132 143
133 143
134 143
135 143
136 143
137 143
138 143
139 143
140 143
141 143
142 143
143 143
144 143
145 143
146 143
147 143
148 143
149 143
150 143
151 143
152 143
153 143
154 143
155 143
156 143
157 143
158 143
159 143
160 143
161 143
162 143
163 143
164 143
165 143
166 143
167 143
168 143
169 143
170 143
171 143
172 143
173 142
174 141
175 140
176 139
177 138
178 137
179 136
180 135
181 134
181 133
181 132
181 131
181 130
181 129
181 128
181 127
181 126
181 125
181 124
181 123
181 122
181 121
181 120
181 119
181 118
182 117
183 116
184 115
185 115
186 115
187 115
188 115
189 115
190 115
191 115
192 115
193 115
194 115
195 115
196 115
197 115
198 115
199 115
200 115
201 115
202 115
203 115
204 115
204 114
204 113
204 112
204 111
204 110
204 109
204 108
204 107
204 106
204 105
204 104
204 103
204 102
204 101
204 100
204 99
204 98
204 97
204 96
204 95
204 94
204 93
204 92
204 91
204 90
204 89
204 88
204 87
204 86
204 85
204 84
204 83
204 82
204 81
204 80
204 79
204 78
204 77
204 76
204 75
204 74
204 73
204 72
204 71
204 70
204 69
204 68
204 67
204 66
204 65
204 64
204 63
204 62
204 61
204 60
204 59
204 58
204 57
204 56
204 55
204 54
204 53
204 52
203 53
202 54
201 55
200 56
199 56
198 56
197 56
196 56
195 56
194 56
193 56
192 56
191 56
190 56
189 56
188 56
187 56
186 56
185 56
184 56
183 56
182 56
180 56
179 56
178 56
177 56
176 56
175 56
174 56
173 56
172 56
171 56
170 56
169 56
168 56
167 56
166 56
165 56
164 56
163 56
162 56
161 56
160 56
159 56
158 56
157 56
156 56
155 56
154 56
153 56
152 56
151 56
150 56
149 56
148 56
147 56
146 56
145 56
144 56
143 56
142 56
141 56
140 56
139 56
138 56
137 56
136 56
135 57
134 58
133 59
132 60
131 61
130 62
129 63
128 64
127 65
126 66
125 67
124 68
123 69
122 70
121 71
120 72
119 73
118 74
117 75
116 76
115 77
114 78
113 79
112 80
111 81
110 82
109 83
108 84
107 85
106 86
105 87
104 88
103 89
102 90
101 91
100 92
99 93
98 94
97 95
96 96
95 97
94 98
93 99
92 100
91 101
90 102
89 103
88 104
87 105
86 106
85 107
83 109
82 110
81 111
80 112
79 113
78 114
77 115
76 116
75 117
74 118
73 119
72 120
71 121
70 122
69 123
68 124
67 125
66 126
65 127
64 128
63 128
62 128
61 128
60 128
59 128
58 128
57 128
56 128
55 128
54 128
53 128
52 128
51 128
50 128
49 128
48 128
26
65 34
71 56
71 108
86 34
92 56
92 108
107 34
128 34
136 56
136 108
149 34
157 56
157 108
170 34
181 55
181 76
181 97
181 118
204 52
204 73
204 94
204 115
112 143
172 143
51 86
48 128
