4699
34 482
45 474
45 485
66 493
67 475
72 457
74 547
76 511
77 491
78 470
80 537
83 451
85 522
85 548
87 511
88 494
89 462
89 473
91 533
94 444
96 522
96 544
96 555
98 505
100 455
100 466
100 477
102 533
105 438
107 516
107 544
107 555
109 499
111 449
111 460
111 471
111 482
113 527
116 433
118 510
118 538
122 444
122 455
122 466
124 521
127 428
128 500
129 511
129 532
132 488
133 439
133 450
133 461
135 522
138 423
140 503
140 533
143 480
144 434
144 445
144 456
144 467
144 544
146 514
149 418
151 525
154 478
155 429
155 440
155 451
155 462
155 536
155 547
157 511
160 415
162 522
166 426
166 437
166 448
166 459
166 496
166 533
166 544
168 470
168 510
170 555
171 411
173 521
175 481
177 422
177 433
177 444
177 455
177 532
177 543
179 466
179 505
181 554
182 408
184 516
188 419
188 430
188 441
188 452
188 494
188 527
188 538
190 505
192 549
192 560
193 404
194 482
195 516
197 471
199 415
199 426
199 493
199 527
199 538
200 458
201 504
203 448
203 549
203 560
204 401
205 482
206 515
208 469
210 412
210 493
210 526
210 537
211 438
211 459
212 504
214 449
214 548
214 559
214 570
215 399
216 480
217 515
219 428
219 470
221 491
221 526
221 537
222 439
222 460
223 502
225 450
226 418
227 481
228 513
228 568
229 556
230 429
232 408
233 440
237 419
240 451
240 462
240 482
240 556
241 430
243 403
244 441
248 414
251 452
251 463
251 482
251 494
251 505
251 516
251 527
251 538
251 556
252 425
254 403
262 464
262 482
262 494
262 505
262 516
262 527
262 538
264 414
264 425
264 436
264 447
264 549
265 402
269 565
273 469
273 482
273 494
273 517
273 528
273 539
275 425
275 436
275 550
283 400
283 411
284 447
284 482
284 494
284 516
284 527
284 538
285 561
286 425
286 436
286 549
288 505
292 461
294 398
294 409
295 447
295 482
295 494
295 516
295 527
295 538
296 560
297 425
297 436
297 549
299 505
303 460
303 471
305 397
305 408
306 447
306 482
306 494
306 516
307 560
308 542
310 505
314 460
314 471
317 482
319 541
320 426
321 437
321 448
322 493
322 504
322 515
322 526
323 397
323 408
324 552
324 563
325 459
325 470
328 481
330 540
331 426
332 444
333 514
335 551
335 562
336 455
336 466
339 477
340 497
340 525
341 398
341 409
341 540
342 422
343 444
344 508
346 551
346 562
347 455
347 466
350 482
351 496
351 519
354 409
355 507
357 420
358 540
358 551
358 562
359 399
359 447
359 458
359 469
361 483
362 496
362 518
362 529
363 431
365 410
366 507
368 421
369 540
369 551
369 562
370 442
370 453
370 464
372 483
373 496
373 518
373 529
374 432
376 402
377 507
379 413
380 314
380 540
380 551
380 562
380 651
381 458
381 469
383 480
384 491
384 518
384 529
387 304
387 403
387 662
390 414
391 315
391 540
391 551
391 562
391 645
393 364
394 294
394 599
394 673
395 353
395 482
395 516
396 610
398 305
398 404
398 497
398 527
398 656
400 341
400 459
400 470
400 621
401 415
402 284
402 319
402 330
402 442
402 538
402 549
402 560
402 632
402 643
404 364
404 684
405 295
405 597
405 667
406 352
406 482
406 508
409 404
409 496
409 519
411 274
411 341
411 460
411 618
412 415
413 285
413 325
413 426
413 441
413 530
413 541
413 552
413 563
413 629
413 640
414 306
415 363
415 657
415 678
415 689
416 296
416 595
416 668
417 482
417 507
417 606
420 404
420 496
420 518
422 266
422 460
422 617
423 351
423 415
423 700
424 277
424 317
424 426
424 437
424 448
424 529
424 540
424 551
424 562
424 628
424 646
425 307
426 363
426 657
426 684
427 295
427 594
427 668
428 340
428 482
428 507
428 605
431 401
431 496
431 518
433 258
433 460
433 616
434 329
434 351
434 412
434 695
434 706
435 269
435 280
435 423
435 434
435 445
435 529
435 540
435 551
435 562
435 627
435 638
437 363
437 649
437 685
438 301
438 593
439 340
439 482
439 507
442 400
443 319
444 252
444 615
445 291
445 330
445 671
445 696
445 707
446 263
446 274
446 552
446 563
446 626
446 637
448 363
448 648
448 682
449 574
449 585
449 596
450 341
450 411
450 422
450 482
451 374
451 385
451 470
452 496
452 507
452 518
452 529
452 540
453 396
453 433
453 659
454 302
455 247
455 607
455 718
456 285
456 327
456 670
456 693
456 704
457 258
457 269
457 551
457 562
457 618
457 629
458 444
459 361
459 640
459 681
460 573
460 584
460 595
461 338
461 407
461 418
461 482
462 372
462 383
462 463
463 495
463 506
463 517
463 528
463 539
464 394
464 429
464 651
465 296
465 307
466 243
466 715
467 283
467 662
467 704
468 254
468 318
468 550
468 561
468 622
469 440
470 633
471 572
471 583
472 265
472 405
472 416
472 474
472 485
473 329
473 375
473 460
474 496
474 507
474 518
474 529
474 540
474 689
475 386
475 427
475 644
476 340
477 240
477 715
478 276
478 351
478 655
478 666
478 700
479 251
479 551
479 562
479 621
479 726
480 438
481 600
481 632
481 677
482 294
482 573
482 584
483 262
483 397
483 408
483 471
483 483
484 362
484 374
484 461
485 305
485 497
485 508
485 519
485 530
485 541
485 688
486 385
486 419
486 643
487 334
488 237
488 711
489 273
489 345
489 654
489 665
489 699
490 248
490 316
490 552
490 563
490 611
490 622
490 722
491 430
492 595
492 676
493 291
493 574
493 585
494 259
494 396
494 483
495 356
495 367
496 302
496 515
496 526
497 378
497 638
499 237
499 710
500 274
500 340
500 649
500 660
501 248
501 313
501 560
501 721
502 447
503 671
504 289
504 428
504 465
504 571
504 582
504 593
505 389
505 400
505 411
505 483
505 494
505 537
505 548
506 356
506 367
507 259
507 300
507 522
507 695
508 378
508 505
508 616
508 634
510 237
510 706
511 270
511 335
511 645
511 656
512 248
512 311
512 559
512 717
512 728
513 439
513 682
514 667
515 289
515 422
515 459
515 570
516 389
516 400
516 411
516 494
516 533
516 544
517 355
517 366
517 600
518 300
518 693
519 377
519 627
520 325
521 482
522 267
522 336
522 638
523 555
523 590
524 433
524 611
524 678
525 662
526 422
526 453
527 388
527 399
527 410
527 533
527 544
528 278
528 315
528 347
528 358
528 601
529 690
530 369
530 516
530 622
530 649
532 481
533 268
533 304
533 334
533 633
534 555
534 585
535 506
535 566
535 612
535 673
536 660
537 293
537 421
537 447
538 380
538 397
538 408
538 533
538 544
539 279
539 345
539 356
539 596
540 691
541 367
541 495
541 623
543 478
544 523
545 555
545 583
546 566
546 607
546 673
547 460
548 419
548 441
549 378
549 402
549 543
550 273
550 340
550 351
550 594
551 687
552 362
552 618
552 629
554 473
556 554
556 577
557 529
557 605
558 389
558 454
559 413
559 434
559 484
560 373
560 402
561 331
561 342
561 588
562 565
563 360
563 518
563 616
563 629
565 467
565 640
567 554
567 576
568 321
568 599
569 384
570 428
570 478
570 489
571 371
571 402
572 332
572 587
573 565
574 361
574 610
574 628
574 651
576 311
576 462
576 639
578 576
579 322
579 598
580 382
580 440
581 544
581 662
582 300
582 372
582 402
583 333
583 451
583 587
584 510
584 560
585 621
585 650
587 290
587 311
587 632
588 474
589 491
589 571
589 681
590 322
590 598
591 280
591 435
592 661
593 393
593 404
593 462
594 449
594 530
594 582
595 269
595 502
595 561
596 615
596 643
598 306
598 349
598 626
599 259
600 572
601 541
601 593
601 710
603 339
603 383
603 654
604 394
604 460
605 248
605 415
605 449
605 524
605 583
605 687
606 504
607 609
607 637
608 278
608 329
608 476
608 491
608 783
609 350
609 557
609 620
610 238
610 405
611 568
611 698
613 266
614 318
614 340
615 361
615 394
615 427
615 460
615 794
616 228
616 680
617 709
618 543
618 602
618 631
618 642
619 277
619 329
619 776
620 351
620 554
620 613
621 239
621 405
621 417
621 805
622 579
622 691
623 218
623 256
623 384
623 720
624 267
624 288
625 315
625 340
625 590
626 367
626 428
626 439
626 450
626 461
626 472
626 483
626 494
626 505
626 516
626 527
626 787
627 229
627 673
627 751
627 816
628 702
629 538
629 624
629 635
630 278
630 326
630 770
631 207
631 549
631 560
632 409
632 798
633 684
634 218
634 248
634 827
635 259
635 289
635 571
637 363
637 392
637 420
637 431
637 442
637 453
637 464
637 475
637 486
637 497
637 508
637 519
637 781
638 666
638 809
639 197
639 314
639 695
639 716
639 747
640 530
640 727
641 270
641 763
642 208
642 353
642 541
642 552
643 792
644 300
644 587
644 677
645 248
645 820
646 259
646 281
646 376
646 566
647 186
647 338
647 619
648 394
648 416
648 427
648 438
648 449
648 460
648 471
648 482
648 493
648 504
648 515
648 774
649 226
649 643
649 659
649 803
650 598
650 688
650 710
650 738
651 321
651 526
651 721
652 270
652 366
653 537
653 548
653 630
654 175
654 785
655 216
655 292
655 303
655 670
655 749
656 249
656 609
656 814
657 260
657 281
658 355
658 620
659 164
659 389
659 400
659 417
659 428
659 439
659 450
659 461
659 472
659 483
659 494
659 505
659 516
659 577
659 760
660 205
660 227
660 641
660 796
661 681
661 732
662 154
662 238
662 314
662 527
662 652
662 771
664 538
664 549
665 195
665 379
665 782
666 144
666 216
666 303
666 588
666 743
667 807
668 336
668 696
669 663
670 184
670 390
670 416
670 427
670 438
670 449
670 460
670 471
670 498
670 509
670 571
670 754
670 830
671 206
671 227
671 369
671 634
671 793
672 599
672 674
673 326
673 520
673 765
674 314
675 134
675 173
675 356
675 531
675 542
676 195
676 259
676 380
676 776
677 217
677 582
677 716
677 735
678 610
679 337
679 645
679 841
680 163
681 184
681 391
681 418
681 429
681 440
681 451
681 564
681 746
681 829
682 206
682 248
682 276
682 367
682 402
682 486
682 628
682 787
683 593
683 668
684 123
684 325
684 476
684 518
684 656
684 757
685 312
685 497
686 174
686 348
686 529
686 540
686 687
687 195
687 378
687 768
687 808
688 153
688 575
688 711
688 733
689 604
690 266
690 299
690 336
690 466
690 639
690 846
691 164
692 185
692 389
692 413
692 424
692 435
692 446
692 698
692 744
693 113
693 206
693 231
693 282
693 359
693 400
693 487
693 551
693 622
693 779
694 593
694 667
695 323
695 477
695 650
695 755
695 857
696 143
696 255
696 498
697 175
697 347
697 520
697 531
697 688
698 196
698 370
698 562
698 766
699 154
699 578
699 726
701 242
701 334
701 461
701 633
702 103
702 165
702 836
703 133
703 186
703 381
703 427
703 438
703 449
703 737
703 790
704 358
704 392
704 403
704 488
704 552
704 616
704 777
705 312
706 323
706 472
706 644
706 655
706 748
706 847
707 144
707 499
707 589
708 345
708 520
708 531
709 197
709 290
709 369
709 564
709 679
709 759
710 155
710 575
710 720
710 801
711 301
711 600
712 225
712 258
712 334
712 462
712 627
713 95
713 123
713 166
713 208
713 812
713 836
714 134
714 187
714 380
714 431
714 442
714 667
714 731
715 356
715 483
715 611
715 770
715 858
716 279
716 312
716 690
717 323
717 473
717 638
717 742
717 847
718 145
718 494
718 586
718 781
719 345
719 518
719 529
720 177
720 198
720 290
720 367
720 678
720 753
720 878
721 156
721 715
722 301
722 597
723 219
723 268
723 334
723 622
723 823
724 87
724 115
724 167
724 209
724 230
724 792
725 126
725 188
725 431
725 442
725 661
725 726
726 356
726 484
726 608
726 764
726 858
727 279
727 312
727 689
728 323
728 473
728 633
728 644
728 737
729 137
729 700
729 775
729 834
730 257
730 345
730 512
730 537
730 803
731 178
731 199
731 453
731 672
731 748
731 873
731 884
732 148
732 421
733 298
734 220
734 268
734 334
734 495
734 548
734 619
735 79
735 107
735 159
735 210
735 231
735 786
736 118
736 189
736 655
736 711
736 845
737 484
737 608
737 759
737 814
738 309
738 683
739 320
739 411
739 464
739 630
739 641
740 694
740 770
741 254
741 345
741 506
741 517
741 537
741 797
742 170
742 200
742 444
742 559
742 666
742 748
742 856
743 141
743 242
743 422
743 722
743 825
744 298
744 895
745 221
745 265
745 276
745 331
745 495
745 548
745 619
746 71
746 98
746 129
746 152
746 211
746 232
746 433
746 781
747 109
747 181
747 652
747 705
748 401
748 475
748 759
748 808
749 287
749 309
749 677
749 836
749 867
750 320
750 455
750 630
750 641
750 733
751 688
751 770
752 253
752 506
752 517
752 528
752 570
752 792
753 163
753 192
753 444
753 663
754 140
754 243
754 419
754 716
754 819
755 298
755 847
755 878
755 889
755 900
756 222
756 264
756 275
756 486
756 539
757 63
757 93
757 120
757 151
757 233
757 430
757 744
757 781
758 104
758 174
758 652
758 699
759 395
759 466
759 803
760 286
760 309
760 674
760 830
761 455
761 727
762 685
762 755
762 858
763 254
763 497
763 508
763 519
763 562
763 792
764 162
764 185
764 196
764 212
764 441
764 550
764 663
765 131
765 244
765 417
765 710
765 814
766 297
766 406
766 841
766 884
766 895
766 906
767 223
767 265
767 276
767 477
767 535
768 57
768 115
768 142
768 234
768 428
768 738
769 95
769 173
769 696
769 766
770 466
770 803
771 287
771 674
771 825
772 79
772 452
772 721
773 685
773 749
773 852
773 863
774 255
774 488
774 499
774 510
775 153
775 184
775 195
775 206
775 546
775 777
776 126
776 245
776 417
776 707
776 814
777 836
777 879
777 890
777 901
777 912
778 217
778 266
778 277
778 477
779 50
779 106
779 137
779 228
779 732
780 90
780 169
780 696
780 760
781 521
781 788
782 442
782 825
783 71
783 453
783 718
784 743
784 847
785 256
785 488
785 507
786 148
786 180
786 191
786 202
786 540
786 771
787 117
787 239
787 415
787 707
787 799
788 836
788 872
788 883
788 894
788 905
788 916
789 213
789 475
790 44
790 101
790 128
790 224
790 729
791 82
791 167
791 754
792 518
792 782
793 439
793 551
794 64
794 450
794 718
794 810
795 740
796 486
796 927
797 139
797 150
797 178
797 189
797 200
797 541
797 765
798 112
798 235
798 408
798 419
798 793
799 865
799 876
799 887
799 898
799 909
800 211
800 471
800 529
800 821
801 38
801 49
801 93
801 123
801 222
801 729
802 75
802 161
802 751
803 509
803 776
804 430
804 552
805 60
805 441
805 452
805 804
805 855
806 740
806 832
807 482
807 493
807 920
807 931
808 134
808 145
808 172
808 183
808 194
808 540
808 762
809 104
809 411
809 787
809 843
810 866
810 877
810 888
810 899
810 910
811 205
811 463
811 520
811 815
812 33
812 44
812 86
812 122
812 216
813 71
813 156
813 751
814 504
814 773
815 423
816 55
816 434
816 445
816 798
816 854
817 826
818 474
818 485
818 921
818 932
819 133
819 144
819 167
819 178
819 189
819 762
820 97
820 108
820 784
820 837
821 865
821 876
821 887
821 898
821 909
822 456
822 515
822 809
823 27
823 38
823 82
823 119
824 66
824 155
825 496
825 773
827 49
827 795
827 848
827 943
828 820
829 920
829 931
830 130
830 141
831 93
831 104
831 831
832 859
832 870
832 881
832 892
832 903
833 806
834 22
834 33
834 77
834 115
835 60
838 844
838 942
840 914
817 531
118 549
600 672
500 324
598 290
606 721
609 295
611 665
623 304
637 604
662 721
705 269
536 465
549 512
605 437
622 658
633 652
779 428
817 740
822 200
56 465
122 477
592 692
679 287
717 649
761 641
784 858
583 344
599 426
613 732
698 808
239 567
555 501
567 507
609 373
614 512
496 688
535 432
470 360
585 521
639 237
677 145
713 106
826 467
570 413
724 98
730 523
829 166
381 424
386 502
438 469
567 448
577 499
636 337
657 563
668 283
669 482
692 825
701 541
108 566
239 493
548 285
735 90
839 925
346 431
466 606
467 673
658 344
700 218
703 698
704 867
49 496
436 660
440 493
486 447
699 709
746 82
836 44
757 74
795 845
830 784
228 543
311 418
380 442
393 432
649 197
666 249
672 238
685 134
712 247
620 565
626 731
708 236
809 228
524 471
599 317
614 525
238 504
238 515
238 526
238 537
311 568
351 528
411 469
422 469
440 518
445 350
640 632
678 700
58 481
292 470
499 604
614 449
619 743
692 790
715 505
791 461
258 563
453 316
492 470
704 114
716 701
742 880
794 246
461 349
494 406
579 423
701 414
778 534
149 493
328 415
668 618
696 509
703 666
791 497
527 579
654 332
667 817
703 820
738 737
768 652
832 152
65 506
732 597
827 483
669 270
675 297
766 869
805 562
98 494
311 553
444 447
479 321
720 453
251 436
495 456
524 566
595 511
629 378
812 730
539 310
746 118
768 104
118 488
609 648
614 482
133 472
273 447
493 498
493 537
517 344
544 298
595 477
612 589
722 462
782 685
501 729
529 698
596 701
693 124
805 400
133 541
524 289
773 663
822 751
825 505
160 484
228 470
517 276
840 883
468 723
827 177
838 855
389 445
680 680
772 557
181 477
530 323
631 596
300 568
512 581
629 613
631 349
648 405
668 401
698 604
758 320
89 483
203 568
280 471
468 594
680 798
737 473
748 464
565 529
591 333
768 66
790 90
836 87
333 489
424 285
475 446
561 351
607 535
683 819
751 559
812 550
824 445
541 634
641 736
770 521
834 817
117 500
240 469
427 370
438 370
444 715
576 472
640 646
686 241
688 582
839 869
839 894
333 433
479 610
561 495
585 365
735 355
741 526
748 411
785 923
791 156
474 310
518 524
584 608
641 328
641 613
836 71
77 498
78 480
417 331
491 632
573 517
583 535
592 300
605 549
227 524
502 439
701 278
709 827
172 492
402 425
572 343
671 729
721 812
779 59
790 425
816 939
238 545
509 606
518 703
644 289
645 828
669 156
739 453
745 484
754 129
756 475
774 162
776 115
794 507
800 518
836 126
270 413
588 376
654 186
675 345
675 551
62 459
451 459
515 259
633 308
703 207
753 211
758 573
801 82
185 463
543 662
546 428
560 545
656 821
675 811
720 241
158 498
207 422
575 529
604 357
616 501
687 835
752 331
753 200
388 469
678 228
704 856
760 82
779 462
222 399
251 469
251 544
311 397
328 500
335 568
370 470
387 458
412 695
413 447
433 310
548 386
595 491
685 505
790 53
818 211
822 524
234 399
391 322
633 296
656 699
707 174
710 873
229 492
416 369
681 722
693 799
753 391
839 905
100 483
328 528
395 505
462 470
472 394
527 377
662 292
695 656
696 301
706 509
731 442
774 407
780 79
798 101
836 949
369 399
542 268
544 680
585 639
618 620
694 314
752 495
763 486
763 528
764 151
771 441
786 137
87 504
247 565
271 400
490 728
519 512
583 669
753 547
778 674
787 696
837 833
305 524
490 438
492 417
518 730
533 643
616 298
646 347
657 598
151 505
196 435
311 407
345 568
404 308
404 673
444 602
445 280
504 417
547 493
548 408
576 488
651 587
727 290
735 125
181 560
289 567
557 422
591 410
724 497
733 431
818 542
57 501
85 554
444 459
593 554
597 363
614 247
650 727
660 323
678 460
684 850
718 866
825 762
138 492
502 678
575 554
613 284
683 303
344 488
458 275
501 346
618 492
625 399
627 709
667 350
767 913
789 527
159 553
262 470
264 453
324 569
329 398
358 568
441 529
441 540
479 283
494 385
516 237
626 357
641 409
674 690
677 509
682 356
692 675
731 167
785 549
791 71
796 916
806 530
807 471
809 93
814 493
825 187
837 98
404 654
511 483
526 500
570 539
581 410
603 511
668 652
710 390
717 576
747 339
838 932
96 511
308 441
454 291
501 625
512 447
513 428
587 418
596 632
607 626
708 707
107 506
216 408
254 414
440 411
446 310
519 646
615 257
644 757
660 174
672 706
712 219
68 485
114 560
426 674
496 548
506 471
551 693
575 390
587 546
614 471
732 727
734 277
809 419
300 415
519 619
524 439
540 334
549 484
561 535
734 867
769 792
157 468
231 459
507 320
524 668
575 351
751 753
755 906
757 110
779 96
788 825
823 72
662 609
685 551
763 781
784 267
836 54
98 561
506 280
592 650
604 307
615 783
629 641
629 737
634 816
637 770
656 803
659 363
677 571
705 125
725 655
726 366
730 506
742 159
787 250
833 795
134 481
135 511
227 532
312 519
493 504
599 468
611 575
630 267
635 834
679 634
682 776
690 628
699 568
701 622
718 251
742 189
776 234
824 55
359 440
539 652
540 697
707 783
759 403
764 202
766 307
822 434
302 535
424 260
490 280
609 382
688 611
723 848
737 101
756 631
782 815
802 721
829 911
38 489
349 444
369 568
379 448
381 431
428 469
433 568
529 492
552 564
558 379
644 707
662 707
668 488
669 680
697 248
704 478
725 588
757 771
312 494
347 540
518 714
672 838
691 460
745 568
767 398
776 804
49 468
80 530
434 603
471 299
484 328
593 675
636 577
694 288
720 374
828 456
180 498
447 300
591 522
638 701
646 580
652 377
676 127
711 794
750 90
802 460
840 109
89 451
340 514
386 508
387 651
394 662
405 370
464 450
516 465
557 594
611 687
613 440
617 698
618 537
621 794
622 680
626 776
627 805
633 228
633 673
637 385
639 684
643 781
644 666
645 809
649 792
650 677
666 577
704 766
719 709
727 678
736 700
737 803
738 672
743 711
747 694
750 722
753 181
754 705
757 733
761 716
762 847
768 727
769 755
780 749
794 799
801 494
805 793
811 452
816 843
836 137
229 502
402 448
414 268
465 683
477 706
513 673
539 572
614 311
628 691
639 398
645 317
659 407
668 641
691 717
725 109
741 403
794 834
812 77
141 522
283 463
347 472
403 605
423 690
439 677
454 648
481 427
549 368
627 417
635 372
636 278
668 136
668 558
671 800
688 367
693 378
712 617
736 73
737 178
747 65
765 121
776 919
787 107
790 853
793 707
811 510
813 61
826 473
827 839
568 648
626 250
657 713
663 264
714 89
716 117
725 81
735 836
769 89
773 73
124 543
192 566
268 506
436 321
441 436
451 352
470 366
514 502
582 459
585 395
632 762
712 451
804 236
37 475
403 433
404 276
462 454
526 459
557 636
609 603
625 209
641 188
649 768
652 309
679 616
690 144
690 727
693 814
705 96
738 893
796 432
289 417
488 601
505 528
541 504
590 441
624 601
643 228
692 540
717 803
719 535
730 462
100 444
102 522
113 516
204 441
395 287
397 680
465 616
468 696
484 351
533 525
536 453
563 605
596 386
596 601
632 787
638 798
649 747
660 687
666 165
670 713
671 782
672 588
678 599
686 116
687 565
688 272
695 106
715 759
720 667
724 781
730 792
731 661
743 814
749 825
755 836
775 766
781 777
785 64
786 760
787 788
792 771
797 167
798 782
800 810
806 821
811 804
817 815
251 442
318 415
340 531
423 323
465 640
493 265
495 699
535 602
538 287
551 435
590 588
616 649
635 622
640 217
659 632
662 275
672 565
714 818
729 824
748 170
748 798
748 857
773 842
775 143
797 129
234 449
264 555
451 453
569 313
577 622
627 757
632 199
697 681
747 537
380 306
387 296
416 313
426 639
492 322
513 328
595 538
647 178
647 697
661 672
706 610
732 413
772 297
797 558
68 469
146 533
212 431
220 548
303 424
404 527
440 501
450 402
467 345
496 615
521 318
538 441
545 536
609 777
620 573
628 584
672 741
676 402
681 156
720 134
764 541
769 51
787 230
802 66
820 88
84 445
380 659
387 669
455 710
472 466
505 516
516 474
524 518
527 447
562 323
574 439
588 499
597 609
618 433
619 673
627 236
630 666
641 659
675 663
684 467
697 135
710 281
717 270
724 259
735 555
780 872
791 865
28 481
220 419
275 565
425 706
434 667
459 313
469 272
518 452
526 684
546 447
558 441
608 680
621 390
648 383
655 777
673 823
682 558
702 719
742 847
751 622
760 56
837 823
107 489
108 533
111 439
119 527
122 434
133 429
144 424
329 404
467 289
541 613
551 583
560 473
597 325
607 269
656 738
685 408
685 645
696 639
707 633
717 661
725 885
726 754
735 776
741 787
743 611
754 809
760 820
763 744
766 831
774 738
790 409
808 162
815 222
822 854
118 427
347 396
380 568
382 645
391 489
427 332
429 488
441 425
506 459
536 317
556 467
585 432
592 352
617 220
628 825
629 721
633 750
645 572
660 586
663 626
684 622
689 258
695 616
704 799
706 261
710 688
731 812
746 889
756 856
763 764
777 286
781 44
782 435
789 469
792 38
796 58
814 27
74 451
169 477
394 347
447 655
512 511
512 550
534 390
549 454
552 676
584 480
587 615
599 250
601 563
607 671
608 320
609 792
618 664
629 569
661 571
663 661
666 597
672 308
673 628
702 293
725 424
737 823
760 140
778 470
782 126
788 808
796 477
817 463
154 485
197 464
226 410
417 650
435 252
535 497
557 520
578 507
599 417
615 374
621 770
652 357
672 608
676 250
721 512
742 865
747 901
751 742
769 775
799 856
807 937
835 159
74 539
127 422
188 488
402 488
436 712
455 241
463 261
502 503
538 484
555 332
566 435
576 303
653 554
659 381
687 231
691 518
692 452
695 738
697 863
703 250
727 718
729 237
736 718
743 729
82 459
139 417
279 557
340 415
352 432
391 420
422 342
438 286
479 590
517 656
518 306
549 576
563 427
587 468
603 375
610 466
614 801
615 419
616 716
640 378
643 594
646 626
665 371
670 407
675 273
685 694
686 287
705 583
712 713
717 788
728 531
729 707
742 832
748 874
755 868
793 817
813 115
97 438
108 432
174 511
181 484
238 409
269 463
350 416
371 410
394 639
401 516
402 566
413 488
445 688
447 246
459 659
475 601
478 416
492 462
518 248
522 491
529 591
546 472
568 461
579 566
584 577
589 341
599 402
610 230
611 706
612 725
621 377
632 527
638 585
646 368
650 606
671 363
676 752
679 765
680 710
682 256
696 467
696 849
714 231
718 628
719 839
723 614
723 872
724 145
727 156
729 841
736 647
736 853
761 447
775 785
803 151
804 32
826 21
831 773
55 487
126 491
166 417
188 410
220 559
335 503
461 724
510 589
517 592
559 448
564 390
575 657
593 428
621 813
631 394
649 218
655 662
661 749
662 694
696 263
705 304
705 726
723 831
724 800
749 844
775 175
800 829
818 44
424 568
467 354
493 334
600 660
605 254
605 695
609 428
654 206
735 137
781 796
80 464
162 409
333 520
382 320
394 619
524 298
537 414
550 291
551 532
588 356
593 455
637 562
656 649
670 261
696 834
710 558
187 471
303 549
353 401
452 442
470 651
514 634
529 508
536 512
546 396
569 617
581 292
597 341
602 331
604 240
604 482
636 355
650 653
659 197
664 186
664 828
665 255
665 516
667 328
669 176
674 165
678 265
701 755
703 676
710 399
738 148
749 669
753 436
758 691
765 702
768 458
772 713
779 724
781 513
791 746
803 849
804 115
815 414
816 790
819 125
826 490
839 875
355 489
402 612
417 353
450 613
555 508
569 496
575 546
583 679
633 715
653 575
678 652
679 492
683 318
702 235
708 537
728 544
68 499
86 539
179 522
182 402
183 544
243 420
313 424
339 431
408 331
427 301
433 451
446 431
459 435
493 285
518 720
531 295
569 377
576 478
602 780
619 367
653 166
660 145
665 357
688 705
692 225
703 691
716 721
800 933
807 50
171 504
283 394
283 453
374 315
374 648
405 591
415 432
445 372
466 237
484 313
561 623
565 454
572 422
579 521
589 272
649 560
650 702
676 470
692 559
701 421
711 425
811 556
837 16
61 475
143 474
155 421
177 414
199 407
328 506
357 426
389 476
408 319
462 689
478 268
478 359
479 302
501 453
523 506
593 261
621 749
625 332
653 757
660 788
665 760
668 771
687 293
693 406
698 744
709 737
712 748
721 770
722 700
734 326
740 873
742 658
770 212
797 757
803 200
803 768
809 779
812 832
822 801
823 826
838 861
60 493
78 553
171 405
205 475
373 489
374 421
439 569
452 637
461 400
462 330
468 383
483 489
504 334
509 622
523 366
538 373
554 460
560 366
602 279
604 408
607 713
612 540
635 538
681 805
723 503
729 251
754 764
765 434
766 77
780 528
785 154
798 228
68 547
197 448
406 690
421 398
451 488
462 488
467 324
478 234
490 373
494 489
525 656
527 307
541 459
543 517
585 282
597 278
599 518
601 265
604 289
628 658
635 343
648 203
689 856
793 252
153 412
280 567
313 559
327 450
411 603
412 348
475 672
476 293
486 288
502 265
502 616
507 689
507 735
524 527
576 429
581 353
597 369
600 716
627 652
634 730
635 638
648 637
703 830
705 596
771 878
807 500
821 427
79 517
148 550
152 517
205 395
390 527
400 476
430 646
451 333
463 629
491 308
492 644
495 666
525 628
532 666
546 600
567 442
573 451
599 684
611 411
620 321
627 294
662 337
664 555
668 527
676 502
694 585
697 340
704 351
709 673
710 489
715 568
720 732
723 743
728 304
729 625
732 765
756 579
764 568
771 132
785 481
785 735
793 118
814 195
828 516
840 31
85 488
258 545
297 392
312 449
389 426
390 568
514 612
545 304
549 279
556 571
712 264
741 248
743 135
194 443
228 562
229 550
292 455
318 532
319 535
340 491
359 475
398 491
417 337
427 588
451 357
452 490
488 705
491 682
496 423
498 330
526 416
535 471
542 466
550 518
561 511
571 523
586 382
613 531
619 736
621 411
631 403
637 597
671 410
673 643
683 140
694 237
706 226
746 394
784 494
799 402
160 478
195 398
278 417
303 437
388 438
404 660
417 274
428 266
439 258
482 340
519 579
526 573
528 340
530 464
533 579
552 611
580 628
583 492
591 621
597 434
602 615
602 643
604 665
613 609
615 658
658 369
665 631
686 796
690 329
693 772
733 689
744 683
786 173
840 115
157 528
191 474
220 568
228 393
312 511
331 472
352 554
396 453
397 593
404 358
431 395
456 424
474 257
485 254
486 592
502 701
503 640
506 662
563 419
566 548
589 667
591 366
605 421
607 595
616 304
640 346
643 521
672 320
683 662
700 842
713 592
717 603
732 860
736 260
760 864
763 93
764 315
779 864
781 208
794 530
826 110
827 937
836 143
51 474
241 397
416 701
430 316
507 349
521 583
538 523
549 505
557 693
609 655
611 582
631 315
643 359
645 306
668 723
675 151
680 686
683 212
686 802
699 271
712 514
712 655
732 361
737 237
739 432
743 292
759 389
769 563
800 242
828 193
74 485
134 500
173 561
211 486
218 508
225 574
271 406
314 454
379 497
404 301
406 502
408 646
411 612
416 589
419 488
450 253
462 317
470 335
470 433
472 606
477 594
483 391
496 280
498 593
499 471
500 254
502 306
505 599
516 383
530 438
540 589
545 357
566 501
576 456
586 687
588 528
590 606
592 359
595 707
598 356
599 547
599 678
601 530
602 704
603 296
606 727
613 738
618 595
624 544
628 607
643 388
656 156
660 180
677 373
680 242
682 384
698 389
710 362
714 175
724 490
724 538
737 886
761 556
767 646
775 540
818 915
829 39
829 83
840 77
90 560
104 493
398 370
434 610
457 308
580 359
617 384
633 242
656 243
684 222
684 266
691 130
719 104
730 96
786 534
795 535
70 512
166 490
248 488
271 500
327 433
351 513
362 489
388 600
390 605
396 438
426 407
461 355
475 683
488 297
492 492
496 566
501 554
507 628
511 341
513 626
521 572
545 549
555 541
568 593
577 344
577 446
629 384
631 602
634 590
638 710
639 558
639 652
641 619
669 342
672 244
673 291
686 342
693 353
694 212
699 120
699 212
699 224
699 227
709 858
741 88
749 425
752 80
753 157
757 559
758 326
772 869
799 439
808 128
810 430
818 734
823 530
150 468
172 461
270 453
270 556
393 533
433 295
446 391
461 249
473 282
483 717
505 712
519 684
578 417
581 550
585 350
598 300
603 555
606 367
619 585
643 607
645 242
646 532
656 766
666 702
683 739
692 242
696 307
700 284
700 597
707 409
717 823
727 864
731 890
738 602
741 351
761 912
776 64
784 273
829 121
270 419
271 476
285 555
317 547
389 353
393 398
439 307
441 417
445 507
447 665
455 601
479 455
495 449
501 694
519 445
540 386
544 529
548 267
574 645
581 656
599 284
602 599
629 256
645 716
675 350
678 674
679 331
700 672
707 456
716 684
719 123
741 107
755 292
764 179
773 223
778 552
791 258
805 465
806 211
830 66
841 60
43 495
62 465
119 555
202 432
205 428
282 510
315 434
348 424
406 428
499 610
511 599
518 606
555 494
573 510
598 694
611 550
620 726
647 410
651 827
652 569
653 387
655 192
663 563
667 690
668 290
669 296
675 722
677 412
678 234
678 847
686 680
704 811
706 214
709 698
714 879
715 829
718 84
729 76
729 104
740 68
748 748
755 385
761 877
777 68
796 425
798 712
799 839
811 404
820 217
820 945
829 949
71 505
83 483
128 476
163 516
191 458
196 510
260 408
282 500
301 541
323 487
325 546
334 483
354 393
397 311
406 624
423 611
441 546
447 546
449 322
452 275
454 367
458 545
464 277
467 422
469 600
472 246
476 638
480 368
483 243
495 346
499 295
513 317
547 499
562 582
567 345
574 604
593 312
599 441
620 245
638 302
653 338
656 313
667 735
676 758
678 476
687 750
690 761
697 819
699 364
699 783
703 180
704 375
710 776
730 115
740 337
752 99
755 680
759 168
760 423
769 527
782 421
785 459
786 57
792 206
811 860
814 150
819 161
823 745
824 206
825 147
65 454
166 484
213 418
395 423
443 609
513 519
584 504
585 425
607 542
609 301
617 290
618 518
622 298
622 648
632 744
633 646
638 224
675 817
684 296
684 457
697 715
699 310
707 807
710 112
711 582
718 257
750 60
753 85
763 72
772 47
775 797
776 293
780 410
789 929
808 724
43 468
88 441
132 419
143 488
145 487
146 500
153 553
168 527
172 549
175 472
201 521
205 543
216 414
256 397
272 511
334 393
346 502
387 364
394 341
396 328
396 627
404 436
406 476
412 357
415 319
415 524
470 729
480 694
510 283
518 561
530 475
531 443
537 475
542 437
555 535
579 434
581 388
583 354
583 529
587 554
587 675
590 698
601 605
605 260
605 313
609 363
613 773
629 302
631 320
635 610
636 323
639 308
643 640
645 323
647 613
651 315
652 344
660 329
666 669
668 314
668 624
674 557
674 657
675 303
675 477
677 820
678 835
681 293
682 729
686 554
688 248
698 826
699 802
702 298
725 246
727 817
733 292
740 95
744 92
744 742
747 259
751 281
765 875
771 303
784 219
789 263
803 546
821 537
70 463
216 497
390 495
397 649
419 634
419 640
450 619
457 389
526 329
532 679
534 362
538 679
634 707
674 621
679 524
31 476
56 471
77 447
110 491
124 483
128 480
136 547
141 414
178 490
182 492
184 566
185 400
195 570
206 574
222 405
263 396
292 572
315 525
329 392
377 475
388 675
392 522
412 513
425 634
429 418
440 313
445 441
451 676
452 568
454 687
457 453
458 238
463 567
464 476
468 454
474 592
479 334
480 491
481 649
484 671
496 554
499 532
507 565
507 682
509 455
515 514
518 231
520 243
524 650
528 262
538 685
539 489
545 435
552 450
552 487
556 269
559 642
562 646
569 355
571 532
580 676
589 424
594 416
607 284
609 388
616 466
616 579
624 822
634 756
639 320
646 649
648 332
648 353
651 408
658 271
662 411
664 567
678 121
691 309
698 612
699 97
700 796
702 256
705 814
706 685
712 864
714 181
718 458
719 884
724 508
727 809
728 867
731 131
733 315
735 250
738 531
739 565
739 862
740 129
740 438
743 282
747 345
747 739
749 146
751 576
752 853
758 552
759 761
762 635
780 163
782 809
784 40
785 501
788 445
803 838
806 110
807 222
810 234
812 110
828 812
829 511
472 347
506 326
512 470
552 427
583 414
595 682
604 364
645 215
667 686
667 710
668 606
701 704
702 225
735 829
55 459
62 486
71 465
101 567
114 566
136 476
140 486
151 499
155 491
159 492
162 472
163 558
175 403
188 481
194 499
205 434
210 405
257 420
279 544
279 563
290 392
347 402
348 409
351 393
351 422
377 490
384 323
384 641
389 482
396 280
396 334
398 686
399 429
406 454
408 653
415 262
417 623
423 329
426 254
428 622
437 248
438 295
439 621
441 643
448 721
449 439
459 320
462 695
462 698
467 338
470 235
474 627
475 614
476 368
479 380
490 379
492 444
494 716
504 609
511 453
512 372
515 508
518 312
522 464
527 523
528 569
530 285
531 499
532 458
532 572
533 489
535 702
538 579
540 391
541 433
542 577
544 291
545 572
549 666
551 392
551 537
553 490
553 522
556 428
558 463
561 501
569 634
570 545
570 622
571 346
575 616
577 537
580 613
582 465
584 411
589 387
589 539
589 611
594 548
595 252
595 419
597 379
597 410
599 275
603 400
604 322
605 789
607 470
609 259
611 598
615 807
617 722
619 250
623 766
626 763
627 390
628 577
630 727
631 360
634 722
634 759
635 741
637 757
639 369
640 625
641 404
644 600
645 234
645 311
648 359
649 388
650 761
651 209
656 233
656 583
657 591
659 658
661 188
662 270
662 594
662 823
663 602
665 320
668 150
668 277
668 611
670 162
670 555
672 252
674 280
674 396
674 560
675 624
677 306
679 498
679 693
681 269
682 149
682 235
686 618
686 673
687 395
691 831
692 722
693 839
694 272
694 610
695 275
695 795
696 732
699 814
701 589
703 229
706 211
707 275
707 545
709 117
711 822
716 386
717 111
718 794
720 380
721 705
722 236
723 650
726 241
726 417
729 851
730 847
731 590
733 820
736 523
736 561
743 838
748 885
751 553
763 774
765 772
769 785
773 400
774 656
779 667
784 805
787 60
788 689
788 818
789 433
790 859
794 34
794 823
795 217
795 858
796 851
809 849
809 941
816 23
833 172
840 37
840 955
164 502
172 498
439 669
524 304
526 489
526 494
613 671
624 664
669 355
711 270
723 580
754 408
779 496
32 488
39 470
50 462
51 502
55 495
59 507
64 481
72 480
74 464
74 533
83 461
91 438
94 487
99 434
102 432
110 428
111 572
112 427
121 423
124 549
132 494
147 412
156 409
157 505
162 505
165 406
165 504
169 483
173 501
189 469
194 458
196 441
213 425
215 422
228 402
234 573
276 395
308 536
314 428
322 476
335 438
375 396
376 657
381 300
381 665
382 397
387 422
388 290
388 639
390 533
391 679
396 635
398 278
400 347
402 453
405 270
408 268
409 433
411 651
414 435
418 260
422 600
425 396
428 326
428 711
430 289
430 323
430 712
432 674
434 679
437 315
439 292
441 246
443 587
444 414
444 465
445 357
449 242
450 450
452 310
455 724
467 277
467 330
468 687
472 352
478 369
478 477
480 288
480 315
481 311
482 232
482 606
485 284
485 594
490 328
494 328
496 445
496 627
499 407
499 490
499 620
500 459
502 511
502 632
506 341
507 329
508 452
510 475
513 594
514 322
514 587
518 470
518 613
520 448
520 500
520 577
521 261
522 312
524 309
527 295
532 684
534 522
535 386
536 518
538 640
539 304
539 646
540 472
541 510
543 452
544 656
546 334
547 635
548 468
550 334
550 467
551 526
553 430
554 445
561 444
562 461
563 541
564 315
566 542
567 535
568 623
568 654
570 307
570 457
572 434
575 663
576 297
576 523
577 668
578 513
579 396
579 617
581 468
581 554
583 500
584 497
587 389
587 428
587 462
590 536
592 346
593 339
593 468
595 544
595 686
597 331
597 524
599 666
601 271
601 323
601 693
602 681
603 603
605 431
606 232
607 704
607 732
610 676
611 253
611 435
611 712
612 222
612 433
612 719
613 272
613 674
614 388
614 549
615 380
617 252
617 811
619 212
619 441
620 532
621 669
624 667
627 201
628 244
628 743
631 355
633 193
633 234
633 317
633 398
633 839
635 191
635 660
635 735
638 231
638 405
639 753
640 561
640 581
641 341
641 834
642 370
643 560
645 220
646 604
646 752
647 328
647 632
648 172
648 209
650 169
653 557
653 704
654 232
655 315
656 707
662 138
663 715
664 344
666 171
666 565
666 836
667 824
669 130
671 719
673 844
674 710
676 486
676 556
678 466
678 658
680 117
681 503
682 262
682 706
683 220
683 512
684 147
684 702
684 727
686 254
686 700
686 823
687 110
687 455
687 722
689 107
689 557
689 616
689 819
690 252
690 511
691 681
692 569
694 221
695 241
696 100
696 295
696 720
699 127
699 584
700 261
700 610
701 306
702 706
703 287
704 558
704 715
704 873
705 284
705 602
706 229
706 255
706 714
706 861
707 119
708 252
709 422
709 661
710 552
710 867
711 661
712 273
712 696
713 396
717 236
717 872
718 225
719 262
719 656
719 829
720 798
725 868
726 372
728 550
730 713
731 101
732 721
732 851
732 894
733 407
735 405
737 724
738 731
740 889
742 397
744 735
745 842
747 850
749 880
749 906
753 337
753 861
754 57
754 413
759 413
759 872
760 206
762 52
765 392
766 83
767 313
770 919
771 783
774 873
776 438
777 794
779 65
779 924
780 501
781 283
782 868
784 679
785 163
785 430
785 866
786 38
787 434
791 557
792 404
793 701
796 827
798 32
799 563
801 715
804 462
805 503
806 28
808 27
811 116
815 228
820 21
827 439
828 756
830 450
831 16
831 183
831 496
831 767
836 789
842 948
