1046
28 62
28 73
28 84
28 95
28 106
33 51
33 126
37 40
37 137
43 38
43 139
48 49
48 60
48 71
48 97
48 108
48 128
51 86
54 38
54 139
62 86
65 34
65 143
71 56
71 67
71 78
71 108
71 119
71 130
73 86
76 143
82 67
82 78
82 119
82 130
84 86
86 34
87 143
92 56
92 108
93 67
93 78
93 119
93 130
95 86
98 143
103 56
103 108
107 34
112 45
112 56
112 67
112 86
112 97
112 108
112 119
112 130
112 143
123 86
123 143
128 34
134 86
134 143
136 56
136 67
136 78
136 108
136 119
136 130
145 86
145 143
147 67
147 78
147 119
147 130
149 34
156 86
156 143
157 56
157 108
158 67
158 78
158 119
158 130
167 86
168 56
168 108
170 34
172 143
181 33
181 44
181 55
181 76
181 97
181 118
181 129
183 140
183 151
192 41
192 129
194 140
203 41
204 52
204 73
204 94
204 115
204 126
215 52
215 63
215 74
215 85
215 96
215 107
215 118
215 129
122 87
121 88
120 89
42 39
41 40
40 40
39 40
38 40
38 138
39 139
40 139
41 139
42 139
72 79
73 80
73 81
73 82
73 83
73 84
73 85
83 79
84 80
84 81
84 82
84 83
84 84
84 85
94 79
95 80
95 81
95 82
95 83
95 84
95 85
113 87
114 88
115 89
116 90
117 90
118 90
119 90
119 91
118 92
117 93
116 94
115 95
114 96
113 97
135 79
134 80
134 81
134 82
134 83
134 84
134 85
146 79
145 80
145 81
145 82
145 83
145 84
145 85
157 79
156 80
156 81
156 82
156 83
156 84
156 85
70 79
69 80
68 81
67 82
66 83
65 84
64 85
63 86
81 79
80 80
79 81
78 82
77 83
76 84
75 85
74 86
92 79
91 80
90 81
89 82
88 83
87 84
86 85
85 86
104 56
105 56
106 56
107 56
108 56
109 56
110 56
111 56
104 108
105 108
106 108
107 108
108 108
109 108
110 108
111 108
137 79
138 80
139 81
140 82
141 83
142 84
143 85
144 86
148 79
149 80
150 81
151 82
152 83
153 84
154 85
155 86
159 79
160 80
161 81
162 82
163 83
164 84
165 85
166 86
32 52
31 53
30 54
29 55
28 56
28 57
28 58
28 59
28 60
28 61
36 41
35 42
34 43
33 44
33 45
33 46
33 47
33 48
33 49
33 50
34 127
35 128
36 129
37 130
37 131
37 132
37 133
37 134
37 135
37 136
38 41
39 42
40 43
41 44
42 45
43 46
44 47
45 48
46 49
47 49
47 129
46 130
45 131
44 132
43 133
42 134
41 135
40 136
39 137
38 137
44 38
45 38
46 38
47 38
48 38
49 38
50 38
51 38
52 38
53 38
44 139
45 139
46 139
47 139
48 139
49 139
50 139
51 139
52 139
53 139
50 87
49 88
48 89
48 90
48 91
48 92
48 93
48 94
48 95
48 96
52 86
53 86
54 86
55 86
56 86
57 86
58 86
59 86
60 86
61 86
64 35
63 36
62 37
61 38
60 38
59 38
58 38
57 38
56 38
55 38
55 140
56 141
57 142
58 143
59 143
60 143
61 143
62 143
63 143
64 143
66 143
67 143
68 143
69 143
70 143
71 143
72 143
73 143
74 143
75 143
72 57
73 58
74 59
75 60
76 61
77 62
78 63
79 64
80 65
81 66
82 67
72 109
73 110
74 111
75 112
76 113
77 114
78 115
79 116
80 117
81 118
82 119
72 120
73 121
74 122
75 123
76 124
77 125
78 126
79 127
80 128
81 129
82 130
77 143
78 143
79 143
80 143
81 143
82 143
83 143
84 143
85 143
86 143
91 57
90 58
89 59
88 60
87 61
86 62
85 63
84 64
83 65
82 66
83 67
84 67
85 67
86 67
87 67
88 67
89 67
90 67
91 67
92 67
91 109
90 110
89 111
88 112
87 113
86 114
85 115
84 116
83 117
82 118
83 119
84 119
85 119
86 119
87 119
88 119
89 119
90 119
91 119
92 119
83 120
84 121
85 122
86 123
87 124
88 125
89 126
90 127
91 128
92 129
93 130
88 143
89 143
90 143
91 143
92 143
93 143
94 143
95 143
96 143
97 143
93 56
94 56
95 56
96 56
97 56
98 56
99 56
100 56
101 56
102 56
93 108
94 108
95 108
96 108
97 108
98 108
99 108
100 108
101 108
102 108
111 46
110 47
109 48
108 49
107 50
106 51
105 52
104 53
103 54
103 55
104 57
105 58
106 59
107 60
108 61
109 62
110 63
111 64
112 65
112 66
111 98
110 99
109 100
108 101
107 102
106 103
105 104
104 105
103 106
103 107
104 109
105 110
106 111
107 112
108 113
109 114
110 115
111 116
112 117
112 118
108 35
109 36
110 37
111 38
112 39
112 40
112 41
112 42
112 43
112 44
113 143
114 143
115 143
116 143
117 143
118 143
119 143
120 143
121 143
122 143
124 86
125 86
126 86
127 86
128 86
129 86
130 86
131 86
132 86
133 86
124 143
125 143
126 143
127 143
128 143
129 143
130 143
131 143
132 143
133 143
135 143
136 143
137 143
138 143
139 143
140 143
141 143
142 143
143 143
144 143
137 57
138 58
139 59
140 60
141 61
142 62
143 63
144 64
145 65
146 66
147 67
137 109
138 110
139 111
140 112
141 113
142 114
143 115
144 116
145 117
146 118
147 119
137 120
138 121
139 122
140 123
141 124
142 125
143 126
144 127
145 128
146 129
147 130
146 143
147 143
148 143
149 143
150 143
151 143
152 143
153 143
154 143
155 143
156 57
155 58
154 59
153 60
152 61
151 62
150 63
149 64
148 65
147 66
148 67
149 67
150 67
151 67
152 67
153 67
154 67
155 67
156 67
157 67
156 109
155 110
154 111
153 112
152 113
151 114
150 115
149 116
148 117
147 118
148 119
149 119
150 119
151 119
152 119
153 119
154 119
155 119
156 119
157 119
148 120
149 121
150 122
151 123
152 124
153 125
154 126
155 127
156 128
157 129
158 130
158 56
159 56
160 56
161 56
162 56
163 56
164 56
165 56
166 56
167 56
158 108
159 108
160 108
161 108
162 108
163 108
164 108
165 108
166 108
167 108
180 34
179 34
178 34
177 34
176 34
175 34
174 34
173 34
172 34
171 34
171 35
172 36
173 37
174 38
175 39
176 40
177 41
178 42
179 43
180 44
182 141
181 142
180 143
179 143
178 143
177 143
176 143
175 143
174 143
173 143
173 144
174 145
175 146
176 147
177 148
178 149
179 150
180 151
181 151
182 151
182 34
183 35
184 36
185 37
186 38
187 39
188 40
189 41
190 41
191 41
182 119
183 120
184 121
185 122
186 123
187 124
188 125
189 126
190 127
191 128
192 129
182 130
183 131
183 132
183 133
183 134
183 135
183 136
183 137
183 138
183 139
184 140
185 140
186 140
187 140
188 140
189 140
190 140
191 140
192 140
193 140
193 41
194 41
195 41
196 41
197 41
198 41
199 41
200 41
201 41
202 41
204 42
204 43
204 44
204 45
204 46
204 47
204 48
204 49
204 50
204 51
205 52
206 52
207 52
208 52
209 52
210 52
211 52
212 52
213 52
214 52
205 53
206 54
207 55
208 56
209 57
210 58
211 59
212 60
213 61
214 62
215 63
214 64
213 65
212 66
211 67
210 68
209 69
208 70
207 71
206 72
205 73
205 74
206 74
207 74
208 74
209 74
210 74
211 74
212 74
213 74
214 74
214 86
213 87
212 88
211 89
210 90
209 91
208 92
207 93
206 94
205 94
205 95
206 96
207 96
208 96
209 96
210 96
211 96
212 96
213 96
214 96
214 108
213 109
212 110
211 111
210 112
209 113
208 114
207 115
206 115
205 115
205 116
206 117
207 118
208 118
209 118
210 118
211 118
212 118
213 118
214 118
205 127
206 128
207 129
208 129
209 129
210 129
211 129
212 129
213 129
214 129
203 127
202 128
201 129
200 129
199 129
198 129
197 129
196 129
195 129
194 129
193 129
70 131
69 132
68 133
67 134
66 135
65 136
65 137
65 138
65 139
65 140
65 141
65 142
135 131
134 132
133 133
132 134
131 135
130 136
129 137
128 138
127 139
126 140
125 141
124 142
123 143
180 45
179 46
178 47
177 48
176 49
175 50
174 51
173 52
172 53
171 54
170 55
169 56
180 98
179 99
178 100
177 101
176 102
175 103
174 104
173 105
172 106
171 107
170 108
169 108
180 77
179 78
178 79
177 80
176 81
175 82
174 83
173 84
172 85
171 86
170 86
169 86
168 86
49 72
50 73
51 74
51 75
51 76
51 77
51 78
51 79
51 80
51 81
51 82
51 83
51 84
51 85
127 35
126 36
125 37
124 38
123 39
122 40
121 41
120 42
119 43
118 44
117 45
116 45
115 45
114 45
113 45
96 86
97 86
98 86
99 86
100 86
101 86
102 86
103 86
104 86
105 86
106 86
107 86
108 86
109 86
110 86
111 86
66 34
67 34
68 34
69 34
70 34
71 34
72 34
73 34
74 34
75 34
76 34
77 34
78 34
79 34
80 34
81 34
82 34
83 34
84 34
85 34
129 34
130 34
131 34
132 34
133 34
134 34
135 34
136 34
137 34
138 34
139 34
140 34
141 34
142 34
143 34
144 34
145 34
146 34
147 34
148 34
115
28 62
28 73
28 84
28 95
28 106
33 51
33 126
37 40
37 137
43 38
43 139
48 49
48 60
48 71
48 97
48 108
48 128
51 86
54 38
54 139
62 86
65 34
65 143
71 56
71 67
71 78
71 108
71 119
71 130
73 86
76 143
82 67
82 78
82 119
82 130
84 86
86 34
87 143
92 56
92 108
93 67
93 78
93 119
93 130
95 86
98 143
103 56
103 108
107 34
112 45
112 56
112 67
112 86
112 97
112 108
112 119
112 130
112 143
123 86
123 143
128 34
134 86
134 143
136 56
136 67
136 78
136 108
136 119
136 130
145 86
145 143
147 67
147 78
147 119
147 130
149 34
156 86
156 143
157 56
157 108
158 67
158 78
158 119
158 130
167 86
168 56
168 108
170 34
172 143
181 33
181 44
181 55
181 76
181 97
181 118
181 129
183 140
183 151
192 41
192 129
194 140
203 41
204 52
204 73
204 94
204 115
204 126
215 52
215 63
215 74
215 85
215 96
215 107
215 118
215 129
