1003
28 63
28 84
28 105
31 42
31 126
36 137
39 40
42 139
48 51
48 65
48 107
48 128
51 86
52 38
54 28
54 140
55 151
65 34
69 143
71 56
71 77
71 108
71 123
72 86
82 123
86 34
90 143
91 86
92 56
92 77
92 108
93 123
101 143
103 56
103 71
103 102
107 34
112 55
112 66
112 86
112 107
112 122
112 143
128 34
133 86
133 143
136 56
136 77
136 108
136 123
147 123
149 34
151 143
154 86
157 56
157 77
157 108
158 123
167 93
168 56
168 71
168 102
170 34
171 129
172 143
181 28
181 55
181 76
181 97
181 118
183 143
186 40
192 132
197 41
204 52
204 73
204 94
204 115
205 126
215 52
215 73
215 94
215 105
37 138
38 139
39 139
40 139
41 139
38 41
37 42
36 42
35 42
34 42
33 42
32 42
113 87
114 88
115 89
116 90
117 90
118 90
119 90
72 78
72 79
72 80
72 81
72 82
72 83
72 84
72 85
91 78
91 79
91 80
91 81
91 82
91 83
91 84
91 85
111 56
110 56
109 56
108 56
107 56
106 56
105 56
104 56
111 67
110 68
109 69
108 70
107 71
106 71
105 71
104 71
104 103
105 104
106 105
107 106
108 107
109 107
110 107
111 107
135 78
134 79
133 80
133 81
133 82
133 83
133 84
133 85
156 78
155 79
154 80
154 81
154 82
154 83
154 84
154 85
168 94
168 95
168 96
168 97
168 98
168 99
168 100
168 101
53 29
52 30
52 31
52 32
52 33
52 34
52 35
52 36
52 37
104 57
105 58
106 59
107 60
108 61
109 62
110 63
111 64
112 65
32 127
33 128
34 129
35 130
36 131
36 132
36 133
36 134
36 135
36 136
40 41
41 42
42 43
43 44
44 45
45 46
46 47
47 48
48 49
48 50
47 129
46 130
45 131
44 132
43 133
42 134
42 135
42 136
42 137
42 138
55 29
56 30
57 31
58 32
59 33
60 34
61 34
62 34
63 34
64 34
55 141
55 142
55 143
55 144
55 145
55 146
55 147
55 148
55 149
55 150
72 123
73 123
74 123
75 123
76 123
77 123
78 123
79 123
80 123
81 123
83 123
84 123
85 123
86 123
87 123
88 123
89 123
90 123
91 123
92 123
91 143
92 143
93 143
94 143
95 143
96 143
97 143
98 143
99 143
100 143
93 56
94 56
95 56
96 56
97 56
98 56
99 56
100 56
101 56
102 56
102 72
101 73
100 74
99 75
98 76
97 77
96 77
95 77
94 77
93 77
102 103
101 104
100 105
99 106
98 107
97 108
96 108
95 108
94 108
93 108
102 143
103 143
104 143
105 143
106 143
107 143
108 143
109 143
110 143
111 143
137 123
138 123
139 123
140 123
141 123
142 123
143 123
144 123
145 123
146 123
148 123
149 123
150 123
151 123
152 123
153 123
154 123
155 123
156 123
157 123
158 56
159 56
160 56
161 56
162 56
163 56
164 56
165 56
166 56
167 56
167 72
166 73
165 74
164 75
163 76
162 77
161 77
160 77
159 77
158 77
167 103
166 104
165 105
164 106
163 107
162 108
161 108
160 108
159 108
158 108
180 29
179 30
178 31
177 32
176 33
175 34
174 34
173 34
172 34
171 34
180 119
179 120
178 121
177 122
176 123
175 124
174 125
173 126
172 127
171 128
173 143
174 143
175 143
176 143
177 143
178 143
179 143
180 143
181 143
182 143
191 133
190 134
189 135
188 136
187 137
186 138
185 139
184 140
183 141
183 142
187 41
188 41
189 41
190 41
191 41
192 41
193 41
194 41
195 41
196 41
198 42
199 43
200 44
201 45
202 46
203 47
204 48
204 49
204 50
204 51
205 52
206 52
207 52
208 52
209 52
210 52
211 52
212 52
213 52
214 52
205 73
206 73
207 73
208 73
209 73
210 73
211 73
212 73
213 73
214 73
205 94
206 94
207 94
208 94
209 94
210 94
211 94
212 94
213 94
214 94
205 95
206 96
207 97
208 98
209 99
210 100
211 101
212 102
213 103
214 104
215 105
205 116
205 117
205 118
205 119
205 120
205 121
205 122
205 123
205 124
205 125
214 106
213 107
212 108
211 109
210 110
209 111
208 112
207 113
206 114
205 115
43 140
44 140
45 140
46 140
47 140
48 140
49 140
50 140
51 140
52 140
53 140
182 29
183 30
184 31
185 32
186 33
186 34
186 35
186 36
186 37
186 38
186 39
51 39
50 40
49 40
48 40
47 40
46 40
45 40
44 40
43 40
42 40
41 40
40 40
132 87
131 88
130 89
129 90
128 90
127 90
126 90
125 90
124 90
123 90
122 90
121 90
155 87
156 88
157 89
158 90
159 91
160 92
161 93
162 93
163 93
164 93
165 93
166 93
159 124
160 125
161 126
162 127
163 128
164 129
165 129
166 129
167 129
168 129
169 129
170 129
180 56
179 56
178 56
177 56
176 56
175 56
174 56
173 56
172 56
171 56
170 56
169 56
169 72
170 73
171 74
172 75
173 76
174 76
175 76
176 76
177 76
178 76
179 76
180 76
180 98
179 99
178 100
177 101
176 102
175 102
174 102
173 102
172 102
171 102
170 102
169 102
204 127
203 128
202 129
201 130
200 131
199 132
198 132
197 132
196 132
195 132
194 132
193 132
68 144
67 145
66 146
65 147
64 148
63 149
62 150
61 151
60 151
59 151
58 151
57 151
56 151
172 130
172 131
172 132
172 133
172 134
172 135
172 136
172 137
172 138
172 139
172 140
172 141
172 142
91 109
90 110
89 111
88 112
87 113
86 114
85 115
84 116
83 117
82 118
82 119
82 120
82 121
82 122
104 72
105 73
106 74
107 75
108 76
109 77
110 78
111 79
112 80
112 81
112 82
112 83
112 84
112 85
156 109
155 110
154 111
153 112
152 113
151 114
150 115
149 116
148 117
147 118
147 119
147 120
147 121
147 122
158 57
159 58
160 59
161 60
162 61
163 62
164 63
165 64
166 65
167 66
168 67
168 68
168 69
168 70
185 41
184 42
183 43
182 44
181 45
181 46
181 47
181 48
181 49
181 50
181 51
181 52
181 53
181 54
92 87
93 88
94 89
95 90
96 91
97 92
98 93
99 94
100 95
101 96
102 97
103 98
103 99
103 100
103 101
70 124
69 125
68 126
67 127
66 128
65 129
64 130
63 131
62 132
61 133
60 134
59 135
58 136
57 137
56 138
55 139
54 140
134 143
135 143
136 143
137 143
138 143
139 143
140 143
141 143
142 143
143 143
144 143
145 143
146 143
147 143
148 143
149 143
150 143
137 78
138 79
139 80
140 81
141 82
142 83
143 84
144 85
145 86
146 86
147 86
148 86
149 86
150 86
151 86
152 86
153 86
47 108
46 109
45 110
44 111
43 112
42 113
41 114
40 115
39 116
38 117
37 118
36 119
35 120
34 121
33 122
32 123
31 124
31 125
53 39
54 40
55 41
56 42
57 43
58 44
59 45
60 46
61 47
62 48
63 49
64 50
65 51
66 52
67 53
68 54
69 55
70 56
73 86
74 86
75 86
76 86
77 86
78 86
79 86
80 86
81 86
82 86
83 86
84 86
85 86
86 86
87 86
88 86
89 86
90 86
47 52
46 53
45 54
44 55
43 56
42 57
41 58
40 59
39 60
38 61
37 62
36 63
35 63
34 63
33 63
32 63
31 63
30 63
29 63
47 66
46 67
45 68
44 69
43 70
42 71
41 72
40 73
39 74
38 75
37 76
36 77
35 78
34 79
33 80
32 81
31 82
30 83
29 84
29 106
30 107
31 107
32 107
33 107
34 107
35 107
36 107
37 107
38 107
39 107
40 107
41 107
42 107
43 107
44 107
45 107
46 107
47 107
70 78
69 79
68 80
67 81
66 82
65 83
64 84
63 85
62 86
61 86
60 86
59 86
58 86
57 86
56 86
55 86
54 86
53 86
52 86
72 124
73 125
74 126
75 127
76 128
77 129
78 130
79 131
80 132
81 133
82 134
83 135
84 136
85 137
86 138
87 139
88 140
89 141
90 142
135 124
134 125
133 126
133 127
133 128
133 129
133 130
133 131
133 132
133 133
133 134
133 135
133 136
133 137
133 138
133 139
133 140
133 141
133 142
66 34
67 34
68 34
69 34
70 34
71 34
72 34
73 34
74 34
75 34
76 34
77 34
78 34
79 34
80 34
81 34
82 34
83 34
84 34
85 34
87 34
88 34
89 34
90 34
91 34
92 34
93 34
94 34
95 34
96 34
97 34
98 34
99 34
100 34
101 34
102 34
103 34
104 34
105 34
106 34
108 34
109 34
110 34
111 34
112 34
113 34
114 34
115 34
116 34
117 34
118 34
119 34
120 34
121 34
122 34
123 34
124 34
125 34
126 34
127 34
129 34
130 34
131 34
132 34
133 34
134 34
135 34
136 34
137 34
138 34
139 34
140 34
141 34
142 34
143 34
144 34
145 34
146 34
147 34
148 34
83
28 63
28 84
28 105
31 42
31 126
36 137
39 40
42 139
48 51
48 65
48 107
48 128
51 86
52 38
54 28
54 140
55 151
65 34
69 143
71 56
71 77
71 108
71 123
72 86
82 123
86 34
90 143
91 86
92 56
92 77
92 108
93 123
101 143
103 56
103 71
103 102
107 34
112 55
112 66
112 86
112 107
112 122
112 143
128 34
133 86
133 143
136 56
136 77
136 108
136 123
147 123
149 34
151 143
154 86
157 56
157 77
157 108
158 123
167 93
168 56
168 71
168 102
170 34
171 129
172 143
181 28
181 55
181 76
181 97
181 118
183 143
186 40
192 132
197 41
204 52
204 73
204 94
204 115
205 126
215 52
215 73
215 94
215 105
