619
121 91
122 92
123 93
124 94
125 95
126 96
127 97
128 98
129 99
130 100
131 101
132 102
133 103
134 104
135 105
136 106
136 107
136 108
137 108
138 108
139 108
140 108
141 108
142 108
143 108
144 108
145 108
146 108
147 108
148 108
149 108
150 108
151 108
152 108
153 108
154 108
155 108
156 108
157 108
158 107
159 106
160 105
161 104
162 103
163 102
164 101
165 100
166 99
167 98
168 97
169 97
170 97
171 97
172 97
173 97
174 97
175 97
176 97
177 97
178 97
179 97
180 97
181 97
181 96
181 95
181 94
181 93
181 92
181 91
181 90
181 89
181 88
181 87
181 86
181 85
181 84
181 83
181 82
181 81
181 80
181 79
181 78
181 77
181 76
181 75
181 74
181 73
181 72
181 71
181 70
181 69
181 68
181 67
181 66
181 65
181 64
181 63
181 62
181 61
181 60
181 59
181 58
181 57
181 56
181 55
180 54
179 53
178 52
177 51
176 50
175 49
174 48
173 47
172 46
171 45
170 44
170 43
170 42
170 41
170 40
170 39
170 38
170 37
170 36
170 35
170 34
169 34
168 34
167 34
166 34
165 34
164 34
163 34
162 34
161 34
160 34
159 34
158 34
157 34
156 34
155 34
154 34
153 34
152 34
151 34
150 34
149 34
148 34
147 34
146 34
145 34
144 34
143 34
142 34
141 34
140 34
139 34
138 34
137 34
136 34
135 34
134 34
133 34
132 34
131 34
130 34
129 34
128 34
127 34
126 34
125 34
124 34
123 34
122 34
121 34
120 34
119 34
118 34
117 34
116 34
115 34
114 34
113 34
112 34
111 34
110 34
109 34
108 34
107 34
106 34
105 34
104 34
103 34
102 34
101 34
100 34
99 34
98 34
97 34
96 34
95 34
94 34
93 34
92 34
91 34
90 34
89 34
88 34
87 34
86 34
85 34
84 34
83 34
82 34
81 34
80 34
79 34
78 34
77 34
76 34
75 34
74 34
73 34
72 34
71 34
70 34
69 34
68 34
67 34
66 34
65 34
66 35
67 36
68 37
69 38
70 39
71 40
71 41
71 42
71 43
71 44
71 45
71 46
71 47
71 48
71 49
71 50
71 51
71 52
71 53
71 54
71 55
71 56
72 56
73 56
74 56
75 56
76 56
77 56
78 56
79 56
80 56
81 56
82 56
83 56
84 56
85 56
86 56
87 56
88 56
89 56
90 56
91 56
92 56
93 56
94 56
95 56
96 56
97 56
98 56
99 56
100 56
101 56
102 56
103 56
104 56
105 56
106 56
107 56
108 56
109 56
110 56
111 56
112 56
113 56
114 56
115 56
116 56
117 56
118 56
119 56
120 56
121 56
122 56
123 56
124 56
125 56
126 56
127 56
128 56
129 56
130 56
131 56
132 56
133 56
134 56
135 56
136 56
137 56
138 56
139 56
140 56
141 56
142 56
143 56
144 56
145 56
146 56
147 56
148 56
149 56
150 56
151 56
152 56
153 56
154 56
155 56
156 56
157 56
158 55
159 54
160 53
161 52
162 52
163 52
164 52
165 52
166 52
167 52
168 52
169 52
170 52
171 52
172 52
173 52
174 52
175 52
176 52
177 52
179 52
180 52
181 52
182 52
183 52
184 52
185 52
186 52
187 52
188 52
189 52
190 52
191 52
192 52
193 52
194 52
195 52
196 52
197 52
198 52
199 52
200 52
201 52
202 52
203 52
204 52
204 53
204 54
204 55
204 56
204 57
204 58
204 59
204 60
204 61
204 62
204 63
204 64
204 65
204 66
204 67
204 68
204 69
204 70
204 71
204 72
204 73
204 74
204 75
204 76
204 77
204 78
204 79
204 80
204 81
204 82
204 83
204 84
204 85
204 86
204 87
204 88
204 89
204 90
204 91
204 92
204 93
204 94
204 95
204 96
204 97
204 98
204 99
204 100
204 101
204 102
204 103
204 104
204 105
204 106
204 107
204 108
204 109
204 110
204 111
204 112
204 113
204 114
204 115
203 116
202 117
201 118
200 118
199 118
198 118
197 118
196 118
195 118
194 118
193 118
192 118
191 118
190 118
189 118
188 118
187 118
186 118
185 118
184 118
183 118
182 118
181 118
180 119
179 120
178 121
177 122
176 123
175 124
174 125
173 126
172 127
171 128
170 129
169 130
168 131
167 132
166 133
165 134
164 135
163 136
162 137
161 138
160 139
159 140
158 141
157 142
156 143
155 143
154 143
153 143
152 143
151 143
150 143
149 143
148 143
147 143
146 143
145 143
144 143
143 143
142 143
141 143
140 143
139 143
138 143
137 143
136 143
135 143
134 143
133 143
132 143
131 143
130 143
129 143
128 143
127 143
126 143
125 143
124 143
123 143
122 143
121 143
120 143
119 143
118 143
117 143
116 143
115 143
114 143
113 143
112 143
111 142
110 141
109 140
108 139
107 138
106 137
105 136
104 135
103 134
102 133
101 132
100 131
99 130
98 129
97 128
96 127
95 126
94 125
93 124
92 123
92 122
92 121
92 120
92 119
92 118
92 117
92 116
92 115
92 114
92 113
92 112
92 111
92 110
92 109
92 108
91 108
90 108
89 108
88 108
87 108
86 108
85 108
84 108
83 108
82 108
81 108
80 108
79 108
78 108
77 108
76 108
75 108
74 108
73 108
72 108
71 108
70 109
69 110
68 111
67 112
66 113
65 114
64 115
63 116
62 117
61 118
60 119
59 120
58 121
57 122
56 123
55 124
54 125
53 126
52 127
51 128
50 128
49 128
48 128
24
65 34
71 56
71 108
86 34
92 56
92 108
107 34
128 34
136 56
136 108
149 34
157 56
157 108
170 34
181 55
181 76
181 97
181 118
204 52
204 73
204 94
204 115
112 143
48 128
