1317
119 89
118 88
117 87
116 86
115 86
114 86
113 86
112 86
121 89
122 88
123 87
124 86
125 86
126 86
127 86
128 86
129 86
130 86
131 86
132 86
133 86
134 85
135 84
136 83
136 82
136 81
136 80
136 79
136 78
136 77
111 85
110 84
109 83
108 82
107 81
106 80
105 79
104 78
103 77
103 76
103 75
103 74
103 73
103 72
103 71
104 70
105 69
106 68
107 67
108 66
109 66
110 66
111 66
112 66
111 65
110 64
109 63
108 62
107 61
106 60
105 59
104 58
103 57
103 56
104 55
105 55
106 55
107 55
108 55
109 55
110 55
111 55
112 55
102 72
101 73
100 74
99 75
98 76
97 77
96 77
95 77
94 77
93 77
92 77
91 78
91 79
91 80
91 81
91 82
91 83
91 84
91 85
91 86
92 87
93 88
94 89
95 90
96 91
97 92
98 93
99 94
100 95
101 96
102 97
103 98
103 99
103 100
103 101
103 102
104 103
105 104
106 105
107 106
108 107
109 107
110 107
111 107
112 107
102 103
101 104
100 105
99 106
98 107
97 108
96 108
95 108
94 108
93 108
92 108
112 108
112 109
112 110
112 111
112 112
112 113
112 114
112 115
112 116
112 117
112 118
112 119
112 120
112 121
112 122
93 109
93 110
93 111
93 112
93 113
93 114
93 115
93 116
93 117
93 118
93 119
93 120
93 121
93 122
93 123
92 123
91 123
90 123
89 123
88 123
87 123
86 123
85 123
84 123
83 123
82 123
81 123
80 123
79 123
78 123
77 123
76 123
75 123
74 123
73 123
72 123
71 123
81 122
80 121
79 120
78 119
77 118
76 117
75 116
74 115
73 114
72 113
71 112
71 111
71 110
71 109
71 108
72 107
72 106
72 105
72 104
72 103
72 102
72 101
72 100
72 99
72 98
72 97
72 96
72 95
72 94
72 93
72 92
72 91
72 90
72 89
72 88
72 87
72 86
71 85
71 84
71 83
71 82
71 81
71 80
71 79
71 78
71 77
70 78
69 79
68 80
67 81
66 82
65 83
64 84
63 85
62 86
61 86
60 86
59 86
58 86
57 86
56 86
55 86
54 86
53 86
52 86
51 86
50 85
49 84
48 83
48 82
48 81
48 80
48 79
48 78
48 77
48 76
48 75
48 74
48 73
48 72
48 71
48 70
48 69
48 68
48 67
48 66
48 65
48 64
48 63
48 62
48 61
48 60
48 59
48 58
48 57
48 56
48 55
48 54
48 53
48 52
48 51
47 50
46 49
45 48
44 47
43 46
42 45
41 44
40 43
39 42
39 41
39 40
38 41
37 42
36 42
35 42
34 42
33 42
32 42
31 42
49 50
50 49
51 48
52 47
52 46
52 45
52 44
52 43
52 42
52 41
52 40
52 39
52 38
53 37
54 36
54 35
54 34
54 33
54 32
54 31
54 30
54 29
54 28
55 29
56 30
57 31
58 32
59 33
60 34
61 34
62 34
63 34
64 34
65 34
66 35
67 36
68 37
69 38
70 39
71 40
71 41
71 42
71 43
71 44
71 45
71 46
71 47
71 48
71 49
71 50
71 51
71 52
71 53
71 54
71 55
71 56
66 34
67 34
68 34
69 34
70 34
71 34
72 34
73 34
74 34
75 34
76 34
77 34
78 34
79 34
80 34
81 34
82 34
83 34
84 34
85 34
86 34
72 56
73 56
74 56
75 56
76 56
77 56
78 56
79 56
80 56
81 56
82 56
83 56
84 56
85 56
86 56
87 56
88 56
89 56
90 56
91 56
92 56
87 34
88 34
89 34
90 34
91 34
92 34
93 34
94 34
95 34
96 34
97 34
98 34
99 34
100 34
101 34
102 34
103 34
104 34
105 34
106 34
107 34
108 34
109 34
110 34
111 34
112 34
113 34
114 34
115 34
116 34
117 34
118 34
119 34
120 34
121 34
122 34
123 34
124 34
125 34
126 34
127 34
128 34
129 34
130 34
131 34
132 34
133 34
134 34
135 34
136 34
137 34
138 34
139 34
140 34
141 34
142 34
143 34
144 34
145 34
146 34
147 34
148 34
149 34
150 34
151 34
152 34
153 34
154 34
155 34
156 34
157 34
158 34
159 34
160 34
161 34
162 34
163 34
164 34
165 34
166 34
167 34
168 34
169 34
170 34
171 33
172 32
173 31
174 30
175 29
176 28
177 28
178 28
179 28
180 28
181 28
182 29
183 30
184 31
185 32
186 33
186 34
186 35
186 36
186 37
186 38
186 39
186 40
187 41
188 41
189 41
190 41
191 41
192 41
193 41
194 41
195 41
196 41
197 41
198 42
199 43
200 44
201 45
202 46
203 47
204 48
204 49
204 50
204 51
204 52
205 52
206 52
207 52
208 52
209 52
210 52
211 52
212 52
213 52
214 52
215 52
214 53
213 54
212 55
211 56
210 57
209 58
208 59
207 60
206 61
205 62
204 63
204 64
204 65
204 66
204 67
204 68
204 69
204 70
204 71
204 72
204 73
205 73
206 73
207 73
208 73
209 73
210 73
211 73
212 73
213 73
214 73
215 73
214 74
213 75
212 76
211 77
210 78
209 79
208 80
207 81
206 82
205 83
204 84
204 85
204 86
204 87
204 88
204 89
204 90
204 91
204 92
204 93
204 94
205 94
206 94
207 94
208 94
209 94
210 94
211 94
212 94
213 94
214 94
215 94
215 95
215 96
215 97
215 98
215 99
215 100
215 101
215 102
215 103
215 104
215 105
214 106
213 107
212 108
211 109
210 110
209 111
208 112
207 113
206 114
205 115
204 115
205 116
205 117
205 118
205 119
205 120
205 121
205 122
205 123
205 124
205 125
205 126
204 127
203 128
202 129
201 130
200 131
199 132
198 132
197 132
196 132
195 132
194 132
193 132
192 132
191 133
190 134
189 135
188 136
187 137
186 138
185 139
184 140
183 141
183 142
183 143
182 143
181 143
180 143
179 143
178 143
177 143
176 143
175 143
174 143
173 143
172 143
171 142
171 141
171 140
171 139
171 138
171 137
171 136
171 135
171 134
171 133
171 132
171 131
171 130
171 129
172 128
173 127
174 126
175 125
176 124
177 123
178 122
179 121
180 120
181 119
181 118
180 117
179 116
178 115
177 114
176 113
175 112
174 111
173 110
172 109
171 108
170 107
169 106
168 105
168 104
168 103
168 102
167 101
167 100
167 99
167 98
167 97
167 96
167 95
167 94
167 93
166 92
165 91
164 90
163 89
162 88
161 87
160 86
159 86
158 86
157 86
156 86
155 86
154 86
155 85
156 84
157 83
157 82
157 81
157 80
157 79
157 78
157 77
158 76
159 75
160 74
161 73
162 72
163 71
164 71
165 71
166 71
167 71
168 71
169 72
170 73
171 74
172 75
173 76
174 76
175 76
176 76
177 76
178 76
179 76
180 76
181 76
180 75
179 74
178 73
177 72
176 71
175 70
174 69
173 68
172 67
171 66
170 65
169 64
168 63
168 62
168 61
168 60
168 59
168 58
168 57
168 56
167 56
166 56
165 56
164 56
163 56
162 56
161 56
160 56
159 56
158 56
157 56
156 56
155 56
154 56
153 56
152 56
151 56
150 56
149 56
148 56
147 56
146 56
145 56
144 56
143 56
142 56
141 56
140 56
139 56
138 56
137 56
136 56
137 55
138 55
139 55
140 55
141 55
142 55
143 55
144 55
145 55
146 55
147 55
148 55
149 55
150 55
151 55
152 55
153 55
154 55
155 55
156 55
157 55
158 55
159 55
160 55
161 55
162 55
163 55
164 55
165 55
166 55
167 55
168 55
169 55
170 55
171 55
172 55
173 55
174 55
175 55
176 55
177 55
178 55
179 55
180 55
181 55
181 56
181 57
181 58
181 59
181 60
181 61
181 62
181 63
181 64
181 65
181 66
181 67
181 68
181 69
181 70
181 71
181 72
181 73
181 74
181 75
181 77
181 78
181 79
181 80
181 81
181 82
181 83
181 84
181 85
181 86
181 87
181 88
181 89
181 90
181 91
181 92
181 93
181 94
181 95
181 96
181 97
180 98
179 99
178 100
177 101
176 102
175 103
174 104
173 105
172 106
171 107
170 108
169 108
168 108
167 108
166 108
165 108
164 108
163 108
162 108
161 108
160 108
159 108
158 108
157 108
158 109
158 110
158 111
158 112
158 113
158 114
158 115
158 116
158 117
158 118
158 119
158 120
158 121
158 122
158 123
157 123
156 123
155 123
154 123
153 123
152 123
151 123
150 123
149 123
148 123
147 123
146 123
145 123
144 123
143 123
142 123
141 123
140 123
139 123
138 123
137 123
136 123
136 122
136 121
136 120
136 119
136 118
136 117
136 116
136 115
136 114
136 113
136 112
136 111
136 110
136 109
136 108
135 109
134 110
133 111
132 112
131 113
130 114
129 115
128 116
127 117
126 118
125 119
124 120
123 121
122 122
121 123
120 124
119 125
118 126
117 127
116 128
115 129
114 130
113 131
112 132
112 133
112 134
112 135
112 136
112 137
112 138
112 139
112 140
112 141
112 142
112 143
111 143
110 143
109 143
108 143
107 143
106 143
105 143
104 143
103 143
102 143
101 143
100 143
99 143
98 143
97 143
96 143
95 143
94 143
93 143
92 143
91 143
90 143
89 143
88 143
87 143
86 143
85 143
84 143
83 143
82 143
81 143
80 143
79 143
78 143
77 143
76 143
75 143
74 143
73 143
72 143
71 143
70 143
69 143
68 144
67 145
66 146
65 147
64 148
63 149
62 150
61 151
60 151
59 151
58 151
57 151
56 151
55 151
54 150
54 149
54 148
54 147
54 146
54 145
54 144
54 143
54 142
54 141
54 140
53 139
52 138
51 137
50 136
49 135
48 134
48 133
48 132
48 131
48 130
48 129
48 128
47 129
46 130
45 131
44 132
43 133
42 134
42 135
42 136
42 137
42 138
42 139
41 138
40 137
39 137
38 137
37 137
36 137
35 136
34 135
33 134
32 133
31 132
31 131
31 130
31 129
31 128
31 127
31 126
32 125
33 124
34 123
35 122
36 121
37 120
38 119
39 118
40 117
41 116
42 115
43 114
44 113
45 112
46 111
47 110
48 109
48 108
48 107
47 106
46 105
45 105
44 105
43 105
42 105
41 105
40 105
39 105
38 105
37 105
36 105
35 105
34 105
33 105
32 105
31 105
30 105
29 105
28 105
28 104
28 103
28 102
28 101
28 100
28 99
28 98
28 97
28 96
28 95
28 94
28 93
28 92
28 91
28 90
28 89
28 88
28 87
28 86
28 85
28 84
28 83
28 82
28 81
28 80
28 79
28 78
28 77
28 76
28 75
28 74
28 73
28 72
28 71
28 70
28 69
28 68
28 67
28 66
28 65
28 64
28 63
29 64
30 65
31 66
32 67
33 68
34 69
35 70
36 71
37 72
38 73
39 74
40 75
41 76
42 77
43 78
44 79
45 80
46 81
47 82
52 87
53 88
54 89
55 90
56 91
57 92
58 93
59 94
60 95
61 96
62 97
63 98
64 99
65 100
66 101
67 102
68 103
69 104
70 105
71 106
73 108
74 109
75 110
76 111
77 112
78 113
79 114
80 115
81 116
82 117
83 118
84 119
85 120
86 121
87 122
89 124
90 125
91 126
92 127
93 128
94 129
95 130
96 131
97 132
98 133
99 134
100 135
101 136
102 137
103 138
104 139
105 140
106 141
107 142
113 143
114 143
115 143
116 143
117 143
118 143
119 143
120 143
121 143
122 143
123 143
124 143
125 143
126 143
127 143
128 143
129 143
130 143
131 143
132 143
133 143
134 143
135 143
136 143
137 143
138 143
139 143
140 143
141 143
142 143
143 143
144 143
145 143
146 143
147 143
148 143
149 143
150 143
151 143
83
65 34
71 56
71 108
86 34
92 56
92 108
107 34
128 34
136 56
136 108
149 34
157 56
157 108
170 34
181 55
181 76
181 97
181 118
204 52
204 73
204 94
204 115
112 143
172 143
51 86
48 128
112 86
69 143
90 143
133 143
48 51
48 107
112 55
112 107
151 143
28 63
28 84
28 105
71 77
92 77
136 77
157 77
93 123
158 123
31 126
71 123
136 123
72 86
133 86
154 86
192 132
91 86
112 122
48 65
186 40
31 42
112 66
205 126
54 140
167 93
52 38
171 129
183 143
103 56
168 56
215 52
215 73
215 94
101 143
197 41
82 123
103 71
103 102
147 123
168 71
168 102
181 28
215 105
39 40
55 151
36 137
42 139
54 28
