353
65 34
71 56
71 108
86 34
92 56
92 108
107 34
128 34
136 56
136 108
149 34
157 56
157 108
170 34
181 55
181 76
181 97
181 118
204 52
204 73
204 94
204 115
121 91
122 92
123 93
124 94
125 95
126 96
127 97
128 98
129 99
130 100
131 101
132 102
133 103
134 104
135 105
136 106
136 107
66 34
67 34
68 34
69 34
70 34
71 34
72 34
73 34
74 34
75 34
76 34
77 34
78 34
79 34
80 34
81 34
82 34
83 34
84 34
85 34
72 56
73 56
74 56
75 56
76 56
77 56
78 56
79 56
80 56
81 56
82 56
83 56
84 56
85 56
86 56
87 56
88 56
89 56
90 56
91 56
72 108
73 108
74 108
75 108
76 108
77 108
78 108
79 108
80 108
81 108
82 108
83 108
84 108
85 108
86 108
87 108
88 108
89 108
90 108
91 108
87 34
88 34
89 34
90 34
91 34
92 34
93 34
94 34
95 34
96 34
97 34
98 34
99 34
100 34
101 34
102 34
103 34
104 34
105 34
106 34
108 34
109 34
110 34
111 34
112 34
113 34
114 34
115 34
116 34
117 34
118 34
119 34
120 34
121 34
122 34
123 34
124 34
125 34
126 34
127 34
129 34
130 34
131 34
132 34
133 34
134 34
135 34
136 34
137 34
138 34
139 34
140 34
141 34
142 34
143 34
144 34
145 34
146 34
147 34
148 34
137 56
138 56
139 56
140 56
141 56
142 56
143 56
144 56
145 56
146 56
147 56
148 56
149 56
150 56
151 56
152 56
153 56
154 56
155 56
156 56
137 108
138 108
139 108
140 108
141 108
142 108
143 108
144 108
145 108
146 108
147 108
148 108
149 108
150 108
151 108
152 108
153 108
154 108
155 108
156 108
150 34
151 34
152 34
153 34
154 34
155 34
156 34
157 34
158 34
159 34
160 34
161 34
162 34
163 34
164 34
165 34
166 34
167 34
168 34
169 34
171 35
172 36
173 37
174 38
175 39
176 40
177 41
178 42
179 43
180 44
181 45
181 46
181 47
181 48
181 49
181 50
181 51
181 52
181 53
181 54
66 35
67 36
68 37
69 38
70 39
71 40
71 41
71 42
71 43
71 44
71 45
71 46
71 47
71 48
71 49
71 50
71 51
71 52
71 53
71 54
71 55
129 35
130 36
131 37
132 38
133 39
134 40
135 41
136 42
136 43
136 44
136 45
136 46
136 47
136 48
136 49
136 50
136 51
136 52
136 53
136 54
136 55
203 53
202 54
201 55
200 55
199 55
198 55
197 55
196 55
195 55
194 55
193 55
192 55
191 55
190 55
189 55
188 55
187 55
186 55
185 55
184 55
183 55
182 55
180 98
179 99
178 100
177 101
176 102
175 103
174 104
173 105
172 106
171 107
170 108
169 108
168 108
167 108
166 108
165 108
164 108
163 108
162 108
161 108
160 108
159 108
158 108
119 91
118 92
117 93
116 94
115 95
114 96
113 97
112 98
111 99
110 100
109 101
108 102
107 103
106 104
105 105
104 106
103 107
102 108
101 108
100 108
99 108
98 108
97 108
96 108
95 108
94 108
93 108
22
65 34
71 56
71 108
86 34
92 56
92 108
107 34
128 34
136 56
136 108
149 34
157 56
157 108
170 34
181 55
181 76
181 97
181 118
204 52
204 73
204 94
204 115
