1095
28 62
28 73
28 84
28 95
28 106
33 51
33 126
37 40
37 137
43 38
43 139
48 49
48 60
48 71
48 97
48 108
48 128
51 86
54 38
54 139
62 86
65 34
65 143
71 56
71 67
71 78
71 108
71 119
71 130
73 86
76 143
82 34
82 56
82 67
82 78
82 119
82 130
84 86
87 139
92 108
93 24
93 35
93 56
93 77
93 129
93 150
95 86
98 139
103 108
104 34
112 45
112 56
112 67
112 86
112 97
112 108
112 119
112 130
112 143
123 86
123 143
125 34
134 86
134 143
136 56
136 67
136 78
136 108
136 119
136 130
145 86
145 139
146 34
147 55
147 76
147 129
147 150
157 35
157 108
158 24
158 46
158 67
158 78
158 129
158 143
159 88
168 108
169 34
169 150
171 55
171 87
171 107
171 128
171 139
180 35
180 76
181 24
182 46
182 57
182 97
182 108
182 119
182 131
182 149
185 142
191 68
191 79
193 41
193 130
204 41
204 52
204 73
204 94
204 115
204 126
215 52
215 63
215 74
215 85
215 96
215 107
215 118
215 129
170 108
169 108
122 87
121 88
120 89
42 39
41 40
40 40
39 40
38 40
38 138
39 139
40 139
41 139
42 139
184 143
183 144
182 145
182 146
182 147
182 148
72 79
73 80
73 81
73 82
73 83
73 84
73 85
83 79
84 80
84 81
84 82
84 83
84 84
84 85
113 87
114 88
115 89
116 90
117 90
118 90
119 90
119 91
118 92
117 93
116 94
115 95
114 96
113 97
135 79
134 80
134 81
134 82
134 83
134 84
134 85
70 79
69 80
68 81
67 82
66 83
65 84
64 85
63 86
81 79
80 80
79 81
78 82
77 83
76 84
75 85
74 86
83 131
84 132
85 133
86 134
87 135
87 136
87 137
87 138
92 78
91 79
90 80
89 81
88 82
87 83
86 84
85 85
84 86
94 78
95 79
95 80
95 81
95 82
95 83
95 84
95 85
104 108
105 108
106 108
107 108
108 108
109 108
110 108
111 108
137 79
138 80
139 81
140 82
141 83
142 84
143 85
144 86
137 131
138 132
139 133
140 134
141 135
142 136
143 137
144 138
145 139
92 130
91 131
90 132
89 133
88 134
87 135
87 136
87 137
87 138
94 130
95 131
96 132
97 133
98 134
98 135
98 136
98 137
98 138
146 77
145 78
145 79
145 80
145 81
145 82
145 83
145 84
145 85
146 130
145 131
145 132
145 133
145 134
145 135
145 136
145 137
145 138
159 79
159 80
159 81
159 82
159 83
159 84
159 85
159 86
159 87
32 52
31 53
30 54
29 55
28 56
28 57
28 58
28 59
28 60
28 61
36 41
35 42
34 43
33 44
33 45
33 46
33 47
33 48
33 49
33 50
34 127
35 128
36 129
37 130
37 131
37 132
37 133
37 134
37 135
37 136
38 41
39 42
40 43
41 44
42 45
43 46
44 47
45 48
46 49
47 49
47 129
46 130
45 131
44 132
43 133
42 134
41 135
40 136
39 137
38 137
44 38
45 38
46 38
47 38
48 38
49 38
50 38
51 38
52 38
53 38
44 139
45 139
46 139
47 139
48 139
49 139
50 139
51 139
52 139
53 139
50 87
49 88
48 89
48 90
48 91
48 92
48 93
48 94
48 95
48 96
52 86
53 86
54 86
55 86
56 86
57 86
58 86
59 86
60 86
61 86
64 35
63 36
62 37
61 38
60 38
59 38
58 38
57 38
56 38
55 38
55 140
56 141
57 142
58 143
59 143
60 143
61 143
62 143
63 143
64 143
66 143
67 143
68 143
69 143
70 143
71 143
72 143
73 143
74 143
75 143
72 56
73 56
74 56
75 56
76 56
77 56
78 56
79 56
80 56
81 56
72 57
73 58
74 59
75 60
76 61
77 62
78 63
79 64
80 65
81 66
82 67
72 109
73 110
74 111
75 112
76 113
77 114
78 115
79 116
80 117
81 118
82 119
72 120
73 121
74 122
75 123
76 124
77 125
78 126
79 127
80 128
81 129
82 130
86 140
85 141
84 142
83 143
82 143
81 143
80 143
79 143
78 143
77 143
92 25
91 26
90 27
89 28
88 29
87 30
86 31
85 32
84 33
83 34
83 35
84 35
85 35
86 35
87 35
88 35
89 35
90 35
91 35
92 35
83 56
84 56
85 56
86 56
87 56
88 56
89 56
90 56
91 56
92 56
91 109
90 110
89 111
88 112
87 113
86 114
85 115
84 116
83 117
82 118
88 140
89 141
90 142
91 143
92 144
93 145
93 146
93 147
93 148
93 149
93 108
94 108
95 108
96 108
97 108
98 108
99 108
100 108
101 108
102 108
94 25
95 26
96 27
97 28
98 29
99 30
100 31
101 32
102 33
103 34
111 98
110 99
109 100
108 101
107 102
106 103
105 104
104 105
103 106
103 107
104 109
105 110
106 111
107 112
108 113
109 114
110 115
111 116
112 117
112 118
105 35
106 36
107 37
108 38
109 39
110 40
111 41
112 42
112 43
112 44
113 143
114 143
115 143
116 143
117 143
118 143
119 143
120 143
121 143
122 143
124 86
125 86
126 86
127 86
128 86
129 86
130 86
131 86
132 86
133 86
124 143
125 143
126 143
127 143
128 143
129 143
130 143
131 143
132 143
133 143
144 140
143 141
142 142
141 143
140 143
139 143
138 143
137 143
136 143
135 143
146 56
145 56
144 56
143 56
142 56
141 56
140 56
139 56
138 56
137 56
146 140
147 141
147 142
147 143
147 144
147 145
147 146
147 147
147 148
147 149
147 35
148 35
149 35
150 35
151 35
152 35
153 35
154 35
155 35
156 35
157 47
156 48
155 49
154 50
153 51
152 52
151 53
150 54
149 55
148 55
157 68
156 69
155 70
154 71
153 72
152 73
151 74
150 75
149 76
148 76
148 77
149 78
150 78
151 78
152 78
153 78
154 78
155 78
156 78
157 78
148 129
149 129
150 129
151 129
152 129
153 129
154 129
155 129
156 129
157 129
157 144
156 145
155 146
154 147
153 148
152 149
151 150
150 150
149 150
148 150
157 25
157 26
157 27
157 28
157 29
157 30
157 31
157 32
157 33
157 34
158 36
158 37
158 38
158 39
158 40
158 41
158 42
158 43
158 44
158 45
158 108
159 108
160 108
161 108
162 108
163 108
164 108
165 108
166 108
167 108
159 25
160 26
161 27
162 28
163 29
164 30
165 31
166 32
167 33
168 34
159 144
160 145
161 146
162 147
163 148
164 149
165 150
166 150
167 150
168 150
170 35
171 35
172 35
173 35
174 35
175 35
176 35
177 35
178 35
179 35
170 140
169 141
169 142
169 143
169 144
169 145
169 146
169 147
169 148
169 149
181 47
180 48
179 49
178 50
177 51
176 52
175 53
174 54
173 55
172 55
172 56
173 57
174 57
175 57
176 57
177 57
178 57
179 57
180 57
181 57
179 77
178 78
177 79
176 80
175 81
174 82
173 83
172 84
171 85
171 86
172 88
173 89
174 90
175 91
176 92
177 93
178 94
179 95
180 96
181 97
181 98
180 99
179 100
178 101
177 102
176 103
175 104
174 105
173 106
172 107
172 108
173 108
174 108
175 108
176 108
177 108
178 108
179 108
180 108
181 108
181 120
180 121
179 122
178 123
177 124
176 125
175 126
174 127
173 128
172 128
172 129
173 130
174 131
175 131
176 131
177 131
178 131
179 131
180 131
181 131
172 140
173 141
174 142
175 143
176 144
177 145
178 146
179 147
180 148
181 149
180 25
180 26
180 27
180 28
180 29
180 30
180 31
180 32
180 33
180 34
181 36
182 37
182 38
182 39
182 40
182 41
182 42
182 43
182 44
182 45
190 69
189 70
188 71
187 72
186 73
185 74
184 75
183 76
182 76
181 76
181 77
182 78
183 79
184 79
185 79
186 79
187 79
188 79
189 79
190 79
192 42
191 43
190 44
189 45
188 46
187 46
186 46
185 46
184 46
183 46
183 58
184 59
185 60
186 61
187 62
188 63
189 64
190 65
191 66
191 67
183 120
184 121
185 122
186 123
187 124
188 125
189 126
190 127
191 128
192 129
193 130
194 41
195 41
196 41
197 41
198 41
199 41
200 41
201 41
202 41
203 41
194 42
195 43
196 44
197 45
198 46
199 47
200 48
201 49
202 50
203 51
204 52
203 127
202 128
201 129
200 130
199 130
198 130
197 130
196 130
195 130
194 130
205 42
206 43
207 44
208 45
209 46
210 47
211 48
212 49
213 50
214 51
215 52
205 53
206 54
207 55
208 56
209 57
210 58
211 59
212 60
213 61
214 62
215 63
214 64
213 65
212 66
211 67
210 68
209 69
208 70
207 71
206 72
205 73
205 74
206 74
207 74
208 74
209 74
210 74
211 74
212 74
213 74
214 74
214 86
213 87
212 88
211 89
210 90
209 91
208 92
207 93
206 94
205 94
205 95
206 96
207 96
208 96
209 96
210 96
211 96
212 96
213 96
214 96
214 108
213 109
212 110
211 111
210 112
209 113
208 114
207 115
206 115
205 115
205 116
206 117
207 118
208 118
209 118
210 118
211 118
212 118
213 118
214 118
205 127
206 128
207 129
208 129
209 129
210 129
211 129
212 129
213 129
214 129
124 35
123 36
122 37
121 38
120 39
119 40
118 41
117 42
116 43
115 44
114 45
113 45
49 72
50 73
51 74
51 75
51 76
51 77
51 78
51 79
51 80
51 81
51 82
51 83
51 84
51 85
66 34
67 34
68 34
69 34
70 34
71 34
72 34
73 34
74 34
75 34
76 34
77 34
78 34
79 34
80 34
81 34
96 86
97 86
98 86
99 86
100 86
101 86
102 86
103 86
104 86
105 86
106 86
107 86
108 86
109 86
110 86
111 86
123
28 62
28 73
28 84
28 95
28 106
33 51
33 126
37 40
37 137
43 38
43 139
48 49
48 60
48 71
48 97
48 108
48 128
51 86
54 38
54 139
62 86
65 34
65 143
71 56
71 67
71 78
71 108
71 119
71 130
73 86
76 143
82 34
82 56
82 67
82 78
82 119
82 130
84 86
87 139
92 108
93 24
93 35
93 56
93 77
93 129
93 150
95 86
98 139
103 108
104 34
112 45
112 56
112 67
112 86
112 97
112 108
112 119
112 130
112 143
123 86
123 143
125 34
134 86
134 143
136 56
136 67
136 78
136 108
136 119
136 130
145 86
145 139
146 34
147 55
147 76
147 129
147 150
157 35
157 108
158 24
158 46
158 67
158 78
158 129
158 143
159 88
168 108
169 34
169 150
171 55
171 87
171 107
171 128
171 139
180 35
180 76
181 24
182 46
182 57
182 97
182 108
182 119
182 131
182 149
185 142
191 68
191 79
193 41
193 130
204 41
204 52
204 73
204 94
204 115
204 126
215 52
215 63
215 74
215 85
215 96
215 107
215 118
215 129
