11549
333 271
333 272
333 273
333 274
333 275
333 276
333 277
333 269
333 268
333 267
333 266
333 265
333 264
333 263
333 262
332 278
331 279
330 280
330 281
330 282
330 283
330 284
330 285
330 286
330 287
330 288
330 289
329 289
328 289
327 289
326 289
325 289
324 289
323 289
322 289
321 289
320 289
319 289
318 289
332 269
331 268
330 267
329 266
328 265
327 264
326 263
325 262
324 261
323 260
322 259
321 259
320 259
319 259
318 259
332 271
331 272
330 273
329 274
328 274
327 274
326 274
325 274
324 274
323 274
322 274
321 274
320 274
319 274
318 274
334 269
335 268
336 267
337 266
338 265
339 264
340 263
341 263
342 263
343 263
344 263
345 263
346 263
347 263
348 263
334 271
335 272
336 273
337 274
338 275
339 276
340 277
341 278
342 278
343 278
344 278
345 278
346 278
347 278
348 278
347 279
346 280
345 281
345 282
345 283
345 284
345 285
345 286
345 287
345 288
345 289
345 290
345 291
345 292
333 261
333 260
333 259
333 258
333 257
333 256
333 255
333 254
333 253
333 252
333 251
333 250
333 249
333 248
333 247
334 246
334 245
334 244
334 243
334 242
334 241
334 240
334 239
334 238
334 237
334 236
334 235
334 234
334 233
334 261
335 260
336 259
337 258
338 257
339 256
340 255
341 254
342 253
343 252
344 251
345 250
346 249
347 248
348 248
330 290
330 291
330 292
330 293
330 294
330 295
330 296
330 297
330 298
330 299
330 300
330 301
330 302
330 303
330 304
317 290
316 291
315 292
314 293
313 294
312 294
311 294
310 294
309 294
308 294
307 294
306 294
305 294
304 294
303 294
317 260
316 261
315 262
314 263
313 264
312 264
311 264
310 264
309 264
308 264
307 264
306 264
305 264
304 264
303 264
317 288
316 287
315 286
314 285
313 284
312 283
311 282
310 281
309 280
308 279
307 279
306 279
305 279
304 279
303 279
318 258
318 257
318 256
318 255
318 254
318 253
318 252
318 251
318 250
318 249
318 248
318 247
318 246
318 245
318 244
319 243
319 242
319 241
319 240
319 239
319 238
319 237
319 236
319 235
319 234
319 233
319 232
317 244
316 244
315 244
314 244
313 244
312 244
311 244
310 244
309 244
308 244
307 244
306 244
305 244
304 244
320 231
321 230
322 229
322 228
322 227
322 226
322 225
322 224
322 223
322 222
322 221
322 220
322 219
322 218
349 262
350 262
351 262
352 262
353 262
354 262
355 262
356 262
357 262
358 262
359 262
360 262
361 262
362 262
363 262
349 279
350 280
351 281
352 282
353 283
354 284
355 285
356 286
357 287
358 288
359 289
360 290
360 291
360 292
360 293
359 294
358 295
357 296
356 297
355 298
354 299
353 300
352 301
351 302
350 303
350 304
350 305
350 306
350 307
349 277
350 277
351 277
352 277
353 277
354 277
355 277
356 277
357 277
358 277
359 277
360 277
361 277
362 277
363 277
335 232
336 232
337 232
338 232
339 232
340 232
341 232
342 232
343 232
344 232
345 232
346 232
347 232
348 232
349 232
350 231
351 230
352 229
352 228
352 227
352 226
352 225
352 224
352 223
352 222
352 221
352 220
352 219
352 218
331 305
332 306
333 307
334 308
335 309
335 310
335 311
335 312
335 313
335 314
335 315
335 316
335 317
335 318
335 319
349 247
350 247
351 247
352 247
353 247
354 247
355 247
356 247
357 247
358 247
359 247
360 247
361 247
362 247
363 247
364 246
364 245
364 244
364 243
364 242
364 241
364 240
364 239
364 238
364 237
364 236
364 235
364 234
364 233
365 232
366 231
367 230
367 229
367 228
367 227
367 226
367 225
367 224
367 223
367 222
367 221
367 220
367 219
302 293
301 292
300 291
299 290
298 289
297 288
296 287
295 287
294 287
293 287
292 287
291 287
290 287
289 287
288 287
329 305
328 306
327 307
326 308
325 309
324 309
323 309
322 309
321 309
320 309
319 309
318 309
317 309
316 309
315 309
302 295
301 296
300 297
299 298
298 299
297 300
296 301
295 302
294 302
293 302
292 302
291 302
290 302
289 302
288 302
287 303
286 304
285 305
285 306
285 307
285 308
285 309
285 310
285 311
285 312
285 313
285 314
285 315
285 316
284 317
283 317
282 317
281 317
280 317
279 317
278 317
277 317
276 317
275 317
274 317
273 317
284 315
283 314
282 313
281 312
280 311
279 310
278 309
277 308
276 307
275 306
274 305
273 304
273 303
273 302
274 318
275 319
276 320
277 321
278 322
279 323
280 324
281 325
281 326
281 327
281 328
281 329
281 330
281 331
280 332
279 332
278 332
277 332
276 332
275 332
274 332
273 332
302 265
301 266
300 267
299 268
298 269
297 270
296 271
295 272
294 272
293 272
292 272
291 272
290 272
289 272
288 272
303 245
302 246
301 247
300 248
299 249
298 249
297 249
296 249
295 249
294 249
293 249
292 249
291 249
290 249
289 249
322 217
322 216
322 215
322 214
322 213
322 212
322 211
322 210
322 209
322 208
322 207
322 206
322 205
322 204
322 203
323 217
324 217
325 217
326 217
327 217
328 217
329 217
330 217
331 217
332 217
333 217
334 217
335 217
336 217
337 217
303 243
302 242
301 241
301 240
301 239
301 238
301 237
301 236
301 235
301 234
301 233
301 232
301 231
301 230
301 229
364 261
365 260
366 259
367 258
368 257
369 256
370 255
371 254
372 253
373 252
374 251
375 250
376 249
377 248
378 248
379 247
379 246
379 245
379 244
379 243
379 242
379 241
379 240
379 239
379 238
379 237
379 236
379 235
379 234
361 294
362 295
363 296
364 297
365 298
365 299
365 300
365 301
365 302
365 303
365 304
365 305
365 306
365 307
365 308
364 263
365 263
366 263
367 263
368 263
369 263
370 263
371 263
372 263
373 263
374 263
375 263
376 263
377 263
378 263
361 292
362 292
363 292
364 292
365 292
366 292
367 292
368 292
369 292
370 292
371 292
372 292
373 292
374 292
375 292
376 291
377 290
378 289
378 288
378 287
378 286
378 285
378 284
378 283
378 282
378 281
378 280
378 279
378 278
352 217
352 216
352 215
352 214
352 213
352 212
352 211
352 210
352 209
352 208
352 207
352 206
352 205
352 204
352 203
350 308
350 309
350 310
350 311
350 312
350 313
350 314
350 315
350 316
350 317
350 318
350 319
350 320
350 321
350 322
335 320
335 321
335 322
335 323
335 324
335 325
335 326
335 327
335 328
335 329
335 330
335 331
335 332
335 333
335 334
335 335
335 336
335 337
335 338
335 339
335 340
335 341
335 342
335 343
335 344
335 345
335 346
335 347
335 348
336 349
337 350
338 351
339 352
340 353
341 354
342 355
343 356
344 357
345 358
346 359
347 360
347 361
347 362
353 217
354 216
355 215
356 214
357 213
358 212
359 211
360 210
361 209
362 208
363 207
364 206
365 205
366 204
367 204
368 218
369 217
370 216
371 215
372 214
373 213
374 212
375 212
376 212
377 212
378 212
379 212
380 212
381 212
382 212
334 320
333 321
332 322
331 323
330 324
329 324
328 324
327 324
326 324
325 324
324 324
323 324
322 324
321 324
320 324
287 287
286 287
285 287
284 287
283 287
282 287
281 287
280 287
279 287
278 287
277 287
276 287
275 287
274 287
273 287
289 303
290 304
291 305
292 306
293 307
294 308
295 309
296 310
297 311
298 312
299 313
300 314
300 315
300 316
300 317
287 286
286 285
285 284
284 283
283 282
282 281
281 280
280 279
279 278
278 277
277 276
276 275
275 274
274 273
273 272
272 316
271 315
270 314
269 313
268 312
267 311
266 310
265 309
264 308
263 307
262 306
261 305
260 304
259 303
258 302
272 318
271 319
270 320
269 321
268 322
267 323
266 324
265 325
264 326
263 327
262 328
261 329
260 330
259 331
258 332
272 301
271 300
270 299
269 298
268 297
267 296
266 295
265 294
264 293
263 292
262 291
261 290
260 289
259 288
258 287
272 317
271 317
270 317
269 317
268 317
267 317
266 317
265 317
264 317
263 317
262 317
261 317
260 317
259 317
258 317
272 333
271 334
270 335
269 336
268 337
267 338
267 339
267 340
267 341
267 342
267 343
267 344
267 345
267 346
267 347
287 271
286 270
285 269
284 268
283 267
282 266
281 265
280 264
279 263
278 262
277 261
276 260
275 259
274 258
274 257
288 248
287 247
286 246
286 245
286 244
286 243
286 242
286 241
286 240
286 239
286 238
286 237
286 236
286 235
286 234
274 333
275 334
276 335
277 336
278 337
279 338
280 339
281 340
282 341
282 342
282 343
282 344
282 345
282 346
282 347
300 228
300 227
300 226
300 225
300 224
300 223
300 222
300 221
300 220
300 219
300 218
300 217
300 216
300 215
300 214
323 202
324 202
325 202
326 202
327 202
328 202
329 202
330 202
331 202
332 202
333 202
334 202
335 202
336 202
337 202
380 235
381 236
382 237
383 238
384 239
385 240
386 241
387 242
388 243
389 244
390 245
391 246
392 247
393 248
393 249
380 233
381 232
382 231
383 230
384 229
385 228
386 227
387 227
388 227
389 227
390 227
391 227
392 227
393 227
394 227
395 228
396 229
397 230
398 231
399 231
400 231
401 231
402 231
403 231
404 231
365 309
365 310
365 311
365 312
365 313
365 314
365 315
365 316
365 317
365 318
365 319
365 320
365 321
365 322
365 323
366 309
367 310
368 311
369 312
370 313
371 314
372 315
373 316
374 317
375 318
376 319
377 320
378 321
379 322
380 322
366 307
367 307
368 307
369 307
370 307
371 307
372 307
373 307
374 307
375 307
376 307
377 307
378 307
379 307
380 307
381 306
382 305
383 304
384 303
385 302
386 301
387 300
388 299
389 298
390 297
390 296
390 295
390 294
390 293
391 292
392 291
393 290
393 289
393 288
393 287
393 286
393 285
393 284
393 283
393 282
393 281
393 280
393 279
379 264
380 264
381 264
382 264
383 264
384 264
385 264
386 264
387 264
388 264
389 264
390 264
391 264
392 264
393 264
334 335
333 336
332 337
331 338
330 339
329 339
328 339
327 339
326 339
325 339
324 339
323 339
322 339
321 339
320 339
350 323
350 324
350 325
350 326
350 327
350 328
350 329
350 330
350 331
350 332
350 333
350 334
350 335
350 336
350 337
347 363
347 364
347 365
347 366
347 367
347 368
347 369
347 370
347 371
347 372
347 373
347 374
347 375
347 376
347 377
334 349
333 350
332 351
332 352
332 353
332 354
332 355
332 356
332 357
332 358
332 359
332 360
332 361
332 362
332 363
331 364
330 365
329 366
328 367
327 368
326 369
325 370
324 371
323 371
322 371
321 371
320 371
319 371
318 371
317 372
316 373
315 374
314 375
313 376
312 377
311 378
310 379
309 380
308 381
307 382
306 382
305 381
304 380
303 379
303 378
303 377
303 376
303 375
303 374
303 373
303 372
303 371
303 370
303 369
319 372
320 373
321 374
322 375
323 376
324 377
325 378
326 378
327 378
328 378
329 378
330 378
331 378
332 378
348 361
349 361
350 361
351 361
352 361
353 361
354 361
355 361
356 361
357 361
358 361
359 361
360 361
361 361
362 361
272 272
271 272
270 272
269 272
268 272
267 272
266 272
265 272
264 272
263 272
262 272
261 272
260 272
259 272
258 272
348 363
349 364
350 365
351 366
352 367
353 368
354 369
355 370
356 371
357 372
358 373
359 374
360 375
361 376
362 376
257 302
256 302
255 302
254 302
253 302
252 302
251 302
250 302
249 302
248 302
247 302
246 302
245 302
244 302
243 302
272 271
271 270
270 269
269 268
268 267
267 266
266 265
265 264
264 263
263 262
262 261
261 260
260 259
259 258
259 257
300 318
300 319
300 320
300 321
300 322
300 323
300 324
300 325
300 326
300 327
300 328
300 329
300 330
300 331
300 332
257 301
256 300
255 299
254 298
253 297
252 296
251 295
250 294
249 293
248 292
247 291
246 290
245 289
244 288
243 287
257 303
256 304
255 305
254 306
253 307
252 308
251 309
250 310
249 311
248 312
247 313
246 314
245 315
244 316
243 317
257 333
256 334
255 335
254 336
253 337
252 338
252 339
252 340
252 341
252 342
252 343
252 344
252 345
252 346
252 347
251 347
250 347
249 347
248 347
247 347
246 347
245 347
244 347
243 347
242 347
241 347
240 347
239 347
238 347
268 348
269 349
270 350
271 351
272 352
273 353
274 354
275 355
276 356
277 357
278 358
279 359
280 360
280 361
280 362
257 332
256 332
255 332
254 332
253 332
252 332
251 332
250 332
249 332
248 332
247 332
246 332
245 332
244 332
243 332
257 286
256 285
255 284
254 283
253 282
252 281
251 280
250 279
249 278
248 277
247 276
246 275
245 274
244 273
243 272
285 233
284 232
283 231
282 230
281 229
280 228
279 227
278 227
277 227
276 227
275 227
274 227
273 227
272 227
271 227
272 226
273 225
274 224
275 223
276 222
277 221
278 220
279 219
280 219
281 219
282 219
283 219
282 218
281 217
280 216
279 215
278 214
277 213
276 212
275 212
276 211
277 210
278 209
279 208
280 207
281 206
282 205
283 204
284 203
285 202
285 201
284 200
283 199
282 198
281 197
280 197
279 197
278 197
277 197
276 197
275 197
274 197
273 197
266 348
265 349
264 350
264 351
264 352
264 353
264 354
264 355
264 356
264 357
264 358
264 359
264 360
264 361
264 362
263 362
262 362
261 362
260 362
259 362
258 362
257 362
256 362
255 362
254 362
253 362
252 362
251 362
250 362
249 362
248 362
247 362
246 362
245 362
244 362
243 362
242 362
241 362
240 362
239 362
238 362
285 235
284 236
283 237
282 238
281 239
280 240
279 241
278 242
277 242
276 242
275 242
274 242
273 242
272 242
271 242
394 248
395 247
396 246
397 246
398 246
399 246
400 246
401 246
402 246
403 246
404 246
405 246
406 246
407 246
408 246
365 324
365 325
365 326
365 327
365 328
365 329
365 330
365 331
365 332
365 333
365 334
365 335
365 336
365 337
365 338
300 213
300 212
300 211
300 210
300 209
300 208
300 207
300 206
300 205
300 204
300 203
300 202
300 201
300 200
300 199
394 250
395 251
396 252
397 253
398 254
399 255
400 256
401 257
402 258
403 259
404 260
405 261
406 261
407 261
408 261
366 324
367 325
368 326
369 327
370 328
371 329
372 330
373 331
374 332
375 333
376 334
377 335
378 336
379 337
380 337
381 321
382 320
383 319
384 318
385 317
386 316
387 315
388 314
389 313
390 312
391 311
392 310
393 309
394 308
395 308
396 308
397 308
398 308
399 308
400 308
401 308
402 308
403 308
404 308
405 308
406 308
407 308
396 307
397 306
398 305
399 304
400 303
401 302
402 301
403 300
404 299
405 298
405 297
405 296
405 295
405 294
406 293
407 292
408 291
409 290
410 289
411 288
412 287
413 286
412 285
411 284
410 283
409 282
408 281
408 280
408 279
408 278
408 277
408 276
381 323
382 323
383 323
384 323
385 323
386 323
387 323
388 323
389 323
390 323
391 323
392 323
393 323
394 323
395 323
348 378
349 379
350 380
351 381
352 382
353 383
353 384
353 385
353 386
353 387
353 388
353 389
353 390
353 391
353 392
353 393
353 394
353 395
353 396
353 397
353 398
353 399
353 400
353 401
353 402
353 403
353 404
352 405
351 406
350 407
349 408
348 409
348 410
348 411
348 412
348 413
348 414
348 415
348 416
348 417
348 418
305 383
304 384
303 385
303 386
303 387
303 388
303 389
303 390
303 391
303 392
303 393
303 394
303 395
303 396
303 397
363 360
364 359
365 359
366 359
367 359
368 359
369 359
370 359
371 359
372 359
373 359
374 359
375 359
376 359
377 359
378 360
379 361
380 362
381 363
382 364
383 365
384 366
385 367
386 368
387 369
388 369
389 369
390 369
389 370
388 371
387 372
386 373
385 374
384 374
383 374
382 374
381 374
380 374
379 374
378 374
377 374
257 271
256 270
255 269
254 268
253 267
252 266
251 265
250 264
249 263
248 262
247 261
246 260
245 259
244 258
244 257
242 302
241 302
240 302
239 302
238 302
237 302
236 302
235 302
234 302
233 302
232 302
231 302
230 302
229 302
228 302
242 301
241 300
240 299
239 298
238 297
237 296
236 295
235 294
234 293
233 292
232 291
231 290
230 289
229 288
228 287
242 286
241 285
240 284
239 283
238 282
237 281
236 280
235 279
234 278
233 277
232 276
231 275
230 274
229 273
228 272
242 303
241 304
240 305
239 306
238 307
237 308
236 309
235 310
234 311
233 312
232 313
231 314
230 315
229 316
228 317
301 333
302 334
302 335
302 336
302 337
302 338
302 339
302 340
302 341
302 342
302 343
302 344
302 345
302 346
302 347
258 256
257 255
256 254
256 253
256 252
256 251
256 250
256 249
256 248
256 247
256 246
256 245
256 244
256 243
256 242
237 348
236 349
235 349
234 349
233 349
232 349
231 349
230 349
229 349
228 349
227 349
226 349
225 349
224 349
223 349
222 348
221 347
220 346
219 345
218 344
217 343
216 342
215 341
214 341
213 341
242 318
241 319
240 320
239 321
238 322
237 323
236 324
235 325
234 326
233 327
232 328
231 329
230 330
229 331
228 332
242 271
241 270
240 269
239 268
238 267
237 266
236 265
235 264
234 263
233 262
232 261
231 260
230 259
229 258
229 257
270 227
269 227
268 227
267 227
266 227
265 227
264 227
263 227
262 227
261 227
260 227
259 227
258 227
257 227
256 227
270 226
269 225
268 224
267 223
266 222
265 221
264 220
263 219
262 218
261 217
260 216
260 215
260 214
260 213
260 212
354 405
355 406
356 407
357 408
358 409
359 410
360 411
361 412
362 413
363 414
363 415
363 416
363 417
363 418
363 419
274 196
275 195
276 194
277 193
278 192
279 191
280 190
281 189
282 188
282 187
282 186
282 185
282 184
282 183
282 182
281 181
280 180
279 179
278 178
277 177
276 176
275 175
274 174
273 174
272 174
271 174
270 174
269 174
268 175
267 176
266 177
265 178
264 179
263 180
262 181
261 181
270 173
271 172
272 171
273 170
274 169
275 168
276 167
277 166
278 165
279 164
280 163
281 162
282 162
281 161
280 160
279 159
278 158
277 158
276 158
275 158
274 158
273 158
300 198
300 197
300 196
300 195
300 194
300 193
300 192
300 191
300 190
300 189
300 188
300 187
300 186
300 185
300 184
272 197
271 197
270 197
269 197
268 197
267 197
266 197
265 197
264 197
263 197
262 197
261 197
260 197
259 197
258 197
378 358
379 357
380 356
381 355
382 354
383 354
384 354
385 354
386 354
387 354
388 354
389 354
390 354
391 354
392 354
393 355
394 356
395 357
396 358
397 359
398 360
399 361
400 362
401 363
402 364
403 365
404 365
405 365
406 366
407 367
408 368
409 369
409 370
409 371
409 372
409 373
409 374
347 419
346 420
345 421
344 422
343 423
342 424
341 425
340 426
339 427
338 428
337 429
336 429
335 429
334 429
333 429
333 428
333 427
333 426
333 425
333 424
333 423
333 422
333 421
333 420
333 419
333 418
227 303
226 304
225 305
224 306
223 307
222 308
221 309
220 310
219 311
218 311
217 311
216 311
215 311
214 311
213 311
243 256
242 255
241 254
241 253
241 252
241 251
241 250
241 249
241 248
241 247
241 246
241 245
241 244
241 243
241 242
227 286
226 285
225 284
224 283
223 282
222 281
221 281
220 281
219 281
218 281
217 281
216 281
215 281
214 281
213 281
227 301
226 300
225 299
224 298
223 297
222 296
221 296
220 296
219 296
218 296
217 296
216 296
215 296
214 296
213 296
227 271
226 270
225 269
224 268
223 267
222 266
221 265
220 264
219 263
218 262
217 261
216 260
215 259
214 258
214 257
213 258
213 259
213 260
213 261
213 262
213 263
213 264
213 265
213 266
212 266
211 266
210 266
209 266
208 266
207 266
206 266
205 266
204 266
203 266
202 266
201 266
200 266
199 266
198 267
198 268
198 269
198 270
198 271
198 272
198 273
198 274
198 275
197 275
196 275
195 275
194 275
193 275
192 275
191 275
190 275
189 275
188 275
187 275
186 275
185 275
184 275
183 276
183 277
183 278
183 279
183 280
183 281
183 282
183 283
183 284
183 285
183 286
183 287
183 288
182 288
181 288
180 288
179 288
178 288
177 288
176 288
175 288
174 288
173 288
172 288
171 288
170 288
169 288
168 289
167 290
166 291
165 292
164 293
163 294
163 295
163 296
163 297
163 298
163 299
163 300
163 301
163 302
162 301
161 300
160 299
159 298
158 297
157 296
156 295
155 294
154 293
154 292
154 291
164 303
165 304
166 305
167 306
168 307
168 308
168 309
168 310
168 311
168 312
168 313
162 303
161 304
160 305
159 306
158 307
157 308
156 309
155 310
154 310
153 310
152 310
151 310
167 314
166 315
165 316
164 317
163 318
163 319
163 320
163 321
163 322
163 323
163 324
163 325
162 325
161 325
160 325
159 325
158 325
157 325
156 325
155 325
154 325
153 325
212 340
211 339
210 338
209 337
208 336
207 335
206 335
205 335
204 335
203 335
202 335
201 335
200 335
199 335
198 335
227 318
226 319
225 320
224 321
223 322
222 323
221 324
220 325
219 326
218 326
217 326
216 326
215 326
214 326
213 326
228 256
227 255
226 254
226 253
226 252
226 251
226 250
226 249
226 248
226 247
226 246
226 245
226 244
226 243
226 242
255 241
254 240
253 239
252 238
251 237
250 236
249 235
248 234
247 233
246 232
245 231
244 230
243 229
242 228
241 227
255 226
254 225
253 224
252 223
251 222
250 221
249 220
248 219
247 218
246 217
245 216
245 215
245 214
245 213
245 212
212 342
211 343
210 344
209 345
208 346
207 347
206 348
205 349
204 350
203 350
202 350
201 350
200 350
199 350
198 350
199 351
200 352
201 353
202 354
203 355
204 356
204 357
204 358
204 359
203 360
202 361
201 362
200 363
199 364
198 365
197 365
196 365
195 365
194 365
193 365
192 364
191 363
190 362
189 362
188 362
187 362
186 362
185 362
184 362
183 362
182 362
181 362
364 420
365 421
366 422
367 423
368 424
369 425
370 426
371 426
372 426
373 426
374 426
375 426
376 426
377 426
378 426
364 418
365 417
366 416
367 415
368 414
369 413
370 412
371 411
372 411
373 411
374 411
375 411
376 411
377 411
378 411
268 173
267 172
266 171
265 170
264 169
263 168
262 167
261 166
260 165
259 164
258 163
258 162
258 161
258 160
258 159
362 420
361 421
360 422
359 423
358 424
357 425
357 426
357 427
357 428
357 429
357 430
357 431
357 432
357 433
357 434
272 157
271 156
270 155
269 154
268 153
267 152
266 151
265 150
264 149
263 148
262 147
261 146
260 145
259 144
258 143
257 144
256 144
255 144
254 144
253 144
252 144
251 144
250 144
249 144
248 144
247 144
246 144
245 144
244 144
243 144
242 144
241 144
240 144
239 144
238 144
237 144
236 144
235 144
234 144
233 144
232 143
231 143
230 143
229 143
228 143
227 143
226 143
225 143
224 143
223 143
222 143
221 143
220 143
219 144
218 144
217 144
216 144
215 144
214 144
213 144
212 144
211 144
210 144
209 144
208 144
207 143
206 143
205 143
204 143
203 143
202 143
201 143
200 143
199 143
198 143
197 143
196 143
195 142
194 142
193 142
192 142
191 142
190 142
189 142
188 142
187 142
186 142
185 142
184 142
183 142
195 144
194 145
193 146
192 147
191 148
190 149
189 150
188 151
187 152
186 153
185 154
184 155
183 156
183 157
274 157
274 156
274 155
274 154
274 153
274 152
274 151
274 150
274 149
274 148
274 147
274 146
274 145
274 144
274 143
275 142
276 142
277 142
278 142
279 142
280 142
281 142
282 142
300 183
300 182
300 181
300 180
300 179
300 178
300 177
300 176
300 175
300 174
300 173
300 172
300 171
300 170
300 169
257 197
256 197
255 197
254 197
253 197
252 197
251 197
250 197
249 197
248 197
247 197
246 197
245 197
244 197
243 197
332 428
331 427
330 426
329 425
328 424
327 423
326 422
325 421
324 420
323 420
322 420
321 420
320 420
319 420
318 420
393 353
394 352
395 351
396 350
397 349
398 348
399 347
400 346
401 345
402 344
403 344
404 344
405 344
406 344
407 344
408 343
409 342
410 341
411 340
412 339
413 338
414 337
415 336
416 335
417 334
418 333
419 332
419 331
419 330
332 430
331 431
330 432
329 433
328 434
327 435
326 435
325 435
324 435
323 435
322 435
321 435
320 435
319 435
318 435
212 312
211 313
210 314
209 315
208 316
207 317
206 318
205 319
204 320
203 320
202 320
201 320
200 320
199 320
198 320
212 310
211 309
210 308
209 307
208 306
207 305
206 305
205 305
204 305
203 305
202 305
201 305
200 305
199 305
198 305
240 241
239 240
238 239
237 238
236 237
235 236
234 235
233 234
232 233
231 232
230 231
229 230
228 229
227 228
226 227
212 295
211 294
210 293
209 292
208 291
207 290
206 290
205 290
204 290
203 290
202 290
201 290
200 290
199 290
198 290
213 256
212 255
211 254
211 253
211 252
211 251
211 250
211 249
211 248
211 247
211 246
211 245
211 244
211 243
211 242
198 265
197 264
196 263
196 262
196 261
196 260
196 259
196 258
196 257
196 256
196 255
196 254
196 253
196 252
196 251
183 274
182 273
181 272
181 271
181 270
181 269
181 268
181 267
181 266
181 265
181 264
181 263
181 262
181 261
181 260
183 289
183 290
183 291
183 292
183 293
183 294
183 295
183 296
183 297
183 298
183 299
183 300
183 301
183 302
183 303
168 287
167 286
166 285
166 284
166 283
166 282
166 281
166 280
166 279
166 278
166 277
166 276
166 275
166 274
166 273
169 314
170 315
171 316
172 317
173 318
174 318
175 318
176 318
177 318
178 318
179 318
180 318
181 318
182 318
183 318
183 319
183 320
183 321
183 322
183 323
183 324
183 325
183 326
183 327
183 328
183 329
162 326
161 327
160 328
159 329
158 330
157 331
156 332
155 333
154 334
153 335
153 336
153 337
153 338
153 339
153 340
153 290
152 289
151 288
151 287
151 286
151 285
151 284
151 283
151 282
151 281
151 280
151 279
151 278
151 277
151 276
150 310
149 310
148 310
147 310
146 310
145 310
144 310
143 310
142 310
141 310
140 310
139 310
138 310
137 310
136 310
197 336
196 337
195 338
194 339
193 340
192 341
191 342
190 343
189 344
188 344
187 344
186 344
185 344
184 344
183 344
164 326
165 327
166 328
167 329
168 330
168 331
168 332
168 333
168 334
168 335
168 336
168 337
168 338
168 339
168 340
225 241
224 240
223 239
222 238
221 237
220 236
219 235
218 234
217 233
216 232
215 231
214 230
213 229
212 228
211 227
377 410
376 409
375 408
374 407
373 406
372 405
372 404
372 403
372 402
372 401
372 400
372 399
372 398
372 397
372 396
244 212
243 212
242 212
241 212
240 212
239 212
238 212
237 212
236 212
235 212
234 212
233 212
232 212
231 212
230 212
379 425
380 424
381 423
382 422
383 421
384 420
385 420
386 420
387 420
388 420
389 420
390 420
391 420
392 420
393 420
232 145
231 146
230 147
229 148
228 149
228 150
228 151
228 152
228 153
228 154
228 155
228 156
228 157
228 158
228 159
180 361
179 360
178 359
177 358
176 357
175 356
174 355
173 355
172 355
171 355
170 355
169 355
168 355
167 355
166 355
165 355
164 355
163 355
162 355
161 355
160 355
159 355
158 355
157 355
156 355
155 355
154 355
257 159
256 159
255 159
254 159
253 159
252 159
251 159
250 159
249 159
248 159
247 159
246 159
245 159
244 159
243 159
207 145
206 146
205 147
204 148
203 149
202 150
201 151
200 152
199 153
198 154
198 155
198 156
198 157
198 158
198 159
300 168
300 167
300 166
300 165
300 164
300 163
300 162
300 161
300 160
300 159
300 158
300 157
300 156
300 155
300 154
209 145
210 146
211 147
212 148
213 149
213 150
213 151
213 152
213 153
213 154
213 155
213 156
213 157
213 158
213 159
182 142
181 142
180 142
179 142
178 142
177 142
176 142
175 142
174 142
173 142
172 142
171 142
170 142
169 142
168 142
167 143
166 144
165 145
164 146
163 146
162 146
161 146
160 146
159 146
158 146
157 146
156 146
157 147
158 148
159 149
160 150
161 151
162 152
163 153
164 154
165 155
165 156
165 157
164 158
163 159
162 160
161 161
160 161
159 161
158 161
157 161
156 161
157 162
158 163
159 164
160 165
161 166
162 167
163 168
164 169
164 170
164 171
164 172
163 173
162 174
161 175
160 176
159 177
158 178
157 179
156 180
155 181
154 182
153 183
152 184
151 185
151 186
317 421
316 422
315 423
314 424
313 425
312 426
311 427
310 428
309 429
308 430
307 431
306 432
305 433
304 434
303 435
242 197
241 197
240 197
239 197
238 197
237 197
236 197
235 197
234 197
233 197
232 197
231 197
230 197
229 197
228 197
317 420
316 420
315 420
314 420
313 420
312 420
311 420
310 420
309 420
308 420
307 420
306 420
305 420
304 420
303 420
420 331
421 332
422 333
422 334
422 335
422 336
422 337
422 338
422 339
422 340
422 341
422 342
422 343
422 344
422 345
225 226
224 225
223 224
222 223
221 222
220 221
219 220
218 219
217 218
216 217
215 216
215 215
215 214
215 213
215 212
420 329
421 329
422 329
423 329
424 329
425 329
426 329
427 329
428 329
429 329
430 329
431 329
432 329
433 329
434 329
435 328
436 327
437 326
438 325
439 324
440 323
441 322
441 321
441 320
441 319
441 318
441 317
441 316
441 315
195 250
194 249
193 248
192 247
191 246
190 245
189 245
188 245
187 245
186 245
185 245
184 245
183 245
182 245
181 245
180 244
179 243
178 242
177 241
176 240
175 239
174 238
173 237
172 236
171 235
170 234
170 233
170 232
170 231
196 250
196 249
196 248
196 247
196 246
196 245
196 244
196 243
196 242
196 241
196 240
196 239
196 238
196 237
196 236
150 277
149 278
148 279
147 280
146 281
145 281
144 281
143 281
142 281
141 281
140 281
139 281
138 281
137 281
136 281
136 282
136 283
136 284
136 285
136 286
136 287
136 288
136 289
136 290
136 291
136 292
166 272
166 271
166 270
166 269
166 268
166 267
166 266
166 265
166 264
166 263
166 262
166 261
166 260
166 259
166 258
150 275
149 274
148 273
147 272
146 271
145 270
144 269
143 268
142 267
141 266
140 266
139 266
138 266
137 266
136 266
165 272
164 271
163 270
162 269
161 268
160 267
159 266
158 265
157 264
156 263
155 262
154 261
153 261
152 261
151 261
135 310
134 310
133 310
132 310
131 310
130 310
129 310
128 310
127 310
126 310
125 310
124 310
123 310
122 310
121 310
210 226
209 225
208 224
207 223
206 222
205 221
204 220
203 219
202 218
201 217
200 216
200 215
200 214
200 213
200 212
135 311
134 312
134 313
134 314
134 315
134 316
134 317
134 318
134 319
134 320
134 321
134 322
134 323
134 324
134 325
165 356
165 357
165 358
165 359
165 360
165 361
165 362
165 363
165 364
165 365
165 366
165 367
165 368
165 369
165 370
164 371
163 372
162 373
161 374
160 374
159 374
158 374
157 374
156 374
155 374
154 374
153 374
152 374
153 375
154 376
155 377
156 378
157 379
158 380
159 381
160 382
161 383
162 384
163 384
164 384
165 384
164 385
163 386
162 387
161 388
160 389
159 389
158 389
157 389
156 389
155 389
154 389
153 389
152 389
151 390
150 391
149 392
149 393
149 394
149 395
149 396
149 397
149 398
149 399
149 400
153 390
154 391
155 392
156 393
157 394
158 395
159 396
160 397
161 398
162 399
163 399
164 399
394 421
395 422
395 423
395 424
395 425
395 426
395 427
395 428
395 429
395 430
395 431
395 432
395 433
395 434
395 435
151 373
150 372
149 371
148 370
147 369
146 368
145 367
144 366
143 365
142 364
141 363
140 362
139 361
139 360
301 153
302 152
303 151
304 150
305 149
306 148
307 147
308 146
309 145
310 144
311 143
312 142
313 142
314 142
315 142
300 153
300 152
300 151
300 150
300 149
300 148
300 147
300 146
300 145
300 144
300 143
300 142
300 141
300 140
300 139
301 138
302 137
303 136
304 135
304 134
304 133
304 132
304 131
304 130
304 129
304 128
304 127
304 126
305 125
306 124
307 123
308 122
309 121
310 120
311 119
312 118
313 117
314 116
315 115
316 114
316 113
316 112
165 173
166 174
166 175
166 176
166 177
166 178
166 179
166 180
166 181
166 182
166 183
166 184
166 185
166 186
166 187
165 188
164 189
163 190
162 191
161 192
160 193
159 194
158 195
157 196
156 197
156 198
156 199
156 200
156 201
157 201
158 201
159 201
160 201
161 201
162 201
163 201
164 201
165 201
166 201
167 201
168 201
155 202
154 203
153 204
152 205
151 206
150 207
149 208
149 209
149 210
149 211
149 212
149 213
148 212
147 211
146 210
145 209
144 208
143 207
142 206
141 205
141 204
141 203
148 214
147 215
146 216
145 217
144 218
143 219
142 220
141 221
140 222
139 223
138 224
137 225
136 225
135 226
134 227
133 228
132 229
131 230
130 231
129 232
128 233
150 214
151 215
152 216
153 216
154 216
155 216
156 216
157 216
158 216
159 216
160 216
161 216
162 216
161 217
160 218
159 219
158 220
157 221
156 222
155 223
154 224
153 225
152 226
151 227
151 228
127 232
126 231
125 230
124 229
123 228
122 227
121 226
121 225
121 224
121 223
121 222
121 221
121 220
423 344
424 344
425 344
426 344
427 344
428 344
429 344
430 344
431 344
432 344
433 344
434 344
435 344
436 344
437 344
438 345
439 346
440 347
441 348
442 349
443 350
444 351
445 352
446 353
447 354
448 354
449 354
450 354
150 185
149 184
148 184
147 184
146 184
145 184
144 184
143 184
142 184
141 184
140 184
139 184
138 184
137 184
136 184
135 183
134 183
133 183
132 183
131 183
130 183
129 183
128 183
127 183
126 183
125 183
423 346
424 347
425 348
426 349
427 350
428 351
429 352
430 353
431 354
432 355
433 356
433 357
433 358
433 359
433 360
434 361
435 362
436 363
437 364
438 365
439 366
440 367
441 368
442 369
443 370
443 371
442 372
441 373
440 374
439 375
438 376
437 377
436 378
435 379
434 379
433 379
432 379
433 380
434 381
435 382
436 383
437 384
438 385
439 386
440 387
441 388
442 388
443 388
444 387
445 386
446 385
447 384
448 384
449 384
450 384
451 384
452 384
453 384
454 384
455 384
456 384
457 384
458 384
459 384
460 384
461 384
462 384
463 384
464 384
465 384
466 384
467 384
468 384
469 384
470 384
471 384
472 384
473 384
474 384
475 384
476 384
477 384
478 384
479 384
480 384
481 384
482 384
483 384
484 384
485 384
486 384
487 384
488 384
489 384
490 384
491 385
492 385
493 385
494 385
495 385
496 385
497 385
498 385
499 385
500 385
501 385
502 384
503 384
504 384
505 384
506 384
507 384
508 384
509 384
510 384
511 384
512 384
513 384
514 384
515 385
516 386
517 386
518 386
519 386
520 386
521 386
522 386
523 386
524 386
525 386
526 386
442 389
441 390
440 391
439 392
438 393
437 394
436 394
435 394
434 394
433 394
432 394
431 394
430 394
431 395
432 396
433 397
434 398
435 399
436 400
437 401
438 402
439 403
440 403
441 403
442 403
443 403
430 395
430 396
430 397
430 398
430 399
430 400
430 401
430 402
430 403
430 404
430 405
430 406
430 407
431 408
432 409
433 410
434 411
435 412
436 413
437 414
438 415
439 416
440 417
440 418
440 419
444 402
445 402
446 402
447 402
448 402
449 402
450 402
451 402
452 402
453 402
454 402
455 402
456 402
500 386
499 387
498 388
497 389
496 390
495 391
494 392
493 393
492 394
491 395
490 396
489 397
488 398
487 399
433 328
432 327
431 326
430 325
429 324
428 323
427 322
426 321
426 320
426 319
426 318
426 317
426 316
426 315
426 314
427 313
428 312
429 311
430 310
430 309
430 308
430 307
430 306
430 305
430 304
430 303
430 302
430 301
430 300
227 197
226 197
225 197
224 197
223 197
222 197
221 197
220 197
219 197
218 197
217 197
216 197
215 197
214 197
213 197
442 314
443 313
444 312
445 311
445 310
445 309
445 308
445 307
445 306
445 305
445 304
445 303
445 302
445 301
445 300
169 232
168 233
167 234
166 235
165 236
164 237
163 238
162 239
161 240
160 241
159 242
158 243
157 243
156 243
155 243
171 230
172 229
173 228
174 227
175 226
176 225
177 224
178 223
179 222
180 221
181 221
182 221
183 221
184 221
185 221
135 282
134 283
133 284
132 285
131 286
130 287
129 287
128 287
127 287
126 287
125 287
124 287
123 287
122 287
121 287
135 265
134 264
133 263
132 262
131 261
130 260
129 259
128 258
127 257
126 257
125 257
124 257
123 257
122 257
121 257
135 280
134 279
133 278
132 277
131 276
130 275
129 274
128 273
127 272
126 272
125 272
124 272
123 272
122 272
121 272
120 310
119 310
118 310
117 310
116 310
115 310
114 310
113 310
112 310
111 310
110 310
109 310
108 310
107 310
106 310
150 260
149 259
148 258
147 257
146 256
145 255
144 254
143 253
142 252
141 251
140 251
139 251
138 251
137 251
136 251
396 434
397 433
398 432
399 431
400 430
401 429
402 428
403 427
404 426
405 425
406 424
407 423
408 422
409 422
410 422
120 311
119 312
118 313
117 314
116 315
115 316
114 317
113 318
112 319
111 320
110 321
109 322
108 323
107 324
107 325
108 325
109 325
110 325
111 325
112 325
113 325
114 325
115 325
116 325
117 325
118 325
119 325
395 436
395 437
395 438
395 439
395 440
395 441
395 442
395 443
395 444
395 445
395 446
395 447
395 448
395 449
395 450
396 451
397 452
398 453
399 454
400 455
401 456
402 457
403 458
404 459
405 459
406 459
407 459
408 459
199 211
198 210
198 209
198 208
198 207
198 206
198 205
198 204
198 203
198 202
198 201
198 200
198 199
198 198
198 197
197 196
196 195
195 194
194 193
193 192
192 191
191 191
190 191
189 191
188 191
187 191
186 191
185 191
184 191
183 190
183 189
183 188
183 187
183 186
183 185
183 184
183 183
183 182
183 181
184 180
185 180
186 180
187 180
188 180
189 180
190 180
191 180
192 180
193 180
138 360
137 360
136 360
135 360
134 360
133 360
132 360
131 360
130 360
129 360
128 360
127 360
126 360
125 360
124 360
194 181
195 181
196 181
197 181
198 181
199 181
200 181
201 181
202 181
203 181
204 181
396 436
397 437
398 437
399 437
400 437
401 437
402 437
403 437
404 437
405 437
406 437
407 437
408 437
409 437
410 437
138 361
137 362
136 363
135 364
134 365
133 366
132 367
132 368
132 369
132 370
132 371
132 372
132 373
132 374
132 375
303 125
302 124
301 123
301 122
301 121
301 120
301 119
301 118
301 117
301 116
301 115
301 114
301 113
301 112
301 111
316 142
317 142
318 142
319 142
320 142
321 142
322 142
323 142
324 142
325 142
326 142
327 142
328 142
329 142
330 142
169 202
170 203
171 204
172 205
173 206
174 206
175 206
176 206
177 206
178 206
179 206
180 206
181 206
182 206
183 206
317 112
318 112
319 112
320 112
321 112
322 112
323 112
324 112
325 112
326 112
327 112
328 112
329 112
330 112
331 112
332 113
332 114
332 115
332 116
332 117
332 118
332 119
332 120
332 121
332 122
332 123
332 124
332 125
333 124
334 123
335 122
336 121
337 120
338 119
339 118
340 117
341 116
342 115
343 114
344 113
345 112
346 112
347 113
347 114
347 115
347 116
347 117
347 118
347 119
347 120
347 121
347 122
347 123
347 124
347 125
347 111
348 110
349 109
350 108
351 107
352 106
353 105
354 104
354 103
354 102
354 101
354 100
354 99
354 98
348 124
349 123
350 122
351 121
352 120
353 119
354 118
355 117
356 116
357 115
358 114
359 113
360 113
361 113
362 114
362 115
362 116
362 117
362 118
362 119
362 120
362 121
362 122
362 123
362 124
362 125
354 97
354 96
354 95
354 94
354 93
354 92
354 91
354 90
354 89
354 88
354 87
354 86
354 85
354 84
363 124
364 123
365 122
366 121
367 120
368 119
369 118
370 117
371 116
372 115
373 114
374 114
375 114
376 114
377 115
378 116
379 117
380 118
381 119
382 120
383 121
384 122
385 123
386 124
387 125
388 125
389 124
390 123
391 122
391 121
391 120
391 119
391 118
391 117
391 116
391 115
391 114
387 126
386 127
385 128
384 129
383 129
382 129
381 129
380 129
379 129
378 129
377 129
392 115
393 116
394 117
395 118
396 119
397 120
398 121
399 122
400 123
401 124
402 125
403 125
378 130
379 131
380 132
381 133
382 134
383 135
384 136
385 137
386 138
387 139
388 140
389 141
389 142
389 143
127 234
126 235
125 236
124 236
123 236
122 236
121 236
120 236
119 236
118 236
117 236
116 236
115 236
114 236
113 236
120 221
119 221
118 221
117 221
116 221
115 221
114 221
113 221
112 221
111 221
110 221
109 221
108 221
107 221
106 221
140 203
139 203
138 203
137 203
136 203
135 203
134 203
133 203
132 203
131 203
130 203
129 203
128 203
127 203
126 203
451 353
452 352
452 351
452 350
452 349
452 348
452 347
452 346
452 345
452 344
452 343
452 342
452 341
452 340
452 339
456 383
457 382
458 381
459 380
460 379
461 378
462 377
463 376
464 375
465 374
466 373
467 372
468 371
468 370
468 369
124 183
123 183
122 183
121 183
120 183
119 183
118 183
117 183
116 183
115 183
114 183
113 183
112 183
111 183
110 183
109 182
108 181
107 180
106 179
105 178
104 177
104 176
104 175
104 174
104 173
104 172
104 171
104 170
104 169
105 168
106 167
106 166
106 165
106 164
106 163
106 162
106 161
106 160
106 159
107 160
108 161
109 162
110 163
111 164
112 165
113 166
114 167
115 167
116 167
117 167
118 167
119 167
120 166
121 165
121 164
121 163
121 162
121 161
121 160
121 159
121 158
121 157
121 156
121 155
121 154
122 155
123 156
124 157
125 158
126 159
127 160
128 161
129 162
130 163
131 164
132 165
133 166
134 167
122 153
123 152
124 151
125 150
126 149
127 148
128 147
129 146
130 146
131 146
132 146
133 146
134 146
489 383
489 382
489 381
489 380
489 379
489 378
489 377
489 376
489 375
489 374
489 373
489 372
489 371
489 370
489 369
490 369
491 369
492 369
493 369
494 369
495 369
496 369
497 369
498 369
499 369
500 369
501 369
502 369
503 369
504 369
505 369
506 369
507 369
508 369
509 369
510 369
511 369
512 369
513 369
514 369
468 385
469 386
470 387
471 388
472 389
472 390
472 391
472 392
472 393
472 394
472 395
472 396
472 397
472 398
472 399
502 386
502 387
502 388
502 389
502 390
502 391
502 392
502 393
502 394
502 395
502 396
502 397
502 398
502 399
502 400
503 401
504 402
505 403
506 404
507 404
508 404
509 404
510 404
511 404
512 404
513 404
514 404
515 404
516 404
517 404
518 404
519 404
520 404
521 404
522 404
523 404
524 404
527 387
528 388
529 388
530 388
531 388
532 388
533 388
534 388
535 388
536 388
537 388
538 388
539 388
540 388
541 388
429 408
428 409
427 410
426 411
425 412
425 413
425 414
425 415
425 416
425 417
425 418
425 419
425 420
425 421
425 422
440 420
440 421
440 422
440 423
440 424
440 425
440 426
440 427
440 428
440 429
440 430
440 431
440 432
440 433
440 434
431 299
432 298
433 297
433 296
433 295
433 294
433 293
433 292
433 291
433 290
433 289
433 288
433 287
433 286
433 285
441 420
442 420
443 420
444 420
445 420
446 420
447 420
448 420
449 420
450 420
451 420
452 420
453 420
454 420
455 420
446 299
447 298
448 297
449 296
450 296
451 296
452 296
453 296
454 296
455 296
456 296
457 296
458 296
459 296
460 296
459 295
458 294
457 293
456 292
455 291
454 290
453 289
452 288
451 287
450 286
449 285
448 284
448 283
448 282
448 281
448 280
448 279
448 278
448 277
448 276
448 275
448 274
448 273
448 272
448 271
448 270
448 269
448 268
447 267
447 266
447 265
447 264
447 263
447 262
447 261
447 260
447 259
447 258
447 257
447 256
447 255
447 254
447 253
447 252
447 251
447 250
447 249
447 248
447 247
447 246
447 245
447 244
447 243
446 301
447 302
448 303
449 304
450 305
451 306
452 307
453 308
454 309
455 310
456 311
457 311
458 311
459 311
460 311
460 312
460 313
460 314
460 315
460 316
460 317
460 318
460 319
460 320
460 321
120 286
119 286
118 286
117 286
116 286
115 286
114 286
113 286
112 286
111 286
110 286
109 286
108 286
107 286
106 286
120 256
119 256
118 256
117 256
116 256
115 256
114 256
113 256
112 256
111 256
110 256
109 256
108 256
107 256
106 256
120 271
119 271
118 271
117 271
116 271
115 271
114 271
113 271
112 271
111 271
110 271
109 271
108 271
107 271
106 271
407 460
406 461
405 462
404 463
403 464
402 465
401 465
400 465
399 465
398 465
397 465
396 465
395 465
394 465
393 465
394 466
395 467
396 468
397 469
398 470
399 471
400 472
401 473
402 474
403 475
404 476
405 477
406 477
407 477
408 477
409 477
410 477
411 477
412 477
413 477
414 477
415 477
416 477
105 311
104 312
103 313
102 314
101 315
100 316
99 317
98 318
97 319
96 320
95 321
94 322
93 323
92 324
91 325
105 310
104 310
103 310
102 310
101 310
100 310
99 310
98 310
97 310
96 310
95 310
94 310
93 310
92 310
91 310
411 437
412 437
413 437
414 437
415 437
416 437
417 437
418 437
419 437
420 437
421 437
422 437
423 437
424 437
425 437
123 361
122 361
121 361
120 361
119 361
118 361
117 361
116 361
115 361
114 361
113 361
112 361
111 361
110 361
109 361
108 362
107 363
106 364
105 365
104 366
103 367
103 368
103 369
103 370
103 371
103 372
103 373
102 372
101 371
100 370
99 369
98 368
97 367
96 366
95 365
94 364
94 363
94 362
94 361
104 374
105 375
106 376
107 377
108 378
109 379
110 380
111 381
112 382
113 383
114 384
115 385
116 385
117 385
116 386
115 387
114 388
113 389
112 390
111 390
110 390
109 390
108 390
107 390
106 390
105 390
104 390
103 390
132 376
132 377
132 378
132 379
132 380
132 381
132 382
132 383
132 384
132 385
132 386
132 387
132 388
132 389
132 390
300 110
299 109
298 108
298 107
298 106
298 105
298 104
298 103
298 102
298 101
298 100
298 99
298 98
298 97
298 96
299 95
300 94
300 93
300 92
300 91
300 90
300 89
300 88
300 87
300 86
301 85
302 84
303 83
304 82
305 81
306 80
307 79
308 79
309 79
310 79
311 79
312 79
301 87
302 88
303 89
304 90
305 91
306 92
307 93
308 94
309 94
310 94
311 94
312 94
331 143
332 143
333 143
334 143
335 143
336 143
337 143
338 143
339 143
340 143
341 143
342 143
343 143
344 143
345 143
346 144
347 145
348 146
349 147
350 148
351 148
352 148
353 148
354 148
355 148
356 148
353 83
352 82
351 81
350 80
349 79
348 78
347 77
346 76
345 75
344 74
343 74
342 74
341 74
340 74
339 74
354 83
354 82
354 81
354 80
354 79
354 78
354 77
354 76
354 75
354 74
354 73
354 72
354 71
354 70
354 69
355 83
356 82
357 81
358 81
359 81
360 81
361 81
362 81
363 81
364 81
365 81
366 81
367 81
368 81
369 81
392 113
393 112
394 111
395 110
396 109
397 108
398 107
399 106
400 105
401 104
402 104
403 104
404 104
405 104
406 104
407 103
408 102
408 101
408 100
408 99
408 98
408 97
408 96
408 95
408 94
408 93
408 92
407 91
406 90
405 89
404 89
403 89
402 89
401 89
400 89
399 89
398 89
397 89
396 89
409 91
410 90
411 89
411 88
411 87
411 86
411 85
411 84
411 83
411 82
411 81
411 80
412 79
413 78
414 77
415 76
416 75
417 74
418 73
419 72
420 71
421 70
422 69
422 68
421 67
420 66
419 65
418 65
417 65
416 65
415 65
414 65
413 65
412 65
411 65
412 64
413 63
414 62
415 61
416 60
417 59
418 58
419 57
420 56
421 55
422 54
422 53
388 144
387 144
386 144
385 144
384 144
383 144
382 144
381 144
380 144
379 144
378 144
377 144
376 144
375 144
374 144
390 143
391 143
392 143
393 143
394 143
395 143
396 143
397 143
398 143
399 143
400 143
401 143
402 143
403 143
404 143
405 144
406 145
407 146
408 147
409 148
410 149
411 150
412 150
413 150
414 150
415 150
105 221
104 221
103 221
102 221
101 221
100 221
99 221
98 221
97 221
96 221
95 221
94 221
93 221
92 221
91 221
91 222
91 223
91 224
91 225
91 226
91 227
91 228
91 229
91 230
91 231
91 232
91 233
91 234
453 339
454 339
455 339
456 339
457 339
458 339
459 339
460 339
461 339
462 339
463 339
464 339
465 339
466 339
467 339
109 184
108 184
107 184
106 184
105 184
104 184
103 184
102 184
101 184
100 184
99 184
98 184
97 184
96 184
95 184
469 368
470 367
470 366
470 365
470 364
470 363
470 362
470 361
470 360
470 359
470 358
470 357
470 356
470 355
470 354
105 158
104 157
104 156
104 155
104 154
104 153
104 152
104 151
104 150
104 149
104 148
104 147
104 146
104 145
104 144
103 143
102 142
101 141
100 140
100 139
100 138
100 137
100 136
100 135
100 134
100 133
100 132
100 131
100 130
99 131
98 132
97 133
96 134
95 135
94 136
93 137
92 138
91 139
90 140
89 141
88 142
87 143
133 145
132 144
131 143
130 142
129 141
128 140
127 139
126 139
125 139
124 139
123 139
122 139
121 139
120 139
119 139
488 368
487 367
486 366
485 365
485 364
485 363
485 362
485 361
485 360
485 359
485 358
485 357
485 356
485 355
485 354
501 368
502 367
503 366
504 365
505 364
506 363
507 362
508 361
509 360
510 359
511 358
512 357
513 356
514 355
515 354
490 368
491 367
492 366
493 365
494 364
495 363
496 362
497 361
498 360
499 359
500 358
500 357
500 356
500 355
500 354
542 387
543 386
544 385
545 384
546 383
547 382
548 381
548 380
548 379
548 378
548 377
548 376
548 375
548 374
548 373
549 374
550 375
551 376
552 377
553 378
554 379
555 380
556 381
556 382
556 383
556 384
556 385
441 435
442 435
443 435
444 435
445 435
446 435
447 435
448 435
449 435
450 435
451 435
452 435
453 435
454 435
455 435
456 420
457 420
458 420
459 420
460 420
461 420
462 420
463 420
464 420
465 420
466 420
467 420
468 420
469 420
470 420
461 297
462 298
463 299
464 300
465 301
466 302
467 303
468 304
469 305
470 306
471 307
472 308
473 309
474 310
475 310
475 311
475 312
475 313
475 314
475 315
475 316
475 317
475 318
475 319
475 320
475 321
433 284
433 283
433 282
433 281
433 280
433 279
433 278
433 277
433 276
433 275
433 274
433 273
433 272
433 271
433 270
456 421
457 422
458 423
459 424
460 425
461 426
462 427
463 428
464 429
465 430
466 431
467 432
468 433
469 434
470 435
461 295
462 295
463 295
464 295
465 295
466 295
467 295
468 295
469 295
470 295
471 295
472 295
473 295
474 295
475 295
474 294
473 293
472 292
471 291
470 290
469 289
468 288
467 287
466 286
465 285
464 284
463 283
463 282
463 281
464 280
465 280
466 280
467 280
468 280
469 280
470 280
471 280
472 280
473 280
474 280
473 279
472 278
471 277
470 276
469 275
468 274
467 273
466 272
465 271
464 270
463 269
446 255
445 255
444 255
443 255
442 255
441 255
440 255
439 255
438 255
437 255
436 255
435 255
434 255
433 255
432 255
475 279
476 278
477 277
478 276
478 275
478 274
478 273
478 272
478 271
478 270
478 269
478 268
479 269
480 270
481 271
482 272
483 273
484 274
485 275
486 276
487 277
488 278
489 279
490 278
491 277
492 276
493 275
493 274
493 273
493 272
493 271
493 270
493 269
493 268
493 267
449 267
450 266
451 265
452 264
453 263
454 262
455 261
456 260
457 259
458 258
459 257
460 256
461 255
462 254
463 254
448 253
449 252
450 251
451 250
452 249
453 248
454 247
455 246
456 245
457 244
458 243
459 242
460 241
461 240
462 239
105 255
104 254
103 253
102 252
101 252
100 252
99 252
98 252
97 252
96 252
95 252
94 252
93 252
92 252
91 252
105 287
104 288
103 289
102 290
101 291
100 291
99 291
98 291
97 291
96 291
95 291
94 291
93 291
92 291
91 291
91 290
91 289
91 288
91 287
91 286
91 285
91 284
91 283
91 282
105 257
104 258
103 259
102 260
101 261
100 262
99 263
98 264
97 265
96 266
95 267
94 267
93 267
92 267
91 267
406 478
405 479
404 480
403 481
402 481
401 481
400 481
399 481
398 481
397 481
396 481
395 481
394 481
393 481
392 481
407 478
407 479
407 480
407 481
407 482
407 483
407 484
407 485
407 486
407 487
407 488
407 489
407 490
407 491
407 492
408 493
409 494
410 495
411 496
412 497
413 498
414 498
415 498
416 498
93 360
92 359
91 358
90 358
89 358
88 358
87 358
86 358
85 358
84 358
83 358
82 358
81 358
80 358
79 358
102 374
101 375
100 376
99 377
98 377
97 377
96 377
95 377
94 377
93 377
92 377
91 377
90 377
89 377
88 377
90 326
89 327
88 328
87 329
86 330
85 331
84 332
84 333
84 334
84 335
84 336
84 337
84 338
84 339
84 340
83 339
82 339
81 339
80 339
79 339
78 339
77 339
76 339
75 339
74 339
73 339
72 338
71 338
70 338
69 338
68 338
67 338
66 338
65 338
64 338
63 338
62 338
61 337
60 336
59 335
58 334
57 333
56 332
55 331
54 330
53 330
52 330
51 330
50 330
49 330
63 337
64 336
65 335
66 334
67 333
68 332
69 331
70 330
71 329
72 328
72 327
72 326
72 325
72 324
48 331
47 332
46 333
45 333
44 333
43 333
42 333
41 333
40 333
39 333
38 333
37 333
36 333
35 333
34 332
33 331
32 330
31 329
30 328
29 327
28 326
27 325
26 325
25 325
24 325
23 325
22 325
21 325
34 334
33 335
32 336
31 337
30 338
29 339
28 340
27 340
26 340
25 340
24 340
23 340
22 340
21 340
102 391
101 392
100 393
99 394
98 395
97 396
96 397
95 398
94 399
93 400
92 401
91 401
90 401
89 401
88 401
311 78
310 77
309 76
308 75
307 74
306 73
306 72
306 71
306 70
306 69
306 68
306 67
306 66
306 65
306 64
307 64
308 64
309 64
310 64
311 64
312 64
313 64
314 64
315 64
316 64
317 64
299 85
298 84
297 83
296 82
295 81
294 80
293 79
292 78
291 77
291 76
291 75
291 74
291 73
291 72
291 71
338 73
337 72
336 71
335 70
334 69
333 68
332 67
332 66
332 65
332 64
332 63
332 62
332 61
332 60
332 59
353 68
352 67
351 66
350 65
349 64
348 63
347 62
347 61
347 60
347 59
347 58
347 57
347 56
347 55
347 54
409 93
410 94
411 95
412 96
413 97
414 98
415 99
416 100
417 101
418 102
419 103
420 104
421 105
421 106
421 107
355 68
356 67
357 66
358 66
359 66
360 66
361 66
362 66
363 66
364 66
365 66
366 66
367 66
368 66
369 66
370 65
371 64
372 63
373 62
374 61
375 60
376 59
377 58
377 57
377 56
377 55
377 54
377 53
377 52
396 88
396 87
396 86
396 85
396 84
396 83
396 82
396 81
396 80
396 79
396 78
396 77
396 76
396 75
396 74
410 64
409 63
408 62
407 61
407 60
407 59
407 58
407 57
407 56
407 55
407 54
407 53
407 52
407 51
407 50
416 149
417 148
418 147
419 146
420 145
421 144
422 143
423 143
424 143
425 143
426 143
427 143
428 143
429 143
430 143
431 142
432 142
433 142
434 142
435 142
436 142
437 142
438 142
439 142
440 142
441 142
442 142
443 143
444 143
445 143
446 143
447 143
448 143
449 143
450 143
451 143
452 143
453 143
454 143
455 143
431 144
432 145
433 146
434 147
435 148
436 149
437 150
438 151
439 152
440 153
441 154
442 155
442 156
442 157
441 158
440 158
439 158
438 158
437 158
436 158
435 158
434 158
433 158
432 158
443 158
444 159
445 160
446 160
447 160
448 160
449 160
450 160
451 160
452 160
453 160
454 160
455 160
456 161
457 162
458 162
459 162
460 162
461 162
462 162
463 162
464 162
465 162
466 162
467 162
468 162
469 161
470 161
471 161
472 161
473 161
474 161
475 161
476 161
477 161
478 161
479 160
480 159
481 158
482 157
483 157
484 157
485 157
486 157
487 157
488 157
489 157
490 158
491 159
492 160
493 161
494 161
495 161
496 161
497 161
498 161
499 161
500 161
501 161
502 161
503 161
504 161
505 161
506 161
507 161
508 161
509 161
510 161
511 161
512 161
513 161
94 183
93 183
92 183
91 183
90 183
89 183
88 183
87 183
86 183
85 183
84 183
83 183
82 183
81 183
80 183
514 160
515 159
516 158
517 157
518 156
519 156
520 156
521 156
522 156
523 156
524 156
525 156
526 156
527 156
471 353
472 352
473 351
474 350
475 349
476 348
477 347
478 346
479 345
480 344
481 343
482 342
482 341
482 340
482 339
514 353
513 352
512 351
512 350
512 349
512 348
512 347
512 346
512 345
512 344
512 343
512 342
512 341
512 340
512 339
486 353
487 352
488 351
489 350
490 349
491 348
492 347
493 346
494 345
495 344
496 343
497 342
497 341
497 340
497 339
118 138
117 137
117 136
117 135
117 134
117 133
117 132
117 131
117 130
117 129
117 128
117 127
117 126
117 125
117 124
118 123
119 122
120 121
121 120
122 120
123 120
124 120
125 120
126 120
127 120
516 354
517 354
518 354
519 354
520 354
521 354
522 354
523 354
524 354
525 354
526 354
527 354
528 354
529 354
530 354
516 353
517 352
518 351
519 350
520 349
521 348
522 347
523 346
524 345
525 344
526 343
527 342
527 341
527 340
527 339
471 421
472 422
473 423
474 424
475 425
476 426
477 427
478 428
479 429
480 430
481 431
482 432
483 433
484 434
485 435
471 420
472 420
473 420
474 420
475 420
476 420
477 420
478 420
479 420
480 420
481 420
482 420
483 420
484 420
485 420
476 309
477 308
478 307
479 306
480 305
481 304
482 303
483 302
484 301
485 300
486 300
487 300
488 300
489 300
490 300
476 320
477 319
478 318
479 317
480 316
481 315
482 315
483 315
484 315
485 315
486 315
487 315
488 315
489 315
490 315
431 254
430 253
429 252
429 251
429 250
429 249
429 248
429 247
429 246
429 245
429 244
429 243
429 242
429 241
429 240
430 239
431 238
432 237
433 236
434 235
435 234
436 233
437 232
438 231
439 230
440 229
441 228
442 227
490 280
491 281
492 282
493 282
494 282
495 282
496 282
497 282
498 282
499 282
500 282
501 282
502 282
503 282
504 282
492 266
491 265
490 264
489 263
488 262
487 261
486 260
485 259
484 258
483 257
482 256
481 255
480 254
479 253
478 253
477 252
477 251
477 250
477 249
477 248
477 247
477 246
477 245
477 244
477 243
477 242
477 241
477 240
477 239
479 252
480 251
481 250
482 249
483 248
484 247
485 246
486 245
487 244
488 243
489 242
490 241
491 240
492 239
494 266
495 265
496 264
497 263
498 262
499 262
500 262
501 262
502 262
503 262
504 262
505 262
506 262
507 262
508 262
509 261
510 260
511 259
512 258
513 257
514 256
515 255
516 254
517 254
518 254
519 254
520 254
521 254
522 254
461 238
460 237
460 236
460 235
460 234
460 233
460 232
460 231
460 230
460 229
460 228
460 227
460 226
460 225
460 224
463 238
464 237
465 236
466 235
467 234
468 233
469 232
470 231
471 230
472 229
473 228
474 227
475 226
475 225
475 224
307 63
308 62
309 61
310 60
311 59
312 58
313 57
314 56
314 55
314 54
314 53
314 52
314 51
314 50
314 49
313 49
312 49
311 49
310 49
309 49
308 49
307 49
306 49
305 49
304 49
303 49
302 49
301 49
300 48
299 47
298 46
297 45
296 44
295 43
294 42
293 41
292 41
78 358
77 358
76 358
75 358
74 358
73 358
72 358
71 358
70 358
69 358
68 358
67 358
66 358
65 358
64 358
348 53
349 52
350 51
351 51
352 51
353 51
354 51
355 51
356 51
357 51
358 51
359 51
360 51
361 51
362 51
290 70
289 69
288 68
287 67
286 66
286 65
286 64
286 63
286 62
286 61
286 60
286 59
286 58
286 57
286 56
422 108
423 109
424 110
425 111
426 112
427 113
428 114
429 115
430 116
431 117
431 118
431 119
431 120
431 121
431 122
346 53
345 52
344 51
343 50
342 49
341 48
340 47
339 46
338 45
337 44
336 43
336 42
336 41
336 40
336 39
422 107
423 107
424 107
425 107
426 107
427 107
428 107
429 107
430 107
431 107
432 107
433 107
434 107
435 107
436 107
378 53
379 54
380 55
381 56
382 57
383 58
384 59
385 59
386 59
387 59
388 59
389 59
390 59
391 59
392 59
433 159
433 160
433 161
433 162
433 163
433 164
433 165
433 166
433 167
433 168
433 169
433 170
433 171
433 172
433 173
434 174
435 175
436 176
437 177
438 178
439 178
440 178
441 178
377 51
377 50
377 49
377 48
377 47
377 46
377 45
377 44
377 43
377 42
377 41
377 40
377 39
377 38
377 37
376 36
375 36
374 36
373 36
372 36
371 36
370 36
369 36
368 36
367 36
366 36
469 163
469 164
469 165
469 166
469 167
469 168
469 169
469 170
469 171
469 172
469 173
469 174
469 175
469 176
469 177
488 156
487 155
486 154
486 153
486 152
486 151
486 150
486 149
486 148
486 147
486 146
486 145
486 144
486 143
486 142
479 162
480 163
481 164
482 165
483 166
484 167
484 168
484 169
484 170
484 171
484 172
484 173
484 174
484 175
484 176
490 156
491 155
492 154
493 153
494 152
495 151
496 150
497 149
498 148
499 147
500 146
501 145
501 144
501 143
501 142
502 143
503 144
504 145
505 145
506 145
507 145
508 145
509 145
510 145
511 145
512 145
513 144
514 143
515 142
516 141
517 141
518 141
519 141
520 141
521 141
522 141
523 141
500 162
499 163
499 164
499 165
499 166
499 167
499 168
499 169
499 170
499 171
499 172
499 173
499 174
499 175
499 176
502 162
503 163
504 164
505 165
506 166
507 167
508 168
509 169
510 170
511 171
512 172
513 173
514 174
514 175
514 176
79 183
78 183
77 183
76 183
75 183
74 183
73 183
72 183
71 183
70 183
69 183
68 183
67 183
66 183
65 183
528 157
529 158
530 159
531 159
532 159
533 159
534 159
535 159
536 159
537 159
538 159
539 159
540 159
541 159
542 159
543 160
544 161
545 162
546 163
547 164
547 165
547 166
547 167
547 168
547 169
547 170
547 171
547 172
548 171
549 170
550 169
551 168
552 167
553 166
554 165
555 164
556 163
557 162
557 161
557 160
557 159
543 158
544 157
545 156
546 155
546 154
546 153
546 152
546 151
546 150
546 149
546 148
546 147
546 146
546 145
126 119
125 118
124 117
123 116
122 115
122 114
122 113
122 112
122 111
122 110
122 109
122 108
122 107
122 106
122 105
79 184
78 185
77 186
76 187
75 188
74 189
73 190
72 191
72 192
72 193
72 194
72 195
72 196
72 197
72 198
71 199
70 200
69 200
68 200
67 200
66 200
65 200
64 200
63 200
62 200
61 201
60 202
59 203
58 204
57 205
56 206
55 207
54 207
53 207
52 207
51 207
50 207
49 207
63 201
64 202
65 203
66 204
67 205
68 206
69 207
70 208
71 209
72 210
72 211
72 212
72 213
72 214
48 208
47 209
46 210
45 211
44 212
43 213
42 214
41 215
40 215
39 215
38 215
37 215
36 215
35 215
48 206
47 205
46 204
45 203
44 202
43 201
42 200
41 200
40 200
39 200
38 200
37 200
36 200
35 200
116 123
115 122
114 121
113 120
112 119
111 118
110 117
109 116
108 115
107 114
107 113
107 112
107 111
107 110
107 109
531 353
532 352
533 351
534 350
535 349
536 348
537 347
538 346
539 345
540 344
541 343
542 342
543 341
544 341
545 341
546 340
547 339
548 338
549 337
550 336
551 335
552 334
553 333
553 332
553 331
552 330
551 329
550 328
549 327
548 326
547 326
546 326
545 326
544 326
543 326
542 326
543 325
544 324
545 323
546 322
547 321
548 320
549 319
550 318
551 317
552 316
546 342
547 343
548 344
549 345
550 346
551 347
552 348
553 348
554 348
555 348
556 348
557 348
558 348
551 315
550 314
549 313
548 312
547 311
546 311
545 311
544 311
543 311
542 311
541 311
540 311
539 311
557 349
556 350
555 351
554 352
553 353
552 354
551 355
550 356
549 356
548 356
547 356
546 356
545 356
540 310
541 309
542 308
543 307
544 306
545 305
546 304
547 303
548 302
549 301
550 301
551 301
552 301
486 434
487 433
488 432
489 431
490 430
491 429
492 428
493 427
494 426
495 425
496 424
497 423
498 422
499 421
500 421
486 436
487 436
488 436
489 436
490 436
491 436
492 436
493 436
494 436
495 436
496 436
497 436
498 436
499 436
500 436
491 314
492 313
493 312
494 311
495 310
496 309
497 308
498 307
499 306
500 305
501 304
502 303
503 302
504 301
505 301
491 316
492 316
493 316
494 316
495 316
496 316
497 316
498 316
499 316
500 316
501 316
502 316
503 316
504 316
505 316
441 226
440 225
439 224
438 223
438 222
438 221
438 220
438 219
438 218
438 217
438 216
438 215
438 214
438 213
438 212
428 239
427 238
426 237
425 236
424 235
423 234
423 233
423 232
423 231
423 230
423 229
423 228
423 227
423 226
423 225
505 281
506 280
507 279
508 278
509 277
510 277
511 277
512 277
513 277
514 277
515 277
516 277
517 277
518 277
519 277
493 238
494 237
495 236
496 235
497 234
498 233
499 232
500 231
501 230
502 229
503 228
504 227
505 226
505 225
505 224
478 238
479 237
480 236
481 235
482 234
483 233
484 232
485 231
486 230
487 229
488 228
489 227
490 226
490 225
490 224
522 253
522 252
522 251
522 250
522 249
522 248
522 247
522 246
522 245
522 244
522 243
522 242
522 241
522 240
522 239
493 239
494 239
495 239
496 239
497 239
498 239
499 239
500 239
501 239
502 239
503 239
504 239
505 239
506 239
507 239
63 358
62 358
61 358
60 358
59 358
58 358
57 358
56 358
55 358
54 358
53 358
52 358
51 358
50 358
49 358
48 357
47 356
46 355
45 354
44 353
43 352
42 352
41 352
40 352
523 253
524 252
525 251
526 250
527 249
528 248
529 247
530 246
531 245
532 244
533 243
534 242
535 241
536 241
537 241
361 50
360 49
359 48
358 47
357 46
356 45
355 44
354 43
353 42
352 41
351 40
351 39
351 38
351 37
351 36
432 122
433 122
434 122
435 122
436 122
437 122
438 122
439 122
440 122
441 122
442 122
443 122
444 122
445 122
446 122
437 107
438 107
439 107
440 107
441 107
442 107
443 107
444 107
445 107
446 107
447 107
448 107
449 107
450 107
451 107
442 179
443 180
444 181
444 182
444 183
444 184
444 185
444 186
444 187
444 188
444 189
444 190
444 191
444 192
444 193
445 194
446 195
447 196
448 197
449 198
450 199
451 200
452 201
453 202
453 203
453 204
453 205
453 206
454 205
455 204
456 203
457 202
458 201
459 200
459 199
459 198
459 197
459 196
459 195
459 194
459 193
365 35
364 34
363 33
362 32
361 31
360 30
359 29
358 28
357 27
356 26
355 25
354 24
354 23
354 22
354 21
500 177
501 178
502 179
503 180
504 181
504 182
504 183
504 184
504 185
504 186
504 187
504 188
504 189
504 190
504 191
470 178
471 179
472 180
473 181
474 182
474 183
474 184
474 185
474 186
474 187
474 188
474 189
474 190
474 191
474 192
474 193
474 194
474 195
474 196
474 197
474 198
474 199
474 200
474 201
474 202
474 203
474 204
474 205
485 143
484 143
483 143
482 143
481 143
480 143
479 143
478 143
477 143
476 143
475 143
474 143
473 143
472 143
471 143
485 177
486 178
487 179
488 180
489 181
489 182
489 183
489 184
489 185
489 186
489 187
489 188
489 189
489 190
489 191
34 214
33 213
32 212
31 211
30 210
29 209
28 209
27 209
26 209
25 209
24 209
23 209
22 209
21 209
20 209
559 347
560 346
561 345
562 344
563 343
564 342
565 341
566 340
567 339
568 338
569 337
570 336
571 335
572 334
573 333
574 332
575 331
575 330
575 329
575 328
575 327
575 326
575 325
575 324
575 323
575 322
575 321
575 320
64 183
63 183
62 183
61 183
60 183
59 183
58 183
57 183
56 183
55 183
54 183
53 183
52 183
51 183
50 183
72 215
72 216
72 217
72 218
72 219
72 220
72 221
72 222
72 223
72 224
72 225
72 226
72 227
72 228
72 229
71 230
70 231
69 232
68 233
67 234
66 234
65 234
64 234
63 234
62 234
61 234
60 234
61 235
62 236
63 237
64 238
65 239
66 240
67 241
68 242
69 243
70 244
71 244
72 244
71 245
70 246
69 247
68 248
67 249
66 250
65 251
64 252
63 253
62 253
61 253
60 253
538 310
537 309
536 308
535 307
535 306
535 305
535 304
535 303
535 302
535 301
535 300
535 299
535 298
535 297
535 296
551 300
550 299
550 298
550 297
550 296
550 295
550 294
550 293
550 292
550 291
550 290
550 289
550 288
550 287
550 286
559 348
560 348
561 348
562 348
563 348
564 348
565 348
566 348
567 348
568 348
569 348
570 348
571 348
572 348
573 348
501 422
502 423
503 424
504 425
505 426
506 427
507 428
508 429
509 430
510 431
511 432
512 433
513 434
514 435
515 436
501 421
502 421
503 421
504 421
505 421
506 421
507 421
508 421
509 421
510 421
511 421
512 421
513 421
514 421
515 421
506 302
507 303
508 304
509 305
510 306
511 307
512 307
513 307
514 307
515 307
516 307
517 307
518 307
519 307
520 307
422 224
421 223
420 222
419 221
418 220
417 219
416 218
415 217
414 216
414 215
414 214
414 213
414 212
414 211
414 210
415 210
416 210
417 210
418 210
419 210
420 210
421 210
422 210
423 210
424 209
425 208
426 207
427 206
428 205
429 204
429 203
429 202
429 201
429 200
429 199
429 198
429 197
506 300
507 299
508 298
509 297
510 296
511 295
512 294
513 293
514 292
515 292
516 292
517 292
518 292
519 292
520 292
506 317
507 318
508 319
509 320
510 321
511 322
512 322
513 322
514 322
515 322
516 322
517 322
518 322
519 322
520 322
520 276
521 275
522 274
523 273
524 272
525 271
526 270
527 270
528 270
529 270
530 270
531 270
532 270
533 270
534 270
535 271
535 272
535 273
535 274
535 275
535 276
535 277
535 278
535 279
535 280
535 281
535 269
536 268
537 267
538 266
539 265
539 264
539 263
539 262
539 261
539 260
539 259
539 258
539 257
539 256
536 280
537 279
538 278
539 277
540 276
541 275
542 274
543 273
544 272
545 271
546 271
547 271
548 271
549 271
550 270
551 270
552 270
553 270
554 270
555 270
556 270
557 270
558 270
559 270
560 270
506 224
507 224
508 224
509 224
510 224
511 224
512 224
513 224
514 224
515 224
516 224
517 224
518 224
519 224
520 224
39 353
38 354
37 355
36 356
35 357
34 358
33 359
32 359
31 359
30 359
29 359
28 359
27 359
26 359
25 359
538 240
539 239
540 239
541 239
542 239
543 239
544 239
545 239
546 239
547 239
548 239
549 239
550 239
551 239
552 239
447 122
448 122
449 122
450 122
451 122
452 122
453 122
454 122
455 122
456 122
457 122
458 122
459 122
460 122
461 122
504 192
504 193
504 194
504 195
504 196
504 197
504 198
504 199
504 200
504 201
504 202
504 203
504 204
504 205
504 206
503 192
502 193
501 194
500 195
499 196
498 197
497 198
496 199
495 200
494 201
493 202
492 203
491 204
490 205
489 206
452 107
453 107
454 107
455 107
456 107
457 107
458 107
459 107
460 107
461 107
462 107
463 107
464 107
465 107
466 107
505 192
506 193
507 194
508 195
509 196
510 197
511 198
512 199
513 200
514 201
515 202
516 203
517 204
518 205
519 205
519 204
519 203
519 202
519 201
519 200
519 199
519 198
519 197
519 196
519 195
519 194
575 319
575 318
575 317
575 316
575 315
575 314
575 313
575 312
575 311
575 310
575 309
575 308
575 307
575 306
575 305
574 334
575 335
576 335
577 335
578 335
579 335
580 335
581 335
582 335
583 335
584 335
585 335
586 335
587 335
588 335
59 254
58 255
57 256
56 257
56 258
56 259
56 260
56 261
56 262
56 263
56 264
56 265
56 266
56 267
56 268
19 208
18 207
17 206
16 205
15 204
15 203
15 202
15 201
15 200
15 199
15 198
15 197
15 196
15 195
15 194
16 193
17 192
18 191
19 190
20 189
21 188
22 187
23 186
23 185
23 184
23 183
23 182
24 181
25 180
26 179
27 178
28 177
29 176
30 176
31 176
32 176
33 176
576 319
577 318
578 318
579 318
580 318
581 318
582 318
583 318
584 318
585 318
586 318
587 318
588 318
589 318
590 318
61 254
62 255
63 256
64 257
65 258
66 259
67 260
68 261
69 262
70 263
71 264
72 265
73 266
73 267
73 268
574 349
575 350
576 351
577 352
578 353
579 354
580 355
581 356
581 357
581 358
581 359
581 360
581 361
581 362
581 363
580 364
579 365
578 366
577 367
576 368
575 369
575 370
575 371
575 372
575 373
516 436
517 436
518 436
519 436
520 436
521 436
522 436
523 436
524 436
525 436
526 436
527 436
528 436
529 436
530 436
516 435
517 434
518 433
519 432
520 431
521 430
522 429
523 428
524 427
525 426
526 425
527 424
528 423
529 422
530 421
422 209
421 208
420 207
419 206
418 205
417 204
416 203
415 202
414 201
414 200
414 199
414 198
414 197
414 196
414 195
413 195
412 195
411 195
410 195
409 195
408 195
407 195
406 195
405 195
404 195
403 195
540 255
541 254
542 254
543 254
544 254
545 254
546 254
547 254
548 254
549 254
550 254
551 254
552 254
553 254
554 254
561 271
562 272
563 273
564 274
565 275
566 275
567 275
568 275
569 275
570 275
571 275
572 275
573 275
574 275
575 275
551 238
550 237
549 236
548 235
547 234
546 233
545 232
544 231
543 230
542 229
541 228
540 227
539 226
539 225
539 224
467 107
468 107
469 107
470 107
471 107
472 107
473 107
474 107
475 107
476 107
477 107
478 107
479 107
480 107
481 107
520 204
521 203
522 202
523 201
524 200
525 199
526 198
527 197
528 196
529 195
530 194
531 194
532 194
533 194
534 194
462 122
463 122
464 122
465 122
466 122
467 122
468 122
469 122
470 122
471 122
472 122
473 122
474 122
475 122
476 122
575 304
575 303
575 302
575 301
575 300
575 299
575 298
575 297
575 296
575 295
575 294
575 293
575 292
575 291
575 290
589 334
590 333
591 333
592 333
593 333
594 333
595 333
596 333
597 333
598 333
599 333
600 333
601 333
602 333
603 333
576 304
577 303
578 303
579 303
580 303
581 303
582 303
583 303
584 303
585 303
586 303
587 303
588 303
589 303
590 303
589 336
590 337
591 338
592 339
593 340
594 341
595 342
596 343
596 344
596 345
596 346
596 347
596 348
596 349
596 350
597 349
598 349
599 349
600 349
601 349
602 349
603 349
604 349
605 349
606 349
607 349
608 349
609 349
610 348
611 347
612 346
613 345
614 344
615 343
616 342
617 341
618 341
591 317
592 316
593 315
594 314
595 313
596 312
597 311
598 310
599 309
600 308
601 307
602 306
603 306
604 306
605 306
605 307
605 308
605 309
605 310
605 311
605 312
605 313
605 314
605 315
605 316
605 317
605 318
582 364
583 365
584 366
585 367
586 368
587 369
588 370
589 371
590 372
590 373
590 374
590 375
590 376
590 377
590 378
591 377
592 376
593 375
594 374
595 373
596 372
597 371
597 370
597 369
597 368
597 367
597 366
597 365
575 374
575 375
575 376
575 377
575 378
575 379
575 380
575 381
575 382
575 383
575 384
575 385
575 386
575 387
575 388
531 436
532 436
533 436
534 436
535 436
536 436
537 436
538 436
539 436
540 436
541 436
542 436
543 436
544 436
545 436
531 421
532 421
533 421
534 421
535 421
536 421
537 421
538 421
539 421
540 421
541 421
542 421
543 421
544 421
545 421
531 420
532 419
533 418
534 417
535 416
536 415
537 414
538 413
539 412
540 411
541 410
542 409
543 408
544 407
545 406
402 194
401 193
400 192
399 191
398 190
397 190
396 190
395 190
394 190
393 190
392 190
391 190
390 190
389 190
388 190
413 194
412 193
411 192
410 191
409 190
408 189
407 188
406 187
405 186
404 185
403 184
403 183
403 182
403 181
403 180
404 179
405 178
406 177
407 176
408 175
409 174
410 173
411 172
411 171
576 274
577 273
578 273
579 273
580 273
581 273
582 273
583 273
584 273
585 273
586 273
587 273
588 273
589 273
590 273
590 272
590 271
590 270
590 269
590 268
590 267
590 266
590 265
590 264
590 263
590 262
590 261
591 260
592 259
593 258
594 257
595 256
596 255
597 254
598 253
599 253
600 253
601 253
602 253
601 252
600 251
599 250
598 249
597 248
596 248
595 248
594 248
593 248
592 248
591 248
540 223
541 222
542 221
543 220
544 220
545 220
546 220
547 220
548 220
549 220
550 220
551 220
552 220
553 220
554 220
589 260
588 259
587 258
586 258
585 258
584 258
583 258
582 258
581 258
580 258
579 258
578 258
577 258
576 258
576 276
577 277
578 278
579 279
580 280
581 281
582 282
583 283
584 284
585 285
586 286
587 287
588 288
589 288
590 288
539 223
539 222
539 221
539 220
539 219
539 218
539 217
539 216
539 215
539 214
539 213
539 212
539 211
539 210
539 209
482 107
483 107
484 107
485 107
486 107
487 107
488 107
489 107
490 107
491 107
492 107
493 107
494 107
495 107
496 107
482 108
483 109
484 110
485 111
486 112
487 113
488 114
489 115
490 116
491 117
491 118
491 119
491 120
491 121
491 122
619 342
620 342
621 342
622 342
623 342
624 342
625 342
626 342
627 342
628 342
629 342
630 342
631 342
632 342
633 342
632 343
631 344
630 345
629 346
628 347
628 348
628 349
628 350
628 351
628 352
628 353
628 354
628 355
628 356
535 193
536 192
537 191
538 190
539 190
540 190
541 190
542 190
543 190
544 190
545 190
546 190
547 190
548 190
549 190
606 317
607 316
608 315
609 314
610 313
611 312
612 311
613 310
614 309
615 308
616 307
617 306
618 306
619 306
620 306
621 305
622 304
623 303
624 302
625 301
626 300
627 299
628 298
621 307
622 308
623 309
624 310
625 311
625 312
625 313
625 314
625 315
625 316
625 317
625 318
625 319
625 320
591 379
592 380
593 381
594 382
595 383
596 384
596 385
596 386
596 387
596 388
596 389
596 390
596 391
596 392
596 393
576 389
577 390
578 391
579 392
580 393
581 394
581 395
581 396
581 397
581 398
581 399
581 400
581 401
581 402
581 403
546 435
547 434
548 433
549 432
550 431
551 430
552 430
553 430
554 430
555 430
556 430
557 430
558 430
559 430
560 430
591 274
592 275
593 276
594 277
595 278
596 279
597 280
598 281
599 282
600 283
601 283
602 283
603 283
604 283
605 283
591 262
592 263
593 264
594 265
595 266
596 267
597 268
598 268
599 268
600 268
601 268
602 268
603 268
604 268
605 268
387 189
386 188
385 187
384 186
383 185
382 184
382 183
382 182
382 181
382 180
382 179
382 178
382 177
382 176
382 175
590 247
589 246
588 245
587 244
586 243
585 243
584 243
583 243
582 243
581 243
580 243
579 243
578 243
577 243
576 243
591 247
591 246
591 245
591 244
591 243
591 242
591 241
591 240
591 239
591 238
591 237
591 236
591 235
591 234
591 233
540 208
541 207
542 206
543 205
544 205
545 205
546 205
547 205
548 205
549 205
550 205
551 205
552 205
553 205
554 205
592 247
593 246
594 245
595 244
596 243
597 242
598 241
599 240
600 239
601 238
602 237
603 236
604 235
605 234
606 234
497 107
498 107
499 107
500 107
501 107
502 107
503 107
504 107
505 107
506 107
507 107
508 107
509 107
510 107
511 107
492 122
493 122
494 122
495 122
496 122
497 122
498 122
499 122
500 122
501 122
502 122
503 122
504 122
505 122
506 122
627 297
626 296
625 295
625 294
625 293
625 292
625 291
625 290
625 289
625 288
625 287
625 286
625 285
625 284
625 283
626 282
627 281
628 280
629 279
630 278
631 277
632 276
633 275
633 274
633 273
633 272
633 271
633 270
632 269
631 268
630 268
629 268
628 268
627 268
626 268
625 268
624 268
623 268
622 268
621 268
620 268
597 392
598 391
599 390
600 389
601 388
602 387
603 387
604 387
605 387
606 387
607 387
608 387
609 387
610 387
611 387
612 387
613 387
614 387
615 387
616 387
617 387
618 387
619 387
620 387
621 387
622 387
623 387
624 386
625 385
626 384
626 383
626 382
626 381
626 380
626 379
626 378
626 377
626 376
582 404
583 405
584 406
585 407
586 408
587 409
588 410
589 411
590 412
590 413
590 414
590 415
590 416
590 417
590 418
591 417
592 416
593 415
594 414
595 413
596 412
597 411
598 410
598 409
598 408
589 419
588 420
587 421
586 422
586 423
586 424
586 425
586 426
586 427
586 428
586 429
586 430
585 430
584 430
583 430
582 430
581 430
580 430
579 430
578 430
577 430
576 430
575 430
585 429
584 428
583 427
582 426
581 425
580 424
579 423
578 422
577 421
576 420
575 419
575 418
381 176
380 177
379 178
378 179
377 180
376 181
375 182
374 183
373 183
372 183
371 183
370 183
369 183
368 183
367 183
591 419
592 420
593 421
594 422
595 423
596 423
597 423
598 423
599 423
600 423
601 423
602 423
603 423
604 423
603 424
602 425
601 426
601 427
601 428
601 429
601 430
601 431
601 432
601 433
576 242
576 241
576 240
576 239
576 238
576 237
576 236
576 235
576 234
576 233
576 232
576 231
576 230
576 229
576 228
591 232
591 231
591 230
591 229
591 228
591 227
591 226
591 225
591 224
591 223
591 222
591 221
591 220
591 219
591 218
592 218
593 218
594 218
595 218
596 218
597 218
598 218
599 218
600 218
601 218
602 218
381 174
380 173
379 172
378 171
377 170
376 169
375 168
374 168
373 168
372 168
371 168
370 168
369 168
368 168
367 168
512 107
513 107
514 107
515 107
516 107
517 107
518 107
519 107
520 107
521 107
522 107
523 107
524 107
525 107
526 107
512 108
513 109
514 110
515 111
516 112
517 113
518 114
519 115
520 116
521 117
521 118
521 119
521 120
521 121
521 122
607 234
608 234
609 234
610 234
611 234
612 234
613 234
614 234
615 234
616 234
617 234
618 234
619 234
620 234
621 234
622 234
623 234
624 234
625 234
626 234
627 234
628 234
629 234
630 234
631 234
632 234
633 234
612 388
613 389
614 390
615 391
616 392
617 393
618 394
619 395
620 396
621 397
622 398
623 399
623 400
623 401
623 402
623 403
623 404
623 405
623 406
623 407
623 408
623 409
623 410
623 411
623 412
623 413
623 414
627 377
628 378
629 379
630 380
631 381
632 382
633 383
634 384
635 385
636 386
637 387
638 388
638 389
638 390
638 391
639 390
640 389
641 388
642 387
643 386
644 385
645 384
646 383
586 431
586 432
586 433
586 434
586 435
586 436
586 437
586 438
586 439
586 440
586 441
586 442
586 443
586 444
586 445
576 227
576 226
576 225
576 224
576 223
576 222
576 221
576 220
576 219
576 218
576 217
576 216
576 215
576 214
576 213
366 182
365 182
364 182
363 182
362 182
361 182
360 182
359 182
358 182
357 182
356 182
355 182
354 182
353 182
352 182
591 217
591 216
591 215
591 214
591 213
591 212
591 211
591 210
591 209
591 208
591 207
591 206
591 205
591 204
591 203
592 202
593 201
594 200
595 199
596 198
597 197
598 196
599 195
600 194
601 193
602 192
602 191
602 190
602 189
603 190
604 191
605 192
606 193
606 194
606 195
606 196
606 197
606 198
606 199
606 200
606 201
606 202
606 203
527 108
528 109
529 110
530 111
531 112
532 113
533 114
534 115
535 116
536 117
536 118
536 119
536 120
536 121
536 122
366 167
365 167
364 167
363 167
362 167
361 167
360 167
359 167
358 167
357 167
356 167
355 167
354 167
353 167
352 167
527 107
528 107
529 107
530 107
531 107
532 107
533 107
534 107
535 107
536 107
537 107
538 107
539 107
540 107
541 107
622 235
623 236
624 237
625 238
625 239
625 240
625 241
625 242
625 243
625 244
625 245
625 246
625 247
625 248
625 249
624 413
625 412
626 411
627 410
628 409
629 408
630 407
631 406
632 406
633 406
634 406
635 406
636 406
637 406
638 406
622 233
623 232
624 231
624 230
624 229
624 228
624 227
624 226
624 225
624 224
624 223
624 222
624 221
624 220
624 219
607 202
608 202
609 202
610 202
611 202
612 202
613 202
614 202
615 202
616 202
617 202
618 202
619 202
620 202
621 202
622 202
623 202
624 202
625 202
626 202
627 202
628 202
629 202
630 202
631 202
632 202
633 202
351 181
350 181
349 181
348 181
347 181
346 181
345 181
344 181
343 181
342 181
341 181
340 181
339 181
338 181
337 181
575 212
574 211
573 210
572 209
572 208
572 207
572 206
572 205
572 204
572 203
572 202
572 201
572 200
572 199
572 198
590 202
589 201
588 200
587 199
587 198
587 197
587 196
587 195
587 194
587 193
587 192
587 191
587 190
587 189
587 188
537 122
538 122
539 122
540 122
541 122
542 122
543 122
544 122
545 122
546 122
547 122
548 122
549 122
550 122
551 122
552 121
553 120
554 119
555 118
556 117
557 116
558 116
559 116
560 116
561 116
562 116
563 116
564 116
565 116
564 115
563 114
562 113
561 112
560 111
559 110
558 109
557 108
556 107
566 115
567 114
568 113
569 112
570 111
571 110
571 109
571 108
571 107
632 201
631 200
630 199
629 198
629 197
629 196
629 195
629 194
629 193
629 192
629 191
629 190
629 189
629 188
629 187
628 186
628 185
628 184
628 183
628 182
628 181
628 180
628 179
628 178
628 177
628 176
628 175
628 174
628 173
627 172
626 171
626 170
626 169
626 168
626 167
626 166
626 165
351 166
350 166
349 166
348 166
347 166
346 166
345 166
344 166
343 166
342 166
341 166
340 166
339 166
338 166
337 166
336 180
335 179
334 178
333 177
332 176
331 175
330 174
329 173
328 172
327 171
326 170
325 169
324 168
323 167
322 166
586 187
585 186
584 185
583 184
582 183
581 182
581 181
581 180
581 179
581 178
581 177
581 176
581 175
581 174
581 173
336 181
335 181
334 181
333 181
332 181
331 181
330 181
329 181
328 181
327 181
326 181
325 181
324 181
323 181
322 181
566 117
567 118
568 119
569 120
570 121
571 122
572 122
573 122
574 122
575 122
576 122
577 122
578 122
579 122
580 122
625 164
624 163
623 162
622 161
621 160
620 159
619 158
618 157
617 156
616 155
615 154
614 154
613 154
612 154
611 154
610 153
609 152
608 151
607 150
606 149
605 148
604 148
603 148
602 148
601 148
600 148
599 148
598 148
597 149
596 150
595 151
594 152
593 152
592 152
591 152
590 152
626 164
626 163
626 162
626 161
626 160
626 159
626 158
626 157
626 156
626 155
626 154
626 153
626 152
626 151
626 150
572 106
573 105
574 104
575 103
576 103
577 103
578 103
579 103
580 103
581 103
582 103
583 103
584 103
585 103
586 103
627 164
628 163
629 162
630 161
631 160
632 159
633 158
634 157
635 156
636 155
637 155
638 155
639 155
640 155
641 155
582 172
583 171
584 170
585 169
586 168
587 167
588 167
589 167
590 167
591 167
592 167
593 167
594 167
595 167
596 167
581 123
581 124
581 125
581 126
581 127
581 128
581 129
581 130
581 131
581 132
581 133
581 134
581 135
581 136
581 137
580 172
579 171
578 170
577 169
576 168
575 167
575 166
575 165
575 164
575 163
575 162
575 161
575 160
575 159
575 158
581 121
582 120
583 119
584 118
585 118
586 118
587 118
588 118
589 118
590 118
591 118
592 118
593 118
594 118
595 118
596 117
597 116
598 115
599 114
600 113
601 112
602 111
602 110
602 109
602 108
602 107
597 147
596 146
596 145
596 144
596 143
596 142
596 141
596 140
596 139
596 138
596 137
596 136
596 135
596 134
596 133
625 149
624 148
623 147
622 146
622 145
622 144
622 143
622 142
622 141
622 140
622 139
622 138
622 137
622 136
622 135
623 134
624 133
625 132
626 132
627 132
628 132
629 132
630 132
631 132
632 132
633 132
634 133
635 134
636 135
637 136
638 137
639 138
640 139
641 140
237 363
236 364
235 365
234 366
233 366
232 366
231 366
230 366
229 366
228 366
227 366
226 366
225 366
224 366
223 366
222 366
244 196
245 195
245 194
245 193
245 192
245 191
245 190
245 189
245 188
245 187
245 186
245 185
245 184
245 183
245 182
245 181
244 181
243 181
242 181
241 181
240 181
239 181
238 181
237 181
236 181
235 181
234 181
233 181
232 181
231 181
230 181
229 181
228 181
227 181
226 181
225 181
224 181
223 181
222 181
221 181
166 383
167 382
168 382
169 382
170 382
171 382
172 382
173 382
174 382
175 382
176 382
177 382
178 382
179 382
180 382
181 382
182 382
183 382
184 382
185 382
186 382
187 382
188 382
189 382
190 382
191 382
192 382
193 382
194 382
195 382
196 382
181 383
181 384
181 385
181 386
181 387
181 388
181 389
181 390
181 391
181 392
181 393
181 394
181 395
181 396
181 397
182 397
183 397
184 397
185 397
186 397
187 397
188 397
189 397
190 397
191 397
192 397
197 382
198 382
199 382
200 382
201 382
202 382
203 382
204 382
205 382
206 382
207 382
208 382
209 382
210 382
211 382
212 383
213 383
214 383
215 383
216 383
217 383
218 383
219 383
220 383
221 383
222 383
223 383
224 383
225 383
226 383
227 383
228 383
229 383
230 383
231 383
232 383
233 383
234 383
235 383
236 383
237 383
238 383
239 383
240 383
240 384
240 385
240 386
240 387
240 388
240 389
240 390
240 391
240 392
240 393
240 394
240 395
240 396
240 397
240 398
241 398
242 398
243 398
244 398
245 398
246 398
247 398
248 398
249 398
250 398
251 398
252 398
253 398
254 398
255 397
255 396
255 395
255 394
255 393
255 392
255 391
255 390
255 389
255 388
255 387
255 386
255 385
255 384
255 383
256 383
257 383
258 383
259 383
260 383
261 383
262 383
263 383
264 383
265 383
266 383
267 383
268 383
269 383
270 383
271 383
272 383
273 383
274 383
275 383
276 383
277 383
278 383
279 383
280 383
281 383
270 384
270 385
270 386
270 387
270 388
270 389
270 390
270 391
270 392
270 393
270 394
270 395
270 396
270 397
270 398
271 399
272 400
273 400
274 400
275 400
276 400
277 400
278 400
279 400
280 400
281 400
304 436
305 437
305 438
305 439
305 440
305 441
305 442
305 443
305 444
305 445
305 446
305 447
305 448
305 449
305 450
305 451
306 452
307 453
308 454
309 455
310 456
311 457
312 458
313 459
331 379
331 380
331 381
331 382
331 383
331 384
331 385
331 386
331 387
331 388
331 389
331 390
331 391
331 392
331 393
331 394
86 142
85 141
84 140
83 139
82 138
81 137
80 137
79 137
78 137
77 137
76 137
75 137
74 137
73 137
72 137
71 137
70 138
69 139
68 140
67 141
67 142
67 143
67 144
67 145
67 146
67 147
67 148
67 149
67 150
67 151
67 152
66 153
65 154
64 155
63 156
62 157
61 158
60 159
59 160
58 160
57 160
56 160
55 160
54 159
53 158
53 157
53 156
53 155
53 154
53 153
53 152
53 151
53 150
53 149
53 148
391 480
390 479
389 478
388 477
387 476
386 475
385 474
384 473
383 473
382 473
381 473
380 473
379 473
378 473
377 473
376 473
375 474
374 475
373 476
372 477
371 478
370 479
369 480
368 481
367 482
366 483
365 484
365 485
365 486
366 487
367 488
368 488
369 488
370 488
371 488
372 488
373 488
374 488
375 488
376 488
375 489
374 490
373 491
372 492
371 493
370 494
369 495
368 496
367 497
366 498
365 499
365 500
365 501
366 502
367 503
368 504
369 505
370 505
371 505
372 505
373 505
374 505
375 505
376 505
364 502
363 503
362 504
361 505
360 506
359 507
358 508
357 509
356 510
355 511
354 512
353 513
352 513
52 149
51 150
50 151
49 152
48 153
47 154
46 155
45 156
44 157
43 158
42 158
41 158
40 158
39 158
38 158
375 472
374 471
373 471
372 471
371 471
370 471
369 471
368 471
367 471
366 471
365 471
364 471
363 471
362 471
361 471
362 470
363 469
364 468
365 467
366 466
367 465
368 464
369 463
369 462
369 461
369 460
369 459
369 458
364 487
363 488
362 489
361 490
360 491
359 492
358 493
357 494
356 495
355 496
354 497
353 498
352 498
351 498
350 498
360 470
359 469
358 468
357 467
356 466
355 465
354 464
354 463
354 462
354 461
354 460
354 459
354 458
354 457
354 456
360 472
359 473
358 474
357 475
356 476
355 477
354 478
353 479
352 480
351 481
350 482
349 483
348 483
347 483
346 483
349 498
348 498
347 498
346 498
345 498
344 498
343 498
342 498
341 498
340 498
339 498
338 498
337 498
336 498
335 498
334 499
333 500
332 501
332 502
332 503
332 504
332 505
332 506
332 507
332 508
353 457
352 458
351 459
350 460
349 461
348 462
347 463
346 464
345 465
344 466
343 467
342 468
341 468
340 468
339 468
334 497
333 496
332 495
331 494
331 493
331 492
331 491
331 490
331 489
331 488
331 487
331 486
331 485
331 484
331 483
128 119
129 118
130 117
131 116
132 115
133 114
134 113
135 112
136 111
137 110
138 109
139 108
140 107
141 107
142 107
143 107
143 108
143 109
143 110
143 111
143 112
143 113
143 114
143 115
143 116
143 117
143 118
143 119
143 120
143 121
143 122
330 482
329 481
328 481
327 481
326 481
325 481
324 481
323 481
322 481
321 481
320 481
319 481
318 481
317 481
316 481
315 480
314 479
313 478
312 477
311 476
310 476
309 476
308 476
315 482
314 483
313 484
312 485
311 486
310 487
309 488
308 489
308 490
308 491
144 107
145 107
146 107
147 107
148 107
149 107
150 107
151 107
152 107
153 107
154 107
155 107
156 107
157 107
158 107
144 108
145 109
146 110
147 111
148 112
149 113
150 114
151 115
152 116
153 117
154 118
155 119
156 120
157 121
158 122
307 476
306 476
305 476
304 476
303 476
302 476
301 476
300 476
299 476
298 476
297 476
296 476
295 476
294 476
293 476
307 491
306 491
305 491
304 491
303 491
302 491
301 491
300 491
299 491
298 491
297 491
296 491
295 491
294 491
293 491
159 108
160 109
161 110
162 111
163 112
164 113
165 114
166 115
167 116
168 117
169 118
170 119
171 120
172 121
173 122
159 121
160 120
161 119
162 118
163 117
164 116
165 115
166 114
167 113
168 112
169 111
170 110
171 109
172 108
173 107
174 121
175 120
176 119
177 118
178 117
179 116
180 115
181 114
182 113
183 112
184 111
185 110
186 109
187 108
188 107
174 122
175 122
176 122
177 122
178 122
179 122
180 122
181 122
182 122
183 122
184 122
185 122
186 122
187 122
188 122
189 107
190 107
191 107
192 107
193 107
194 107
195 107
196 107
197 107
198 107
199 107
200 107
201 107
202 107
203 107
189 108
190 109
191 110
192 111
193 112
194 113
195 114
196 115
197 116
198 117
199 118
200 119
201 120
202 121
203 122
204 107
205 107
206 107
207 107
208 107
209 107
210 107
211 107
212 107
213 107
214 107
215 107
216 107
217 107
218 107
204 108
205 109
206 110
207 111
208 112
209 113
210 114
211 115
212 116
213 117
214 118
215 119
216 120
217 121
218 122
219 107
220 107
221 107
222 107
223 107
224 107
225 107
226 107
227 107
228 107
229 107
230 107
231 107
232 107
233 107
219 108
220 109
221 110
222 111
223 112
224 113
225 114
226 115
227 116
228 117
229 118
230 119
231 120
232 121
233 122
234 107
235 107
236 107
237 107
238 107
239 107
240 107
241 107
242 107
243 107
244 107
245 107
246 107
247 107
248 107
234 108
235 109
236 110
237 111
238 112
239 113
240 114
241 115
242 116
243 117
244 118
245 119
246 120
247 121
248 122
249 107
250 107
251 107
252 107
253 107
254 107
255 107
256 107
257 107
258 107
259 107
260 107
261 107
262 107
263 107
249 108
250 109
251 110
252 111
253 112
254 113
255 114
256 115
257 116
258 117
259 118
260 119
261 120
262 121
263 122
264 107
265 107
266 107
267 107
268 107
269 107
270 107
271 107
272 107
273 107
274 107
275 107
276 107
277 107
278 107
264 108
265 109
266 110
267 111
268 112
269 113
270 114
271 115
272 116
273 117
274 118
275 119
276 120
277 121
278 122
120 326
121 327
122 328
123 329
124 330
125 331
126 332
127 333
128 334
129 335
130 336
131 337
132 338
133 339
133 340
133 341
133 342
132 343
131 343
130 343
129 343
128 343
127 343
126 343
125 343
124 343
123 343
122 343
121 343
120 343
119 343
118 343
394 419
395 418
396 417
397 416
398 415
399 414
400 413
401 412
402 411
403 410
404 409
404 408
404 407
404 406
404 405
404 404
404 403
117 343
116 343
115 343
114 343
113 343
112 343
111 343
110 343
109 343
108 343
107 343
106 343
105 343
104 343
103 343
105 220
104 219
103 218
102 217
101 216
101 215
101 214
101 213
101 212
101 211
101 210
101 209
101 208
101 207
101 206
101 205
101 204
101 203
103 168
102 167
101 166
100 165
99 164
98 163
97 162
96 161
95 160
94 160
93 160
92 160
91 160
90 160
89 160
88 160
87 160
131 391
130 392
129 393
128 394
127 395
126 396
125 397
124 398
124 399
124 400
124 401
124 402
124 403
124 404
124 405
124 406
124 407
123 408
122 409
121 410
120 411
119 412
118 413
117 414
116 415
115 416
115 417
115 418
115 419
115 420
115 421
115 422
114 423
113 424
112 425
111 426
110 427
109 427
108 427
107 427
106 427
116 423
117 424
118 425
119 426
120 427
121 428
122 428
123 428
124 428
125 428
126 428
127 428
128 428
129 428
130 427
131 426
132 425
133 424
134 423
135 422
136 421
137 420
138 419
139 418
128 429
127 430
126 431
125 432
124 433
123 434
122 435
121 436
120 437
120 438
120 439
130 429
131 430
132 431
133 432
134 433
135 434
136 434
137 434
138 434
139 434
140 434
141 434
142 433
143 432
144 431
145 430
146 429
147 428
148 427
149 426
150 425
151 424
152 423
153 422
154 421
155 420
156 420
157 420
158 421
159 421
160 421
161 421
162 421
163 421
164 421
165 421
166 421
167 421
168 421
169 421
170 421
171 421
172 421
157 421
157 422
157 423
157 424
157 425
157 426
157 427
157 428
157 429
157 430
157 431
157 432
157 433
157 434
157 435
173 421
174 421
175 421
176 421
177 421
178 421
179 421
180 421
181 421
182 421
183 421
184 421
185 421
186 421
187 421
172 422
172 423
172 424
172 425
172 426
172 427
172 428
172 429
172 430
172 431
172 432
172 433
172 434
172 435
172 436
173 422
174 423
175 424
176 425
177 426
178 427
179 428
180 429
181 430
182 431
183 432
184 433
185 434
186 435
187 436
188 422
189 423
190 424
191 425
192 426
193 427
194 428
195 429
196 430
197 431
198 432
199 433
200 434
201 435
202 436
203 435
204 434
205 433
206 432
207 431
208 430
209 429
210 428
211 427
212 426
213 425
214 424
215 423
216 422
217 421
188 421
189 421
190 421
191 421
192 421
193 421
194 421
195 421
196 421
197 421
198 421
199 421
200 421
201 421
202 421
203 436
204 436
205 436
206 436
207 436
208 436
209 436
210 436
211 436
212 436
213 436
214 436
215 436
216 436
217 436
218 422
219 423
220 424
221 425
222 426
223 427
224 428
225 429
226 430
227 431
228 432
229 433
230 434
231 435
232 435
232 434
232 433
232 432
232 431
232 430
232 429
232 428
232 427
232 426
232 425
232 424
232 423
232 422
233 435
234 435
235 435
236 435
237 435
238 435
239 435
240 435
241 435
242 435
243 435
244 435
245 435
246 435
247 435
247 434
247 433
247 432
247 431
247 430
247 429
247 428
247 427
247 426
247 425
247 424
247 423
247 422
248 435
249 435
250 435
251 435
252 435
253 435
254 435
255 435
256 435
257 435
258 435
259 435
260 435
261 435
262 435
262 434
262 433
262 432
262 431
262 430
262 429
262 428
262 427
262 426
262 425
262 424
262 423
262 422
263 422
264 422
265 422
266 422
267 422
268 422
269 422
270 422
271 422
272 422
273 422
274 422
275 422
276 422
277 422
278 423
279 424
280 425
281 426
282 427
283 428
284 429
284 430
284 431
284 432
284 433
284 434
284 435
57 269
58 270
59 271
60 272
60 273
60 274
60 275
60 276
60 277
60 278
60 279
60 280
60 281
60 282
60 283
60 284
60 285
87 400
86 399
85 398
84 397
83 396
82 395
81 394
80 393
79 392
78 391
77 390
76 389
75 388
74 388
73 388
72 388
71 388
70 388
69 388
68 388
67 389
66 390
65 391
64 392
63 393
62 394
61 395
60 396
59 397
58 398
57 399
56 400
55 400
54 399
53 398
52 397
51 396
51 395
51 394
51 393
51 392
51 391
50 390
49 389
48 388
47 387
46 386
45 385
44 384
43 383
42 382
41 381
56 401
57 402
58 403
59 403
60 403
61 403
62 403
63 403
64 403
65 403
66 403
67 403
68 403
71 323
70 322
69 321
68 320
67 319
66 318
65 317
64 316
63 315
62 314
61 313
60 312
60 311
60 310
60 309
60 308
60 307
832
20 209
21 325
23 182
25 359
49 358
50 183
51 391
53 148
60 234
60 253
60 285
60 307
64 358
65 183
79 358
80 183
87 143
87 160
91 221
91 252
91 267
91 282
91 310
94 361
95 184
101 203
103 343
103 390
104 144
106 159
106 221
106 256
106 271
106 286
106 310
106 427
107 109
107 325
109 361
110 183
117 124
118 343
119 139
121 154
121 220
121 257
121 272
121 287
121 310
122 105
124 360
124 407
125 183
126 203
132 375
132 390
133 342
136 251
136 266
136 281
136 310
139 360
141 203
143 107
143 122
151 186
151 228
151 261
151 276
151 310
152 374
152 389
153 325
153 340
154 291
154 355
155 243
156 146
156 161
156 201
157 420
157 435
158 107
158 122
166 187
166 258
166 273
168 313
169 288
170 231
172 421
172 436
173 107
173 122
181 245
181 260
181 362
181 382
181 397
183 142
183 157
183 181
183 206
183 303
183 318
183 344
184 275
185 221
187 421
187 436
188 107
188 122
196 236
196 251
198 159
198 197
198 290
198 305
198 320
198 335
199 266
200 212
202 421
202 436
203 107
203 122
211 227
211 242
213 159
213 197
213 281
213 296
213 311
213 326
213 341
214 257
215 212
217 421
217 436
218 107
218 122
226 227
226 242
228 159
228 197
228 272
228 287
228 302
228 317
228 332
229 257
230 212
232 422
233 107
233 122
238 347
238 362
240 383
240 398
241 227
241 242
243 159
243 197
243 272
243 287
243 302
243 317
243 332
244 257
245 212
247 422
248 107
248 122
255 383
256 227
256 242
258 159
258 197
258 272
258 287
258 302
258 317
258 332
259 257
260 212
261 181
262 422
263 107
263 122
267 347
270 383
270 398
271 227
271 242
273 158
273 197
273 272
273 287
273 302
273 317
273 332
274 143
274 257
275 212
277 422
278 107
278 122
280 362
282 347
286 56
286 234
288 272
288 287
288 302
289 249
291 71
293 476
293 491
300 86
300 139
300 154
300 169
300 184
300 199
300 214
300 317
300 332
301 49
301 111
301 229
303 264
303 279
303 294
303 420
304 244
305 451
306 64
308 476
308 491
315 142
315 309
316 112
318 259
318 274
318 289
318 420
319 232
320 324
320 339
322 166
322 181
322 203
322 218
330 142
330 304
331 112
331 394
331 483
332 59
332 363
333 247
333 262
333 277
333 418
334 233
335 319
335 334
335 498
336 39
337 166
337 181
337 202
337 217
339 74
339 468
345 143
345 292
346 112
346 483
347 54
347 362
347 377
348 248
348 263
348 278
348 418
349 232
350 307
350 322
350 337
350 498
351 36
352 167
352 182
352 203
352 218
353 392
354 69
354 84
354 456
360 293
361 113
361 471
362 51
362 361
362 376
363 247
363 262
363 277
363 419
364 233
365 308
365 323
365 338
365 486
365 501
367 168
367 183
367 204
367 219
369 66
369 81
372 396
374 144
375 292
376 114
377 359
378 248
378 263
378 278
378 411
378 426
379 234
380 307
380 322
382 175
382 212
388 190
389 143
390 293
391 114
392 59
392 354
392 481
393 249
393 264
393 279
393 420
394 227
395 308
395 323
395 435
395 450
396 74
396 89
403 180
403 195
404 143
405 294
406 104
407 50
407 344
407 477
407 492
408 246
408 261
408 276
410 422
410 437
411 65
414 210
419 330
421 107
422 345
423 225
425 422
425 437
426 314
429 197
429 240
430 143
430 300
430 394
431 122
432 158
432 255
432 379
433 173
433 270
433 285
433 360
434 329
436 107
437 344
438 212
440 419
440 434
441 315
444 193
445 300
446 122
447 243
448 268
451 107
452 339
455 420
455 435
459 193
460 224
460 296
460 311
461 122
462 239
463 254
463 269
466 107
467 339
469 177
470 354
470 420
470 435
471 143
472 399
474 192
475 224
475 295
475 310
476 122
477 239
478 268
481 107
482 339
484 176
485 354
485 420
485 435
486 142
487 399
489 191
489 206
490 224
490 300
490 315
491 122
492 239
493 267
496 107
497 339
499 176
500 354
500 421
500 436
501 142
502 400
504 191
504 206
504 282
505 224
505 301
505 316
506 122
507 239
508 262
511 107
512 339
514 176
515 354
515 421
515 436
519 194
519 277
520 224
520 292
520 307
520 322
521 122
522 239
526 107
527 339
530 354
530 421
530 436
534 194
534 270
535 296
536 122
537 241
539 209
539 224
539 256
539 311
541 107
541 388
542 159
542 326
545 341
545 356
545 421
545 436
549 190
549 271
550 286
551 122
552 239
554 205
554 220
554 254
556 107
560 430
571 107
572 198
573 348
575 158
575 275
575 290
575 305
575 320
575 388
575 430
576 213
576 228
576 243
576 258
580 122
581 137
581 173
581 363
581 403
586 103
586 445
587 188
588 335
590 152
590 273
590 288
590 303
590 318
590 378
590 418
591 203
591 218
591 233
591 248
595 118
596 133
596 167
596 350
596 393
601 433
603 333
605 268
605 306
606 203
606 234
611 154
611 387
618 341
620 268
620 306
621 202
621 234
622 135
623 402
626 150
626 165
626 376
638 391
638 406
641 140
641 155
134 167
442 227
514 369
88 377
113 236
136 225
411 80
489 369
196 382
405 365
377 374
628 356
468 369
552 301
91 325
162 216
211 382
403 125
302 347
408 459
443 403
134 146
357 434
366 36
71 137
134 325
164 399
380 337
422 53
597 365
605 283
284 435
556 385
629 187
522 254
252 347
625 283
165 370
450 354
557 159
304 126
312 79
303 369
377 52
164 172
198 350
376 473
38 158
225 383
49 330
91 234
168 340
232 435
247 435
254 398
262 435
282 182
332 125
474 205
49 207
303 435
347 125
352 513
598 408
514 404
602 107
332 378
193 365
303 397
41 381
478 253
625 320
119 167
168 142
369 458
404 403
356 148
443 388
453 206
602 253
314 49
442 142
183 288
390 369
602 189
552 316
62 200
62 338
88 401
443 371
514 384
558 348
21 340
165 384
362 125
527 156
448 282
463 281
129 428
312 94
393 465
512 145
120 439
281 400
313 459
455 160
72 324
415 150
119 325
223 349
623 414
353 404
354 21
625 249
68 403
127 120
573 333
318 244
354 98
35 333
166 355
377 129
456 402
468 162
605 318
67 152
136 184
192 397
196 143
233 181
245 181
258 143
264 362
281 383
333 429
455 143
455 384
475 321
519 205
548 373
602 218
136 292
646 383
103 373
128 233
416 498
422 68
489 279
72 214
183 329
35 215
526 386
547 172
633 342
282 162
33 176
624 219
193 180
376 488
407 308
414 195
68 388
441 178
501 161
513 161
546 145
141 434
208 144
233 144
490 384
73 339
115 422
220 143
285 201
306 382
442 157
460 321
489 157
500 369
404 231
330 289
285 316
184 191
535 281
411 171
335 348
317 64
318 435
467 384
478 161
478 384
501 385
245 144
553 331
560 270
72 198
165 157
204 181
204 359
318 371
416 477
91 291
55 160
73 268
100 130
377 37
628 298
633 202
163 302
283 219
586 430
623 387
633 270
40 352
117 385
222 366
376 505
545 406
168 201
447 254
139 418
633 234
292 41
474 280
55 400
198 275
213 266
282 142
575 373
590 261
56 268
609 349
430 407
598 148
413 286
524 404
15 194
72 229
72 244
84 340
221 181
250 362
281 331
332 508
388 125
575 418
604 423
163 325
409 374
35 200
298 96
104 169
316 481
423 210
149 213
523 141
628 173
633 132
269 174
565 116
408 92
149 400
