83
65 34
71 56
71 108
86 34
92 56
92 108
107 34
128 34
136 56
136 108
149 34
157 56
157 108
170 34
181 55
181 76
181 97
181 118
204 52
204 73
204 94
204 115
112 143
172 143
51 86
48 128
112 86
69 143
90 143
133 143
48 51
48 107
112 55
112 107
151 143
28 63
28 84
28 105
71 77
92 77
136 77
157 77
93 123
158 123
31 126
71 123
136 123
72 86
133 86
154 86
192 132
91 86
112 122
48 65
186 40
31 42
112 66
205 126
54 140
167 93
52 38
171 129
183 143
103 56
168 56
215 52
215 73
215 94
101 143
197 41
82 123
103 71
103 102
147 123
168 71
168 102
181 28
215 105
39 40
55 151
36 137
42 139
54 28
